2026-01-15 21:23:51.526 [info] Using Cloud Code URL: https://daily-cloudcode-pa.googleapis.com
2026-01-15 21:23:51.526 [info] [BrowserOnboardingClientMainService] Starting browser onboarding server
2026-01-15 21:23:51.526 [info] [BrowserOnboardingClientServer] Browser onboarding server started on http://localhost:58192
2026-01-15 21:23:51.526 [info] update#setState idle
2026-01-15 21:23:52.553 [error] Error: invalid_grant
    at Gaxios._request (C:\Users\Admin\AppData\Local\Programs\Antigravity\resources\app\node_modules\gaxios\build\cjs\src\gaxios.js:154:23)
    at process.processTicksAndRejections (node:internal/process/task_queues:105:5)
    at async OAuth2Client.refreshTokenNoCache (C:\Users\Admin\AppData\Local\Programs\Antigravity\resources\app\node_modules\google-auth-library\build\src\auth\oauth2client.js:259:19)
2026-01-15 21:23:52.558 [error] Error initializing AntigravityAuthMainService: invalid_grant
2026-01-15 21:23:54.898 [error] Failed to fetch NUXes: invalid_grant
2026-01-15 21:23:57.923 [error] Failed to fetch NUXes: invalid_grant
2026-01-15 21:24:00.929 [error] Failed to fetch NUXes: invalid_grant
2026-01-15 21:24:03.927 [error] Failed to fetch NUXes: invalid_grant
2026-01-15 21:24:06.940 [error] Failed to fetch NUXes: invalid_grant
2026-01-15 21:24:09.942 [error] Failed to fetch NUXes: invalid_grant
2026-01-15 21:24:10.633 [warning] No ptyHost heartbeat after 6 seconds
2026-01-15 21:24:12.951 [error] Failed to fetch NUXes: invalid_grant
2026-01-15 21:24:15.972 [error] Failed to fetch NUXes: invalid_grant
2026-01-15 21:24:18.961 [error] Failed to fetch NUXes: invalid_grant
2026-01-15 21:24:21.521 [info] update#setState checking for updates
2026-01-15 21:24:21.776 [info] update#setState idle
2026-01-15 21:24:21.973 [error] Failed to fetch NUXes: invalid_grant
2026-01-15 21:24:24.970 [error] Failed to fetch NUXes: invalid_grant
2026-01-15 21:24:27.978 [error] Failed to fetch NUXes: invalid_grant
2026-01-15 21:24:30.995 [error] Failed to fetch NUXes: invalid_grant
2026-01-15 21:24:33.998 [error] Failed to fetch NUXes: invalid_grant
2026-01-15 21:24:36.996 [error] Failed to fetch NUXes: invalid_grant
2026-01-15 21:24:40.018 [error] Failed to fetch NUXes: invalid_grant
2026-01-15 21:24:43.015 [error] Failed to fetch NUXes: invalid_grant
2026-01-15 21:24:46.025 [error] Failed to fetch NUXes: invalid_grant
2026-01-15 21:24:49.028 [error] Failed to fetch NUXes: invalid_grant
2026-01-15 21:24:52.037 [error] Failed to fetch NUXes: invalid_grant
2026-01-15 21:24:55.038 [error] Failed to fetch NUXes: invalid_grant
2026-01-15 21:24:58.047 [error] Failed to fetch NUXes: invalid_grant
2026-01-15 21:25:01.046 [error] Failed to fetch NUXes: invalid_grant
2026-01-15 21:25:04.071 [error] Failed to fetch NUXes: invalid_grant
2026-01-15 21:25:07.087 [error] Failed to fetch NUXes: invalid_grant
2026-01-15 21:25:10.079 [error] Failed to fetch NUXes: invalid_grant
2026-01-15 21:25:13.098 [error] Failed to fetch NUXes: invalid_grant
2026-01-15 21:25:16.088 [error] Failed to fetch NUXes: invalid_grant
2026-01-15 21:25:19.098 [error] Failed to fetch NUXes: invalid_grant
2026-01-15 21:25:22.096 [error] Failed to fetch NUXes: invalid_grant
2026-01-15 21:25:25.109 [error] Failed to fetch NUXes: invalid_grant
2026-01-15 21:25:28.109 [error] Failed to fetch NUXes: invalid_grant
2026-01-15 21:25:31.129 [error] Failed to fetch NUXes: invalid_grant
2026-01-15 21:25:34.151 [error] Failed to fetch NUXes: invalid_grant
2026-01-15 21:25:37.152 [error] Failed to fetch NUXes: invalid_grant
2026-01-15 21:25:40.173 [error] Failed to fetch NUXes: invalid_grant
2026-01-15 21:25:43.159 [error] Failed to fetch NUXes: invalid_grant
2026-01-15 21:25:46.161 [error] Failed to fetch NUXes: invalid_grant
2026-01-15 21:25:49.178 [error] Failed to fetch NUXes: invalid_grant
2026-01-15 21:25:52.208 [error] Failed to fetch NUXes: invalid_grant
2026-01-15 21:25:55.193 [error] Failed to fetch NUXes: invalid_grant
2026-01-15 21:25:58.204 [error] Failed to fetch NUXes: invalid_grant
2026-01-15 21:26:01.201 [error] Failed to fetch NUXes: invalid_grant
2026-01-15 21:26:04.205 [error] Failed to fetch NUXes: invalid_grant
2026-01-15 21:26:07.216 [error] Failed to fetch NUXes: invalid_grant
2026-01-15 21:26:10.235 [error] Failed to fetch NUXes: invalid_grant
2026-01-15 21:26:13.229 [error] Failed to fetch NUXes: invalid_grant
2026-01-15 21:26:16.241 [error] Failed to fetch NUXes: invalid_grant
2026-01-15 21:26:19.269 [error] Failed to fetch NUXes: invalid_grant
2026-01-15 21:26:22.241 [error] Failed to fetch NUXes: invalid_grant
2026-01-15 21:26:25.253 [error] Failed to fetch NUXes: invalid_grant
2026-01-15 21:26:28.257 [error] Failed to fetch NUXes: invalid_grant
2026-01-15 21:26:31.270 [error] Failed to fetch NUXes: invalid_grant
2026-01-15 21:26:34.275 [error] Failed to fetch NUXes: invalid_grant
2026-01-15 21:26:37.291 [error] Failed to fetch NUXes: invalid_grant
2026-01-15 21:26:40.315 [error] Failed to fetch NUXes: invalid_grant
2026-01-15 21:26:43.313 [error] Failed to fetch NUXes: invalid_grant
2026-01-15 21:26:46.311 [error] Failed to fetch NUXes: invalid_grant
2026-01-15 21:26:49.478 [error] Failed to fetch NUXes: invalid_grant
2026-01-15 21:26:52.318 [error] Failed to fetch NUXes: invalid_grant
2026-01-15 21:26:55.370 [error] Failed to fetch NUXes: invalid_grant
2026-01-15 21:26:58.346 [error] Failed to fetch NUXes: invalid_grant
2026-01-15 21:27:01.337 [error] Failed to fetch NUXes: invalid_grant
2026-01-15 21:27:04.470 [error] Failed to fetch NUXes: invalid_grant
2026-01-15 21:27:07.379 [error] Failed to fetch NUXes: invalid_grant
2026-01-15 21:27:10.399 [error] Failed to fetch NUXes: invalid_grant
2026-01-15 21:27:13.411 [error] Failed to fetch NUXes: invalid_grant
2026-01-15 21:27:16.429 [error] Failed to fetch NUXes: invalid_grant
2026-01-15 21:27:19.411 [error] Failed to fetch NUXes: invalid_grant
2026-01-15 21:27:22.425 [error] Failed to fetch NUXes: invalid_grant
2026-01-15 21:27:25.505 [error] Failed to fetch NUXes: invalid_grant
2026-01-15 21:27:28.431 [error] Failed to fetch NUXes: invalid_grant
2026-01-15 21:27:31.447 [error] Failed to fetch NUXes: invalid_grant
2026-01-15 21:27:34.449 [error] Failed to fetch NUXes: invalid_grant
2026-01-15 21:27:37.457 [error] Failed to fetch NUXes: invalid_grant
2026-01-15 21:27:40.480 [error] Failed to fetch NUXes: invalid_grant
2026-01-15 21:27:43.479 [error] Failed to fetch NUXes: invalid_grant
2026-01-15 21:27:46.477 [error] Failed to fetch NUXes: invalid_grant
2026-01-15 21:27:49.483 [error] Failed to fetch NUXes: invalid_grant
2026-01-15 21:27:52.487 [error] Failed to fetch NUXes: invalid_grant
2026-01-15 21:27:55.518 [error] Failed to fetch NUXes: invalid_grant
2026-01-15 21:27:58.503 [error] Failed to fetch NUXes: invalid_grant
2026-01-15 21:28:01.510 [error] Failed to fetch NUXes: invalid_grant
2026-01-15 21:28:04.515 [error] Failed to fetch NUXes: invalid_grant
2026-01-15 21:28:07.540 [error] Failed to fetch NUXes: invalid_grant
2026-01-15 21:28:10.529 [error] Failed to fetch NUXes: invalid_grant
2026-01-15 21:28:13.544 [error] Failed to fetch NUXes: invalid_grant
2026-01-15 21:28:16.550 [error] Failed to fetch NUXes: invalid_grant
2026-01-15 21:28:19.550 [error] Failed to fetch NUXes: invalid_grant
2026-01-15 21:28:22.553 [error] Failed to fetch NUXes: invalid_grant
2026-01-15 21:28:25.551 [error] Failed to fetch NUXes: invalid_grant
2026-01-15 21:28:28.581 [error] Failed to fetch NUXes: invalid_grant
2026-01-15 21:28:31.569 [error] Failed to fetch NUXes: invalid_grant
2026-01-15 21:28:34.578 [error] Failed to fetch NUXes: invalid_grant
2026-01-15 21:28:37.578 [error] Failed to fetch NUXes: invalid_grant
2026-01-15 21:28:40.583 [error] Failed to fetch NUXes: invalid_grant
2026-01-15 21:28:43.598 [error] Failed to fetch NUXes: invalid_grant
2026-01-15 21:28:46.611 [error] Failed to fetch NUXes: invalid_grant
2026-01-15 21:28:49.667 [error] Failed to fetch NUXes: invalid_grant
2026-01-15 21:28:52.626 [error] Failed to fetch NUXes: invalid_grant
2026-01-15 21:28:55.644 [error] Failed to fetch NUXes: invalid_grant
2026-01-15 21:28:58.643 [error] Failed to fetch NUXes: invalid_grant
2026-01-15 21:29:01.654 [error] Failed to fetch NUXes: invalid_grant
2026-01-15 21:29:04.669 [error] Failed to fetch NUXes: invalid_grant
2026-01-15 21:29:07.680 [error] Failed to fetch NUXes: invalid_grant
2026-01-15 21:29:10.687 [error] Failed to fetch NUXes: invalid_grant
2026-01-15 21:29:13.703 [error] Failed to fetch NUXes: invalid_grant
2026-01-15 21:29:16.721 [error] Failed to fetch NUXes: invalid_grant
2026-01-15 21:29:19.723 [error] Failed to fetch NUXes: invalid_grant
2026-01-15 21:29:22.731 [error] Failed to fetch NUXes: invalid_grant
2026-01-15 21:29:25.749 [error] Failed to fetch NUXes: invalid_grant
2026-01-15 21:29:28.774 [error] Failed to fetch NUXes: invalid_grant
2026-01-15 21:29:31.753 [error] Failed to fetch NUXes: invalid_grant
2026-01-15 21:29:34.769 [error] Failed to fetch NUXes: invalid_grant
2026-01-15 21:29:37.769 [error] Failed to fetch NUXes: invalid_grant
2026-01-15 21:29:40.868 [error] Failed to fetch NUXes: invalid_grant
2026-01-15 21:29:43.774 [error] Failed to fetch NUXes: invalid_grant
2026-01-15 21:29:46.782 [error] Failed to fetch NUXes: invalid_grant
2026-01-15 21:29:49.928 [error] Failed to fetch NUXes: invalid_grant
2026-01-15 21:29:52.799 [error] Failed to fetch NUXes: invalid_grant
2026-01-15 21:29:55.810 [error] Failed to fetch NUXes: invalid_grant
2026-01-15 21:29:58.825 [error] Failed to fetch NUXes: invalid_grant
2026-01-15 21:30:01.829 [error] Failed to fetch NUXes: invalid_grant
2026-01-15 21:30:04.832 [error] Failed to fetch NUXes: invalid_grant
2026-01-15 21:30:07.837 [error] Failed to fetch NUXes: invalid_grant
2026-01-15 21:30:10.846 [error] Failed to fetch NUXes: invalid_grant
2026-01-15 21:30:13.893 [error] Failed to fetch NUXes: invalid_grant
2026-01-15 21:30:16.906 [error] Failed to fetch NUXes: invalid_grant
2026-01-15 21:30:19.911 [error] Failed to fetch NUXes: invalid_grant
2026-01-15 21:30:22.930 [error] Failed to fetch NUXes: invalid_grant
2026-01-15 21:30:25.941 [error] Failed to fetch NUXes: invalid_grant
2026-01-15 21:30:28.939 [error] Failed to fetch NUXes: invalid_grant
2026-01-15 21:30:31.947 [error] Failed to fetch NUXes: invalid_grant
2026-01-15 21:30:34.956 [error] Failed to fetch NUXes: invalid_grant
2026-01-15 21:30:37.952 [error] Failed to fetch NUXes: invalid_grant
2026-01-15 21:30:40.969 [error] Failed to fetch NUXes: invalid_grant
2026-01-15 21:30:43.975 [error] Failed to fetch NUXes: invalid_grant
2026-01-15 21:30:46.972 [error] Failed to fetch NUXes: invalid_grant
2026-01-15 21:30:49.990 [error] Failed to fetch NUXes: invalid_grant
2026-01-15 21:30:52.997 [error] Failed to fetch NUXes: invalid_grant
2026-01-15 21:30:55.990 [error] Failed to fetch NUXes: invalid_grant
2026-01-15 21:30:58.998 [error] Failed to fetch NUXes: invalid_grant
2026-01-15 21:31:02.010 [error] Failed to fetch NUXes: invalid_grant
2026-01-15 21:31:05.027 [error] Failed to fetch NUXes: invalid_grant
2026-01-15 21:31:08.037 [error] Failed to fetch NUXes: invalid_grant
2026-01-15 21:31:11.055 [error] Failed to fetch NUXes: invalid_grant
2026-01-15 21:31:14.040 [error] Failed to fetch NUXes: invalid_grant
2026-01-15 21:31:17.061 [error] Failed to fetch NUXes: invalid_grant
2026-01-15 21:31:20.051 [error] Failed to fetch NUXes: invalid_grant
2026-01-15 21:31:23.076 [error] Failed to fetch NUXes: invalid_grant
2026-01-15 21:31:26.081 [error] Failed to fetch NUXes: invalid_grant
2026-01-15 21:31:29.087 [error] Failed to fetch NUXes: invalid_grant
2026-01-15 21:31:32.094 [error] Failed to fetch NUXes: invalid_grant
2026-01-15 21:31:35.102 [error] Failed to fetch NUXes: invalid_grant
2026-01-15 21:31:38.108 [error] Failed to fetch NUXes: invalid_grant
2026-01-15 21:31:41.123 [error] Failed to fetch NUXes: invalid_grant
2026-01-15 21:31:44.137 [error] Failed to fetch NUXes: invalid_grant
2026-01-15 21:31:47.148 [error] Failed to fetch NUXes: invalid_grant
2026-01-15 21:31:50.148 [error] Failed to fetch NUXes: invalid_grant
2026-01-15 21:31:53.151 [error] Failed to fetch NUXes: invalid_grant
2026-01-15 21:31:56.153 [error] Failed to fetch NUXes: invalid_grant
2026-01-15 21:31:59.161 [error] Failed to fetch NUXes: invalid_grant
2026-01-15 21:32:02.173 [error] Failed to fetch NUXes: invalid_grant
2026-01-15 21:32:05.186 [error] Failed to fetch NUXes: invalid_grant
2026-01-15 21:32:08.188 [error] Failed to fetch NUXes: invalid_grant
2026-01-15 21:32:11.243 [error] Failed to fetch NUXes: invalid_grant
2026-01-15 21:32:14.210 [error] Failed to fetch NUXes: invalid_grant
2026-01-15 21:32:17.194 [error] Failed to fetch NUXes: invalid_grant
2026-01-15 21:32:20.231 [error] Failed to fetch NUXes: invalid_grant
2026-01-15 21:32:23.220 [error] Failed to fetch NUXes: invalid_grant
2026-01-15 21:32:26.225 [error] Failed to fetch NUXes: invalid_grant
2026-01-15 21:32:29.226 [error] Failed to fetch NUXes: invalid_grant
2026-01-15 21:32:32.294 [error] Failed to fetch NUXes: invalid_grant
2026-01-15 21:32:35.292 [error] Failed to fetch NUXes: invalid_grant
2026-01-15 21:32:38.305 [error] Failed to fetch NUXes: invalid_grant
2026-01-15 21:32:41.310 [error] Failed to fetch NUXes: invalid_grant
2026-01-15 21:32:44.338 [error] Failed to fetch NUXes: invalid_grant
2026-01-15 21:32:47.337 [error] Failed to fetch NUXes: invalid_grant
2026-01-15 21:32:50.342 [error] Failed to fetch NUXes: invalid_grant
2026-01-15 21:32:53.373 [error] Failed to fetch NUXes: invalid_grant
2026-01-15 21:32:56.359 [error] Failed to fetch NUXes: invalid_grant
2026-01-15 21:32:59.362 [error] Failed to fetch NUXes: invalid_grant
2026-01-15 21:33:02.364 [error] Failed to fetch NUXes: invalid_grant
2026-01-15 21:33:05.367 [error] Failed to fetch NUXes: invalid_grant
2026-01-15 21:33:08.379 [error] Failed to fetch NUXes: invalid_grant
2026-01-15 21:33:11.384 [error] Failed to fetch NUXes: invalid_grant
2026-01-15 21:33:14.396 [error] Failed to fetch NUXes: invalid_grant
2026-01-15 21:33:17.404 [error] Failed to fetch NUXes: invalid_grant
2026-01-15 21:33:20.417 [error] Failed to fetch NUXes: invalid_grant
2026-01-15 21:33:23.437 [error] Failed to fetch NUXes: invalid_grant
2026-01-15 21:33:26.439 [error] Failed to fetch NUXes: invalid_grant
2026-01-15 21:33:29.444 [error] Failed to fetch NUXes: invalid_grant
2026-01-15 21:33:32.460 [error] Failed to fetch NUXes: invalid_grant
2026-01-15 21:33:35.457 [error] Failed to fetch NUXes: invalid_grant
2026-01-15 21:33:38.530 [error] Failed to fetch NUXes: invalid_grant
2026-01-15 21:33:41.482 [error] Failed to fetch NUXes: invalid_grant
2026-01-15 21:33:44.498 [error] Failed to fetch NUXes: invalid_grant
2026-01-15 21:33:47.506 [error] Failed to fetch NUXes: invalid_grant
2026-01-15 21:33:50.510 [error] Failed to fetch NUXes: invalid_grant
2026-01-15 21:33:53.539 [error] Failed to fetch NUXes: invalid_grant
2026-01-15 21:33:56.522 [error] Failed to fetch NUXes: invalid_grant
2026-01-15 21:33:59.538 [error] Failed to fetch NUXes: invalid_grant
2026-01-15 21:34:02.533 [error] Failed to fetch NUXes: invalid_grant
2026-01-15 21:34:05.541 [error] Failed to fetch NUXes: invalid_grant
2026-01-15 21:34:08.583 [error] Failed to fetch NUXes: invalid_grant
2026-01-15 21:34:11.580 [error] Failed to fetch NUXes: invalid_grant
2026-01-15 21:34:14.602 [error] Failed to fetch NUXes: invalid_grant
2026-01-15 21:34:17.599 [error] Failed to fetch NUXes: invalid_grant
2026-01-15 21:34:20.603 [error] Failed to fetch NUXes: invalid_grant
2026-01-15 21:34:23.622 [error] Failed to fetch NUXes: invalid_grant
2026-01-15 21:34:26.620 [error] Failed to fetch NUXes: invalid_grant
2026-01-15 21:34:29.632 [error] Failed to fetch NUXes: invalid_grant
2026-01-15 21:34:32.652 [error] Failed to fetch NUXes: invalid_grant
2026-01-15 21:34:35.650 [error] Failed to fetch NUXes: invalid_grant
2026-01-15 21:34:38.646 [error] Failed to fetch NUXes: invalid_grant
2026-01-15 21:34:41.741 [error] Failed to fetch NUXes: invalid_grant
2026-01-15 21:34:44.665 [error] Failed to fetch NUXes: invalid_grant
2026-01-15 21:34:47.683 [error] Failed to fetch NUXes: invalid_grant
2026-01-15 21:34:50.683 [error] Failed to fetch NUXes: invalid_grant
2026-01-15 21:34:53.708 [error] Failed to fetch NUXes: invalid_grant
2026-01-15 21:34:56.692 [error] Failed to fetch NUXes: invalid_grant
2026-01-15 21:34:59.702 [error] Failed to fetch NUXes: invalid_grant
2026-01-15 21:35:02.711 [error] Failed to fetch NUXes: invalid_grant
2026-01-15 21:35:05.723 [error] Failed to fetch NUXes: invalid_grant
2026-01-15 21:35:08.735 [error] Failed to fetch NUXes: invalid_grant
2026-01-15 21:35:11.728 [error] Failed to fetch NUXes: invalid_grant
2026-01-15 21:35:14.748 [error] Failed to fetch NUXes: invalid_grant
2026-01-15 21:35:17.746 [error] Failed to fetch NUXes: invalid_grant
2026-01-15 21:35:20.760 [error] Failed to fetch NUXes: invalid_grant
2026-01-15 21:35:23.759 [error] Failed to fetch NUXes: invalid_grant
2026-01-15 21:35:26.765 [error] Failed to fetch NUXes: invalid_grant
2026-01-15 21:35:29.790 [error] Failed to fetch NUXes: invalid_grant
2026-01-15 21:35:32.791 [error] Failed to fetch NUXes: invalid_grant
2026-01-15 21:35:35.807 [error] Failed to fetch NUXes: invalid_grant
2026-01-15 21:35:38.809 [error] Failed to fetch NUXes: invalid_grant
2026-01-15 21:35:41.825 [error] Failed to fetch NUXes: invalid_grant
2026-01-15 22:01:44.089 [warning] [perf] profiling STARTED 88b9ec15-59c7-4491-9b2a-2673332d90cf
2026-01-15 22:01:49.866 [warning] [perf] profiling DONE 88b9ec15-59c7-4491-9b2a-2673332d90cf
2026-01-15 22:16:17.229 [info] Extension host with pid 19320 exited with code: 0, signal: unknown.
