2026-01-15 21:24:20.263 [info] Render performance baseline is 75ms
2026-01-15 22:01:40.412 [warning] Renderer reported VERY LONG TASK (1101ms), starting profiling session '88b9ec15-59c7-4491-9b2a-2673332d90cf'
2026-01-15 22:01:51.187 [error] 
	 at compute (vscode-file://vscode-app/c:/Users/Admin/AppData/Local/Programs/Antigravity/resources/app/out/vs/workbench/workbench.desktop.main.js:3175:215)
	 at computeDiff (vscode-file://vscode-app/c:/Users/Admin/AppData/Local/Programs/Antigravity/resources/app/out/vs/workbench/workbench.desktop.main.js:3177:224)
	 at computeLineDiff (vscode-file://vscode-app/c:/Users/Admin/AppData/Local/Programs/Antigravity/resources/app/out/vs/workbench/workbench.desktop.main.js:3184:4537)
	 at computeHunks (vscode-file://vscode-app/c:/Users/Admin/AppData/Local/Programs/Antigravity/resources/app/out/vs/workbench/workbench.desktop.main.js:3184:4797)
	 at G (vscode-file://vscode-app/c:/Users/Admin/AppData/Local/Programs/Antigravity/resources/app/out/vs/workbench/workbench.desktop.main.js:6935:33382)
	 at (anonymous) (vscode-file://vscode-app/c:/Users/Admin/AppData/Local/Programs/Antigravity/resources/app/out/vs/workbench/workbench.desktop.main.js:6935:32398)
	 at (anonymous) (vscode-file://vscode-app/c:/Users/Admin/AppData/Local/Programs/Antigravity/resources/app/out/vs/workbench/workbench.desktop.main.js:3033:31135)
	 at C (vscode-file://vscode-app/c:/Users/Admin/AppData/Local/Programs/Antigravity/resources/app/out/vs/workbench/workbench.desktop.main.js:2791:2309)
	 at D (vscode-file://vscode-app/c:/Users/Admin/AppData/Local/Programs/Antigravity/resources/app/out/vs/workbench/workbench.desktop.main.js:2791:2420)
	 at fire (vscode-file://vscode-app/c:/Users/Admin/AppData/Local/Programs/Antigravity/resources/app/out/vs/workbench/workbench.desktop.main.js:2791:2499)
	 at endDeferredEmit (vscode-file://vscode-app/c:/Users/Admin/AppData/Local/Programs/Antigravity/resources/app/out/vs/workbench/workbench.desktop.main.js:3042:18966)
	 at pushEditOperations (vscode-file://vscode-app/c:/Users/Admin/AppData/Local/Programs/Antigravity/resources/app/out/vs/workbench/workbench.desktop.main.js:3040:558)
	 at apply (vscode-file://vscode-app/c:/Users/Admin/AppData/Local/Programs/Antigravity/resources/app/out/vs/workbench/workbench.desktop.main.js:5724:14314)
	 at apply (vscode-file://vscode-app/c:/Users/Admin/AppData/Local/Programs/Antigravity/resources/app/out/vs/workbench/workbench.desktop.main.js:5724:16662)
2026-01-15 22:01:51.190 [error] 
	 at get previousUri (vscode-file://vscode-app/c:/Users/Admin/AppData/Local/Programs/Antigravity/resources/app/out/vs/workbench/workbench.desktop.main.js:4366:136449)
	 at render (vscode-file://vscode-app/c:/Users/Admin/AppData/Local/Programs/Antigravity/resources/app/out/vs/workbench/workbench.desktop.main.js:4366:132071)
	 at m (vscode-file://vscode-app/c:/Users/Admin/AppData/Local/Programs/Antigravity/resources/app/out/vs/workbench/workbench.desktop.main.js:4366:134717)
	 at render (vscode-file://vscode-app/c:/Users/Admin/AppData/Local/Programs/Antigravity/resources/app/out/vs/workbench/workbench.desktop.main.js:4366:134293)
	 at M (vscode-file://vscode-app/c:/Users/Admin/AppData/Local/Programs/Antigravity/resources/app/out/vs/workbench/workbench.desktop.main.js:4366:138539)
	 at (anonymous) (vscode-file://vscode-app/c:/Users/Admin/AppData/Local/Programs/Antigravity/resources/app/out/vs/workbench/workbench.desktop.main.js:4366:138063)
	 at C (vscode-file://vscode-app/c:/Users/Admin/AppData/Local/Programs/Antigravity/resources/app/out/vs/workbench/workbench.desktop.main.js:2791:2309)
	 at fire (vscode-file://vscode-app/c:/Users/Admin/AppData/Local/Programs/Antigravity/resources/app/out/vs/workbench/workbench.desktop.main.js:2791:2499)
	 at (anonymous) (vscode-file://vscode-app/c:/Users/Admin/AppData/Local/Programs/Antigravity/resources/app/out/vs/workbench/workbench.desktop.main.js:6936:2401)
	 at C (vscode-file://vscode-app/c:/Users/Admin/AppData/Local/Programs/Antigravity/resources/app/out/vs/workbench/workbench.desktop.main.js:2791:2309)
	 at fire (vscode-file://vscode-app/c:/Users/Admin/AppData/Local/Programs/Antigravity/resources/app/out/vs/workbench/workbench.desktop.main.js:2791:2499)
	 at updateHunks (vscode-file://vscode-app/c:/Users/Admin/AppData/Local/Programs/Antigravity/resources/app/out/vs/workbench/workbench.desktop.main.js:6935:30837)
	 at G (vscode-file://vscode-app/c:/Users/Admin/AppData/Local/Programs/Antigravity/resources/app/out/vs/workbench/workbench.desktop.main.js:6935:33382)
	 at (anonymous) (vscode-file://vscode-app/c:/Users/Admin/AppData/Local/Programs/Antigravity/resources/app/out/vs/workbench/workbench.desktop.main.js:6935:32398)
	 at (anonymous) (vscode-file://vscode-app/c:/Users/Admin/AppData/Local/Programs/Antigravity/resources/app/out/vs/workbench/workbench.desktop.main.js:3033:31135)
	 at C (vscode-file://vscode-app/c:/Users/Admin/AppData/Local/Programs/Antigravity/resources/app/out/vs/workbench/workbench.desktop.main.js:2791:2309)
	 at D (vscode-file://vscode-app/c:/Users/Admin/AppData/Local/Programs/Antigravity/resources/app/out/vs/workbench/workbench.desktop.main.js:2791:2420)
	 at fire (vscode-file://vscode-app/c:/Users/Admin/AppData/Local/Programs/Antigravity/resources/app/out/vs/workbench/workbench.desktop.main.js:2791:2499)
	 at endDeferredEmit (vscode-file://vscode-app/c:/Users/Admin/AppData/Local/Programs/Antigravity/resources/app/out/vs/workbench/workbench.desktop.main.js:3042:18966)
	 at pushEditOperations (vscode-file://vscode-app/c:/Users/Admin/AppData/Local/Programs/Antigravity/resources/app/out/vs/workbench/workbench.desktop.main.js:3040:558)
	 at apply (vscode-file://vscode-app/c:/Users/Admin/AppData/Local/Programs/Antigravity/resources/app/out/vs/workbench/workbench.desktop.main.js:5724:14314)
	 at apply (vscode-file://vscode-app/c:/Users/Admin/AppData/Local/Programs/Antigravity/resources/app/out/vs/workbench/workbench.desktop.main.js:5724:16662)
2026-01-15 22:01:51.191 [error] 
	 at (anonymous)
	 at emit (node:electron/js2c/sandbox_bundle:2:45640)
	 at onMessage (node:electron/js2c/sandbox_bundle:2:121137)
2026-01-15 22:01:51.221 [info] Stored profile to DISK 'file:///c%3A/Users/Admin/AppData/Local/Temp/renderer-90b529.cpuprofile.json' 88b9ec15-59c7-4491-9b2a-2673332d90cf
