2026-01-14T15:20:54.196Z DEBUG [AGQ][Extension] ============================================================
2026-01-14T15:20:54.197Z DEBUG [AGQ][Extension] Antigravity Quota Activating
2026-01-14T15:20:54.197Z DEBUG [AGQ][Extension] ============================================================
2026-01-14T15:20:54.233Z INFO  [AGQ][Extension] VS Code Version: 1.104.0
2026-01-14T15:20:54.249Z INFO  [AGQ][Extension] Extension activating at: 2026-01-14T15:20:54.249Z
2026-01-14T15:20:54.250Z DEBUG [AGQ][ProcessFinder] Initializing ProcessFinder for platform: win32, arch: x64
2026-01-14T15:20:54.252Z INFO  [AGQ][ProcessFinder] Target process name: language_server_windows_x64.exe
2026-01-14T15:20:54.253Z DEBUG [AGQ][Extension] Initial config: {
  "enabled": true,
  "polling_interval": 120000,
  "show_prompt_credits": false
}
2026-01-14T15:20:54.255Z DEBUG [AGQ][Extension] Starting async initialization...
2026-01-14T15:20:54.257Z DEBUG [AGQ][Extension] ============================================================
2026-01-14T15:20:54.258Z DEBUG [AGQ][Extension] Initializing Extension
2026-01-14T15:20:54.258Z DEBUG [AGQ][Extension] ============================================================
2026-01-14T15:20:54.258Z DEBUG [AGQ][PERF] Timer started: initialize_extension
2026-01-14T15:20:54.286Z INFO  [AGQ][Extension] Detecting Antigravity process...
2026-01-14T15:20:54.288Z DEBUG [AGQ][ProcessFinder] ============================================================
2026-01-14T15:20:54.288Z DEBUG [AGQ][ProcessFinder] Starting process detection (max_retries: 1)
2026-01-14T15:20:54.289Z DEBUG [AGQ][ProcessFinder] ============================================================
2026-01-14T15:20:54.290Z DEBUG [AGQ][PERF] Timer started: detect_process_info
2026-01-14T15:20:54.290Z DEBUG [AGQ][ProcessFinder] Attempt 1/1
2026-01-14T15:20:54.310Z DEBUG [AGQ][ProcessFinder] Executing process list command:
powershell -NoProfile -Command "Get-CimInstance Win32_Process -Filter \"name='language_server_windows_x64.exe'\" | Select-Object ProcessId,CommandLine | ConvertTo-Json"
2026-01-14T15:20:54.387Z INFO  [AGQ][Extension] Extension activation complete
2026-01-14T15:20:58.082Z DEBUG [AGQ][ProcessFinder] Raw stdout (1053 chars):
[
    {
        "ProcessId":  16032,
        "CommandLine":  "c:\\Users\\Admin\\AppData\\Local\\Programs\\Antigravity\\resources\\app\\extensions\\antigravity\\bin\\language_server_windows_x64.exe --enable_lsp --extension_server_port 59218 --csrf_token 398231f8-45cb-46d9-8f2e-181d9a884837 --random_port --workspace_id file_d_3A_DuAnRieng_MemMart --cloud_code_endpoint https://daily-cloudcode-pa.googleapis.com --app_data_dir antigravity --parent_pipe_path \\\\.\\pipe\\server_016511274796a9f5"
    },
    {
        "ProcessId":  14948,
        "CommandLine":  "c:\\Users\\Admin\\AppData\\Local\\Programs\\Antigravity\\resources\\app\\extensions\\antigravity\\bin\\language_server_windows_x64.exe --enable_lsp --extension_server_port 59217 --csrf_token 6d7c039f-f450-4e3e-86ad-1506e7d49b28 --random_port --workspace_id file_c_3A_Users_Admin_gemini_antigravity_playground_synthetic_astro --cloud_code_endpoint https://daily-cloudcode-pa.googleapis.com --app_data_dir antigravity --parent_pipe_path \\\\.\\pipe\\server_757d148d3120860a"
    }
]

2026-01-14T15:20:58.082Z DEBUG [AGQ][WindowsStrategy] Parsing process info (using PowerShell: true)
2026-01-14T15:20:58.082Z DEBUG [AGQ][WindowsStrategy] Detected JSON output, parsing...
2026-01-14T15:20:58.082Z DEBUG [AGQ][WindowsStrategy] JSON is an array with 2 element(s)
2026-01-14T15:20:58.083Z DEBUG [AGQ][WindowsStrategy] Process 1/2: PID=16032
2026-01-14T15:20:58.083Z DEBUG [AGQ][WindowsStrategy]   CommandLine: c:\Users\Admin\AppData\Local\Programs\Antigravity\resources\app\extensions\antigravity\bin\language_server_windows_x64.exe --enable_lsp --extension_server_port 59218 --csrf_token 398231f8-45cb-46d9-8f...
2026-01-14T15:20:58.083Z DEBUG [AGQ][WindowsStrategy] Process 2/2: PID=14948
2026-01-14T15:20:58.083Z DEBUG [AGQ][WindowsStrategy]   CommandLine: c:\Users\Admin\AppData\Local\Programs\Antigravity\resources\app\extensions\antigravity\bin\language_server_windows_x64.exe --enable_lsp --extension_server_port 59217 --csrf_token 6d7c039f-f450-4e3e-86...
2026-01-14T15:20:58.083Z DEBUG [AGQ][WindowsStrategy] Process identified as Antigravity (--app_data_dir match)
2026-01-14T15:20:58.084Z DEBUG [AGQ][WindowsStrategy] Process identified as Antigravity (--app_data_dir match)
2026-01-14T15:20:58.084Z INFO  [AGQ][WindowsStrategy] Found 2 language_server process(es), 2 belong to Antigravity
2026-01-14T15:20:58.084Z INFO  [AGQ][WindowsStrategy] Selected Antigravity process PID: 16032 (first match of 2)
2026-01-14T15:20:58.085Z DEBUG [AGQ][WindowsStrategy] Regex matches: extension_port=59218, csrf_token=FOUND
2026-01-14T15:20:58.085Z DEBUG [AGQ][WindowsStrategy] Extracted: PID=16032, extension_port=59218, csrf_token=398231f8...
2026-01-14T15:20:58.085Z INFO  [AGQ][ProcessFinder] Process info parsed successfully: {
  "pid": 16032,
  "extension_port": 59218,
  "csrf_token": "398231f8..."
}
2026-01-14T15:20:58.085Z DEBUG [AGQ][ProcessFinder] Getting listening ports for PID: 16032
2026-01-14T15:20:58.085Z DEBUG [AGQ][ProcessFinder] Port list command:
powershell -NoProfile -Command "Get-NetTCPConnection -OwningProcess 16032 -State Listen | Select-Object -ExpandProperty LocalPort | ConvertTo-Json"
2026-01-14T15:21:03.158Z DEBUG [AGQ][ProcessFinder] Port list stdout (41 chars):
[
    59233,
    59222,
    59221
]

2026-01-14T15:21:03.159Z DEBUG [AGQ][ProcessFinder] Parsed ports: [59221, 59222, 59233]
2026-01-14T15:21:03.159Z DEBUG [AGQ][ProcessFinder] Found 3 listening port(s): [59221, 59222, 59233]
2026-01-14T15:21:03.160Z DEBUG [AGQ][ProcessFinder] Testing ports to find working endpoint...
2026-01-14T15:21:03.160Z DEBUG [AGQ][ProcessFinder] Testing port 59221...
2026-01-14T15:21:03.161Z DEBUG [AGQ][ProcessFinder] HTTP request to https://127.0.0.1:59221/exa.language_server_pb.LanguageServerService/GetUnleashData
2026-01-14T15:21:03.185Z DEBUG [AGQ][ProcessFinder] Response from port 59221: status=200
2026-01-14T15:21:03.186Z INFO  [AGQ][ProcessFinder] Port 59221 is working
2026-01-14T15:21:03.186Z INFO  [AGQ][ProcessFinder] SUCCESS: Valid port found: 59221
2026-01-14T15:21:03.186Z DEBUG [AGQ][PERF] Timer ended: detect_process_info (8896ms)
2026-01-14T15:21:03.187Z INFO  [AGQ][Extension] Process found successfully {
  "extension_port": 59218,
  "connect_port": 59221,
  "csrf_token": "398231f8..."
}
2026-01-14T15:21:03.187Z DEBUG [AGQ][Extension] Starting polling with interval: 120000ms
2026-01-14T15:21:03.189Z INFO  [AGQ][Extension] Initialization successful
2026-01-14T15:21:03.190Z DEBUG [AGQ][PERF] Timer ended: initialize_extension (8932ms)
2026-01-14T15:21:03.213Z DEBUG [AGQ][Extension] Quota update received: {
  "models_count": 7,
  "prompt_credits": {
    "available": 500,
    "monthly": 50000,
    "used_percentage": 99,
    "remaining_percentage": 1
  },
  "timestamp": "2026-01-14T15:21:03.213Z"
}
2026-01-14T15:23:03.209Z DEBUG [AGQ][Extension] Quota update received: {
  "models_count": 7,
  "prompt_credits": {
    "available": 500,
    "monthly": 50000,
    "used_percentage": 99,
    "remaining_percentage": 1
  },
  "timestamp": "2026-01-14T15:23:03.209Z"
}
2026-01-14T15:25:03.212Z DEBUG [AGQ][Extension] Quota update received: {
  "models_count": 7,
  "prompt_credits": {
    "available": 500,
    "monthly": 50000,
    "used_percentage": 99,
    "remaining_percentage": 1
  },
  "timestamp": "2026-01-14T15:25:03.212Z"
}
2026-01-14T15:27:03.216Z DEBUG [AGQ][Extension] Quota update received: {
  "models_count": 7,
  "prompt_credits": {
    "available": 500,
    "monthly": 50000,
    "used_percentage": 99,
    "remaining_percentage": 1
  },
  "timestamp": "2026-01-14T15:27:03.216Z"
}
2026-01-14T15:29:03.224Z DEBUG [AGQ][Extension] Quota update received: {
  "models_count": 7,
  "prompt_credits": {
    "available": 500,
    "monthly": 50000,
    "used_percentage": 99,
    "remaining_percentage": 1
  },
  "timestamp": "2026-01-14T15:29:03.224Z"
}
2026-01-14T15:31:03.235Z DEBUG [AGQ][Extension] Quota update received: {
  "models_count": 7,
  "prompt_credits": {
    "available": 500,
    "monthly": 50000,
    "used_percentage": 99,
    "remaining_percentage": 1
  },
  "timestamp": "2026-01-14T15:31:03.235Z"
}
2026-01-14T15:33:03.240Z DEBUG [AGQ][Extension] Quota update received: {
  "models_count": 7,
  "prompt_credits": {
    "available": 500,
    "monthly": 50000,
    "used_percentage": 99,
    "remaining_percentage": 1
  },
  "timestamp": "2026-01-14T15:33:03.240Z"
}
2026-01-14T15:35:03.246Z DEBUG [AGQ][Extension] Quota update received: {
  "models_count": 7,
  "prompt_credits": {
    "available": 500,
    "monthly": 50000,
    "used_percentage": 99,
    "remaining_percentage": 1
  },
  "timestamp": "2026-01-14T15:35:03.246Z"
}
2026-01-14T15:37:03.254Z DEBUG [AGQ][Extension] Quota update received: {
  "models_count": 7,
  "prompt_credits": {
    "available": 500,
    "monthly": 50000,
    "used_percentage": 99,
    "remaining_percentage": 1
  },
  "timestamp": "2026-01-14T15:37:03.254Z"
}
2026-01-14T15:39:03.267Z DEBUG [AGQ][Extension] Quota update received: {
  "models_count": 7,
  "prompt_credits": {
    "available": 500,
    "monthly": 50000,
    "used_percentage": 99,
    "remaining_percentage": 1
  },
  "timestamp": "2026-01-14T15:39:03.267Z"
}
2026-01-14T15:41:03.278Z DEBUG [AGQ][Extension] Quota update received: {
  "models_count": 7,
  "prompt_credits": {
    "available": 500,
    "monthly": 50000,
    "used_percentage": 99,
    "remaining_percentage": 1
  },
  "timestamp": "2026-01-14T15:41:03.278Z"
}
2026-01-14T15:43:03.282Z DEBUG [AGQ][Extension] Quota update received: {
  "models_count": 7,
  "prompt_credits": {
    "available": 500,
    "monthly": 50000,
    "used_percentage": 99,
    "remaining_percentage": 1
  },
  "timestamp": "2026-01-14T15:43:03.282Z"
}
2026-01-14T15:45:03.289Z DEBUG [AGQ][Extension] Quota update received: {
  "models_count": 7,
  "prompt_credits": {
    "available": 500,
    "monthly": 50000,
    "used_percentage": 99,
    "remaining_percentage": 1
  },
  "timestamp": "2026-01-14T15:45:03.289Z"
}
2026-01-14T15:47:03.300Z DEBUG [AGQ][Extension] Quota update received: {
  "models_count": 7,
  "prompt_credits": {
    "available": 500,
    "monthly": 50000,
    "used_percentage": 99,
    "remaining_percentage": 1
  },
  "timestamp": "2026-01-14T15:47:03.300Z"
}
2026-01-14T15:49:03.313Z DEBUG [AGQ][Extension] Quota update received: {
  "models_count": 7,
  "prompt_credits": {
    "available": 500,
    "monthly": 50000,
    "used_percentage": 99,
    "remaining_percentage": 1
  },
  "timestamp": "2026-01-14T15:49:03.313Z"
}
2026-01-14T15:51:03.326Z DEBUG [AGQ][Extension] Quota update received: {
  "models_count": 7,
  "prompt_credits": {
    "available": 500,
    "monthly": 50000,
    "used_percentage": 99,
    "remaining_percentage": 1
  },
  "timestamp": "2026-01-14T15:51:03.326Z"
}
2026-01-14T15:53:03.336Z DEBUG [AGQ][Extension] Quota update received: {
  "models_count": 7,
  "prompt_credits": {
    "available": 500,
    "monthly": 50000,
    "used_percentage": 99,
    "remaining_percentage": 1
  },
  "timestamp": "2026-01-14T15:53:03.336Z"
}
2026-01-14T15:55:03.364Z DEBUG [AGQ][Extension] Quota update received: {
  "models_count": 7,
  "prompt_credits": {
    "available": 500,
    "monthly": 50000,
    "used_percentage": 99,
    "remaining_percentage": 1
  },
  "timestamp": "2026-01-14T15:55:03.364Z"
}
2026-01-14T15:57:03.359Z DEBUG [AGQ][Extension] Quota update received: {
  "models_count": 7,
  "prompt_credits": {
    "available": 500,
    "monthly": 50000,
    "used_percentage": 99,
    "remaining_percentage": 1
  },
  "timestamp": "2026-01-14T15:57:03.359Z"
}
2026-01-14T15:59:03.373Z DEBUG [AGQ][Extension] Quota update received: {
  "models_count": 7,
  "prompt_credits": {
    "available": 500,
    "monthly": 50000,
    "used_percentage": 99,
    "remaining_percentage": 1
  },
  "timestamp": "2026-01-14T15:59:03.373Z"
}
2026-01-14T16:01:03.376Z DEBUG [AGQ][Extension] Quota update received: {
  "models_count": 7,
  "prompt_credits": {
    "available": 500,
    "monthly": 50000,
    "used_percentage": 99,
    "remaining_percentage": 1
  },
  "timestamp": "2026-01-14T16:01:03.376Z"
}
2026-01-14T16:03:03.390Z DEBUG [AGQ][Extension] Quota update received: {
  "models_count": 7,
  "prompt_credits": {
    "available": 500,
    "monthly": 50000,
    "used_percentage": 99,
    "remaining_percentage": 1
  },
  "timestamp": "2026-01-14T16:03:03.390Z"
}
2026-01-14T16:05:03.395Z DEBUG [AGQ][Extension] Quota update received: {
  "models_count": 7,
  "prompt_credits": {
    "available": 500,
    "monthly": 50000,
    "used_percentage": 99,
    "remaining_percentage": 1
  },
  "timestamp": "2026-01-14T16:05:03.395Z"
}
