2026-01-12 21:58:59.417 [info] Extension host with pid 20312 started
2026-01-12 21:58:59.458 [info] ExtensionService#_doActivateExtension vscode.git-base, startup: false, activationEvent: 'onCommand:antigravity.importVSCodeRecentWorkspaces', root cause: google.antigravity
2026-01-12 21:58:59.484 [info] ExtensionService#_doActivateExtension snyk-security.snyk-vulnerability-scanner, startup: false, activationEvent: '*'
2026-01-12 21:59:02.081 [info] ExtensionService#_doActivateExtension vscode.git, startup: false, activationEvent: 'onCommand:antigravity.importVSCodeRecentWorkspaces', root cause: google.antigravity
2026-01-12 21:59:02.189 [info] ExtensionService#_doActivateExtension vscode.github, startup: false, activationEvent: '*'
2026-01-12 21:59:02.446 [info] ExtensionService#_doActivateExtension google.antigravity, startup: false, activationEvent: 'onCommand:antigravity.importVSCodeRecentWorkspaces'
2026-01-12 21:59:03.276 [info] ExtensionService#_doActivateExtension vscode.configuration-editing, startup: false, activationEvent: 'onLanguage:jsonc'
2026-01-12 21:59:03.318 [info] ExtensionService#_doActivateExtension vscode.json-language-features, startup: false, activationEvent: 'onLanguage:jsonc'
2026-01-12 21:59:03.448 [info] ExtensionService#_doActivateExtension vscode.typescript-language-features, startup: false, activationEvent: 'onLanguage:jsonc'
2026-01-12 21:59:03.522 [info] ExtensionService#_doActivateExtension vscode.emmet, startup: false, activationEvent: 'onLanguage'
2026-01-12 21:59:11.707 [info] Eager extensions activated
2026-01-12 21:59:11.734 [info] ExtensionService#_doActivateExtension google.antigravity-browser-launcher, startup: false, activationEvent: 'onStartupFinished'
2026-01-12 21:59:11.746 [info] ExtensionService#_doActivateExtension Google LLC.antigravity-dev-containers, startup: false, activationEvent: 'onStartupFinished'
2026-01-12 21:59:11.759 [info] ExtensionService#_doActivateExtension vscode.debug-auto-launch, startup: false, activationEvent: 'onStartupFinished'
2026-01-12 21:59:11.796 [info] ExtensionService#_doActivateExtension vscode.merge-conflict, startup: false, activationEvent: 'onStartupFinished'
2026-01-12 21:59:11.874 [info] ExtensionService#_doActivateExtension esbenp.prettier-vscode, startup: false, activationEvent: 'onStartupFinished'
2026-01-12 21:59:12.108 [info] ExtensionService#_doActivateExtension henrikdev.ag-quota, startup: false, activationEvent: 'onStartupFinished'
2026-01-12 21:59:12.156 [info] ExtensionService#_doActivateExtension PKief.material-icon-theme, startup: false, activationEvent: 'onStartupFinished'
2026-01-12 21:59:12.196 [info] ExtensionService#_doActivateExtension zhuangtongfa.material-theme, startup: false, activationEvent: 'onStartupFinished'
2026-01-12 21:59:26.462 [info] Extension host terminating: renderer closed the MessagePort
2026-01-12 21:59:26.510 [info] Extension host with pid 20312 exiting with code 0
2026-01-12 21:59:30.258 [info] Extension host with pid 16288 started
2026-01-12 21:59:30.259 [info] Skipping acquiring lock for c:\Users\Admin\AppData\Roaming\Antigravity\User\workspaceStorage\f37793291fb38631027c932ebba4258e.
2026-01-12 21:59:30.329 [info] ExtensionService#_doActivateExtension vscode.git-base, startup: true, activationEvent: '*', root cause: google.antigravity
2026-01-12 21:59:30.366 [info] ExtensionService#_doActivateExtension vscode.npm, startup: true, activationEvent: 'workspaceContains:package.json'
2026-01-12 21:59:30.459 [info] ExtensionService#_doActivateExtension vscode.git, startup: true, activationEvent: '*', root cause: google.antigravity
2026-01-12 21:59:30.698 [info] ExtensionService#_doActivateExtension vscode.github, startup: true, activationEvent: '*'
2026-01-12 21:59:31.277 [info] ExtensionService#_doActivateExtension google.antigravity, startup: true, activationEvent: '*'
2026-01-12 21:59:36.162 [info] ExtensionService#_doActivateExtension vscode.configuration-editing, startup: false, activationEvent: 'onLanguage:json'
2026-01-12 21:59:36.183 [info] ExtensionService#_doActivateExtension vscode.extension-editing, startup: false, activationEvent: 'onLanguage:json'
2026-01-12 21:59:36.239 [info] ExtensionService#_doActivateExtension vscode.json-language-features, startup: false, activationEvent: 'onLanguage:json'
2026-01-12 21:59:36.501 [info] ExtensionService#_doActivateExtension vscode.emmet, startup: false, activationEvent: 'onLanguage'
2026-01-12 21:59:37.951 [info] ExtensionService#_doActivateExtension vscode.github-authentication, startup: false, activationEvent: 'onAuthenticationRequest:github'
2026-01-12 21:59:40.350 [info] ExtensionService#_doActivateExtension Google LLC.antigravity-dev-containers, startup: false, activationEvent: 'onStartupFinished'
2026-01-12 21:59:40.363 [info] ExtensionService#_doActivateExtension vscode.debug-auto-launch, startup: false, activationEvent: 'onStartupFinished'
2026-01-12 21:59:40.369 [info] ExtensionService#_doActivateExtension vscode.merge-conflict, startup: false, activationEvent: 'onStartupFinished'
2026-01-12 21:59:40.464 [info] ExtensionService#_doActivateExtension esbenp.prettier-vscode, startup: false, activationEvent: 'onStartupFinished'
2026-01-12 21:59:40.790 [info] ExtensionService#_doActivateExtension PKief.material-icon-theme, startup: false, activationEvent: 'onStartupFinished'
2026-01-12 21:59:40.986 [info] ExtensionService#_doActivateExtension zhuangtongfa.material-theme, startup: false, activationEvent: 'onStartupFinished'
2026-01-12 21:59:41.701 [info] Extension host terminating: renderer closed the MessagePort
2026-01-12 21:59:42.016 [info] Extension host with pid 16288 exiting with code 0
2026-01-12 21:59:47.286 [info] Extension host with pid 7664 started
2026-01-12 21:59:47.286 [info] Skipping acquiring lock for c:\Users\Admin\AppData\Roaming\Antigravity\User\workspaceStorage\f37793291fb38631027c932ebba4258e.
2026-01-12 21:59:47.376 [info] ExtensionService#_doActivateExtension snyk-security.snyk-vulnerability-scanner, startup: false, activationEvent: 'onMcpCollection:snyk-security-scanner'
2026-01-12 21:59:49.355 [info] ExtensionService#_doActivateExtension vscode.git-base, startup: false, activationEvent: '*', root cause: google.antigravity
2026-01-12 21:59:49.400 [info] ExtensionService#_doActivateExtension vscode.git, startup: false, activationEvent: '*', root cause: google.antigravity
2026-01-12 21:59:49.510 [info] ExtensionService#_doActivateExtension vscode.github, startup: false, activationEvent: '*'
2026-01-12 21:59:49.511 [info] ExtensionService#_doActivateExtension vscode.npm, startup: true, activationEvent: 'workspaceContains:package.json'
2026-01-12 21:59:49.795 [info] ExtensionService#_doActivateExtension google.antigravity, startup: false, activationEvent: '*'
2026-01-12 21:59:50.778 [info] ExtensionService#_doActivateExtension vscode.emmet, startup: false, activationEvent: 'onLanguage'
2026-01-12 21:59:51.298 [info] ExtensionService#_doActivateExtension vscode.github-authentication, startup: false, activationEvent: 'onAuthenticationRequest:github'
2026-01-12 21:59:52.125 [info] ExtensionService#_doActivateExtension vscode.configuration-editing, startup: false, activationEvent: 'onLanguage:jsonc'
2026-01-12 21:59:52.148 [info] ExtensionService#_doActivateExtension vscode.json-language-features, startup: false, activationEvent: 'onLanguage:jsonc'
2026-01-12 21:59:52.361 [info] ExtensionService#_doActivateExtension vscode.typescript-language-features, startup: false, activationEvent: 'onLanguage:jsonc'
2026-01-12 21:59:54.095 [info] Eager extensions activated
2026-01-12 21:59:54.105 [info] ExtensionService#_doActivateExtension google.antigravity-browser-launcher, startup: false, activationEvent: 'onStartupFinished'
2026-01-12 21:59:54.115 [info] ExtensionService#_doActivateExtension Google LLC.antigravity-dev-containers, startup: false, activationEvent: 'onStartupFinished'
2026-01-12 21:59:54.128 [info] ExtensionService#_doActivateExtension vscode.debug-auto-launch, startup: false, activationEvent: 'onStartupFinished'
2026-01-12 21:59:54.137 [info] ExtensionService#_doActivateExtension vscode.merge-conflict, startup: false, activationEvent: 'onStartupFinished'
2026-01-12 21:59:54.177 [info] ExtensionService#_doActivateExtension esbenp.prettier-vscode, startup: false, activationEvent: 'onStartupFinished'
2026-01-12 21:59:54.329 [info] ExtensionService#_doActivateExtension henrikdev.ag-quota, startup: false, activationEvent: 'onStartupFinished'
2026-01-12 21:59:54.354 [info] ExtensionService#_doActivateExtension PKief.material-icon-theme, startup: false, activationEvent: 'onStartupFinished'
2026-01-12 21:59:54.395 [info] ExtensionService#_doActivateExtension zhuangtongfa.material-theme, startup: false, activationEvent: 'onStartupFinished'
2026-01-12 21:59:54.429 [info] ExtensionService#_doActivateExtension vscode.terminal-suggest, startup: false, activationEvent: 'onTerminalShellIntegration:*'
2026-01-12 21:59:57.770 [info] ExtensionService#_doActivateExtension vscode.extension-editing, startup: false, activationEvent: 'onLanguage:json'
2026-01-12 22:00:48.221 [info] Extension host terminating: renderer closed the MessagePort
2026-01-12 22:00:48.290 [info] Extension host with pid 7664 exiting with code 0
2026-01-12 22:00:50.173 [info] Extension host with pid 11936 started
2026-01-12 22:00:50.173 [info] Skipping acquiring lock for c:\Users\Admin\AppData\Roaming\Antigravity\User\workspaceStorage\f37793291fb38631027c932ebba4258e.
2026-01-12 22:00:50.224 [info] ExtensionService#_doActivateExtension vscode.terminal-suggest, startup: false, activationEvent: 'onTerminalShellIntegration:*'
2026-01-12 22:00:50.356 [info] ExtensionService#_doActivateExtension vscode.git-base, startup: false, activationEvent: '*', root cause: google.antigravity
2026-01-12 22:00:50.362 [info] ExtensionService#_doActivateExtension vscode.emmet, startup: false, activationEvent: 'onLanguage'
2026-01-12 22:00:50.397 [info] ExtensionService#_doActivateExtension vscode.github-authentication, startup: false, activationEvent: 'onAuthenticationRequest:github'
2026-01-12 22:00:50.447 [info] ExtensionService#_doActivateExtension vscode.configuration-editing, startup: false, activationEvent: 'onLanguage:jsonc'
2026-01-12 22:00:50.464 [info] ExtensionService#_doActivateExtension vscode.json-language-features, startup: false, activationEvent: 'onLanguage:jsonc'
2026-01-12 22:00:50.551 [info] ExtensionService#_doActivateExtension vscode.typescript-language-features, startup: false, activationEvent: 'onLanguage:jsonc'
2026-01-12 22:00:50.629 [info] ExtensionService#_doActivateExtension vscode.extension-editing, startup: false, activationEvent: 'onLanguage:json'
2026-01-12 22:00:50.649 [info] ExtensionService#_doActivateExtension vscode.npm, startup: false, activationEvent: 'onLanguage:json'
2026-01-12 22:00:50.915 [info] ExtensionService#_doActivateExtension vscode.git, startup: false, activationEvent: '*', root cause: google.antigravity
2026-01-12 22:00:50.997 [info] ExtensionService#_doActivateExtension vscode.github, startup: false, activationEvent: '*'
2026-01-12 22:00:51.241 [info] ExtensionService#_doActivateExtension google.antigravity, startup: false, activationEvent: '*'
2026-01-12 22:00:55.018 [info] Eager extensions activated
2026-01-12 22:00:55.024 [info] ExtensionService#_doActivateExtension google.antigravity-browser-launcher, startup: false, activationEvent: 'onStartupFinished'
2026-01-12 22:00:55.033 [info] ExtensionService#_doActivateExtension Google LLC.antigravity-dev-containers, startup: false, activationEvent: 'onStartupFinished'
2026-01-12 22:00:55.075 [info] ExtensionService#_doActivateExtension vscode.debug-auto-launch, startup: false, activationEvent: 'onStartupFinished'
2026-01-12 22:00:55.085 [info] ExtensionService#_doActivateExtension vscode.merge-conflict, startup: false, activationEvent: 'onStartupFinished'
2026-01-12 22:00:55.138 [info] ExtensionService#_doActivateExtension esbenp.prettier-vscode, startup: false, activationEvent: 'onStartupFinished'
2026-01-12 22:00:55.289 [info] ExtensionService#_doActivateExtension henrikdev.ag-quota, startup: false, activationEvent: 'onStartupFinished'
2026-01-12 22:00:55.311 [info] ExtensionService#_doActivateExtension PKief.material-icon-theme, startup: false, activationEvent: 'onStartupFinished'
2026-01-12 22:00:55.347 [info] ExtensionService#_doActivateExtension zhuangtongfa.material-theme, startup: false, activationEvent: 'onStartupFinished'
2026-01-12 22:04:14.942 [info] ExtensionService#_doActivateExtension vscode.css-language-features, startup: false, activationEvent: 'onLanguage:css'
2026-01-12 22:23:46.987 [info] ExtensionService#_doActivateExtension vscode.markdown-language-features, startup: false, activationEvent: 'onLanguage:markdown'
2026-01-12 23:00:42.750 [info] ExtensionService#_doActivateExtension vscode.simple-browser, startup: false, activationEvent: 'onOpenExternalUri:http'
2026-01-13 00:21:40.115 [info] Extension host terminating: renderer closed the MessagePort
2026-01-13 00:21:41.004 [info] Extension host with pid 11936 exiting with code 0
