2026-01-14T16:05:52.682Z DEBUG [AGQ][Extension] ============================================================
2026-01-14T16:05:52.682Z DEBUG [AGQ][Extension] Antigravity Quota Activating
2026-01-14T16:05:52.682Z DEBUG [AGQ][Extension] ============================================================
2026-01-14T16:05:52.683Z INFO  [AGQ][Extension] VS Code Version: 1.104.0
2026-01-14T16:05:52.683Z INFO  [AGQ][Extension] Extension activating at: 2026-01-14T16:05:52.683Z
2026-01-14T16:05:52.683Z DEBUG [AGQ][ProcessFinder] Initializing ProcessFinder for platform: win32, arch: x64
2026-01-14T16:05:52.683Z INFO  [AGQ][ProcessFinder] Target process name: language_server_windows_x64.exe
2026-01-14T16:05:52.684Z DEBUG [AGQ][Extension] Initial config: {
  "enabled": true,
  "polling_interval": 120000,
  "show_prompt_credits": false
}
2026-01-14T16:05:52.685Z DEBUG [AGQ][Extension] Starting async initialization...
2026-01-14T16:05:52.685Z DEBUG [AGQ][Extension] ============================================================
2026-01-14T16:05:52.685Z DEBUG [AGQ][Extension] Initializing Extension
2026-01-14T16:05:52.685Z DEBUG [AGQ][Extension] ============================================================
2026-01-14T16:05:52.685Z DEBUG [AGQ][PERF] Timer started: initialize_extension
2026-01-14T16:05:52.686Z INFO  [AGQ][Extension] Detecting Antigravity process...
2026-01-14T16:05:52.686Z DEBUG [AGQ][ProcessFinder] ============================================================
2026-01-14T16:05:52.686Z DEBUG [AGQ][ProcessFinder] Starting process detection (max_retries: 1)
2026-01-14T16:05:52.686Z DEBUG [AGQ][ProcessFinder] ============================================================
2026-01-14T16:05:52.686Z DEBUG [AGQ][PERF] Timer started: detect_process_info
2026-01-14T16:05:52.686Z DEBUG [AGQ][ProcessFinder] Attempt 1/1
2026-01-14T16:05:52.687Z DEBUG [AGQ][ProcessFinder] Executing process list command:
powershell -NoProfile -Command "Get-CimInstance Win32_Process -Filter \"name='language_server_windows_x64.exe'\" | Select-Object ProcessId,CommandLine | ConvertTo-Json"
2026-01-14T16:05:52.709Z INFO  [AGQ][Extension] Extension activation complete
2026-01-14T16:05:54.348Z DEBUG [AGQ][ProcessFinder] Raw stdout (487 chars):
{
    "ProcessId":  15740,
    "CommandLine":  "c:\\Users\\Admin\\AppData\\Local\\Programs\\Antigravity\\resources\\app\\extensions\\antigravity\\bin\\language_server_windows_x64.exe --enable_lsp --extension_server_port 59890 --csrf_token c7538e69-4eda-4f10-99ec-cb6fe91004cb --random_port --workspace_id file_d_3A_DuAnRieng_MemMart --cloud_code_endpoint https://daily-cloudcode-pa.googleapis.com --app_data_dir antigravity --parent_pipe_path \\\\.\\pipe\\server_11dec9d116c46756"
}

2026-01-14T16:05:54.349Z DEBUG [AGQ][WindowsStrategy] Parsing process info (using PowerShell: true)
2026-01-14T16:05:54.349Z DEBUG [AGQ][WindowsStrategy] Detected JSON output, parsing...
2026-01-14T16:05:54.349Z DEBUG [AGQ][WindowsStrategy] JSON is a single object (PID: 15740)
2026-01-14T16:05:54.349Z DEBUG [AGQ][WindowsStrategy] CommandLine: c:\Users\Admin\AppData\Local\Programs\Antigravity\resources\app\extensions\antigravity\bin\language_server_windows_x64.exe --enable_lsp --extension_server_port 59890 --csrf_token c7538e69-4eda-4f10-99...
2026-01-14T16:05:54.349Z DEBUG [AGQ][WindowsStrategy] Process identified as Antigravity (--app_data_dir match)
2026-01-14T16:05:54.349Z INFO  [AGQ][WindowsStrategy] Found 1 Antigravity process, PID: 15740
2026-01-14T16:05:54.349Z DEBUG [AGQ][WindowsStrategy] Regex matches: extension_port=59890, csrf_token=FOUND
2026-01-14T16:05:54.350Z DEBUG [AGQ][WindowsStrategy] Extracted: PID=15740, extension_port=59890, csrf_token=c7538e69...
2026-01-14T16:05:54.350Z INFO  [AGQ][ProcessFinder] Process info parsed successfully: {
  "pid": 15740,
  "extension_port": 59890,
  "csrf_token": "c7538e69..."
}
2026-01-14T16:05:54.350Z DEBUG [AGQ][ProcessFinder] Getting listening ports for PID: 15740
2026-01-14T16:05:54.350Z DEBUG [AGQ][ProcessFinder] Port list command:
powershell -NoProfile -Command "Get-NetTCPConnection -OwningProcess 15740 -State Listen | Select-Object -ExpandProperty LocalPort | ConvertTo-Json"
2026-01-14T16:05:57.004Z DEBUG [AGQ][ProcessFinder] Port list stdout (41 chars):
[
    59898,
    59893,
    59892
]

2026-01-14T16:05:57.004Z DEBUG [AGQ][ProcessFinder] Parsed ports: [59892, 59893, 59898]
2026-01-14T16:05:57.004Z DEBUG [AGQ][ProcessFinder] Found 3 listening port(s): [59892, 59893, 59898]
2026-01-14T16:05:57.005Z DEBUG [AGQ][ProcessFinder] Testing ports to find working endpoint...
2026-01-14T16:05:57.005Z DEBUG [AGQ][ProcessFinder] Testing port 59892...
2026-01-14T16:05:57.005Z DEBUG [AGQ][ProcessFinder] HTTP request to https://127.0.0.1:59892/exa.language_server_pb.LanguageServerService/GetUnleashData
2026-01-14T16:05:57.017Z DEBUG [AGQ][ProcessFinder] Response from port 59892: status=200
2026-01-14T16:05:57.017Z INFO  [AGQ][ProcessFinder] Port 59892 is working
2026-01-14T16:05:57.018Z INFO  [AGQ][ProcessFinder] SUCCESS: Valid port found: 59892
2026-01-14T16:05:57.018Z DEBUG [AGQ][PERF] Timer ended: detect_process_info (4332ms)
2026-01-14T16:05:57.018Z INFO  [AGQ][Extension] Process found successfully {
  "extension_port": 59890,
  "connect_port": 59892,
  "csrf_token": "c7538e69..."
}
2026-01-14T16:05:57.018Z DEBUG [AGQ][Extension] Starting polling with interval: 120000ms
2026-01-14T16:05:57.020Z INFO  [AGQ][Extension] Initialization successful
2026-01-14T16:05:57.020Z DEBUG [AGQ][PERF] Timer ended: initialize_extension (4335ms)
2026-01-14T16:05:57.032Z DEBUG [AGQ][Extension] Quota update received: {
  "models_count": 7,
  "prompt_credits": {
    "available": 500,
    "monthly": 50000,
    "used_percentage": 99,
    "remaining_percentage": 1
  },
  "timestamp": "2026-01-14T16:05:57.032Z"
}
2026-01-14T16:07:57.039Z DEBUG [AGQ][Extension] Quota update received: {
  "models_count": 7,
  "prompt_credits": {
    "available": 500,
    "monthly": 50000,
    "used_percentage": 99,
    "remaining_percentage": 1
  },
  "timestamp": "2026-01-14T16:07:57.039Z"
}
2026-01-14T16:09:57.046Z DEBUG [AGQ][Extension] Quota update received: {
  "models_count": 7,
  "prompt_credits": {
    "available": 500,
    "monthly": 50000,
    "used_percentage": 99,
    "remaining_percentage": 1
  },
  "timestamp": "2026-01-14T16:09:57.046Z"
}
2026-01-14T16:11:57.056Z DEBUG [AGQ][Extension] Quota update received: {
  "models_count": 7,
  "prompt_credits": {
    "available": 500,
    "monthly": 50000,
    "used_percentage": 99,
    "remaining_percentage": 1
  },
  "timestamp": "2026-01-14T16:11:57.056Z"
}
2026-01-14T16:13:57.058Z DEBUG [AGQ][Extension] Quota update received: {
  "models_count": 7,
  "prompt_credits": {
    "available": 500,
    "monthly": 50000,
    "used_percentage": 99,
    "remaining_percentage": 1
  },
  "timestamp": "2026-01-14T16:13:57.058Z"
}
2026-01-14T16:15:57.067Z DEBUG [AGQ][Extension] Quota update received: {
  "models_count": 7,
  "prompt_credits": {
    "available": 500,
    "monthly": 50000,
    "used_percentage": 99,
    "remaining_percentage": 1
  },
  "timestamp": "2026-01-14T16:15:57.067Z"
}
2026-01-14T16:17:57.075Z DEBUG [AGQ][Extension] Quota update received: {
  "models_count": 7,
  "prompt_credits": {
    "available": 500,
    "monthly": 50000,
    "used_percentage": 99,
    "remaining_percentage": 1
  },
  "timestamp": "2026-01-14T16:17:57.075Z"
}
2026-01-14T16:19:57.087Z DEBUG [AGQ][Extension] Quota update received: {
  "models_count": 7,
  "prompt_credits": {
    "available": 500,
    "monthly": 50000,
    "used_percentage": 99,
    "remaining_percentage": 1
  },
  "timestamp": "2026-01-14T16:19:57.087Z"
}
2026-01-14T16:21:57.092Z DEBUG [AGQ][Extension] Quota update received: {
  "models_count": 7,
  "prompt_credits": {
    "available": 500,
    "monthly": 50000,
    "used_percentage": 99,
    "remaining_percentage": 1
  },
  "timestamp": "2026-01-14T16:21:57.092Z"
}
2026-01-14T16:23:57.097Z DEBUG [AGQ][Extension] Quota update received: {
  "models_count": 7,
  "prompt_credits": {
    "available": 500,
    "monthly": 50000,
    "used_percentage": 99,
    "remaining_percentage": 1
  },
  "timestamp": "2026-01-14T16:23:57.097Z"
}
2026-01-14T16:25:57.097Z DEBUG [AGQ][Extension] Quota update received: {
  "models_count": 7,
  "prompt_credits": {
    "available": 500,
    "monthly": 50000,
    "used_percentage": 99,
    "remaining_percentage": 1
  },
  "timestamp": "2026-01-14T16:25:57.097Z"
}
2026-01-14T16:27:57.101Z DEBUG [AGQ][Extension] Quota update received: {
  "models_count": 7,
  "prompt_credits": {
    "available": 500,
    "monthly": 50000,
    "used_percentage": 99,
    "remaining_percentage": 1
  },
  "timestamp": "2026-01-14T16:27:57.101Z"
}
2026-01-14T16:29:57.111Z DEBUG [AGQ][Extension] Quota update received: {
  "models_count": 7,
  "prompt_credits": {
    "available": 500,
    "monthly": 50000,
    "used_percentage": 99,
    "remaining_percentage": 1
  },
  "timestamp": "2026-01-14T16:29:57.111Z"
}
2026-01-14T16:31:57.173Z DEBUG [AGQ][Extension] Quota update received: {
  "models_count": 7,
  "prompt_credits": {
    "available": 500,
    "monthly": 50000,
    "used_percentage": 99,
    "remaining_percentage": 1
  },
  "timestamp": "2026-01-14T16:31:57.172Z"
}
2026-01-14T16:33:57.143Z DEBUG [AGQ][Extension] Quota update received: {
  "models_count": 7,
  "prompt_credits": {
    "available": 500,
    "monthly": 50000,
    "used_percentage": 99,
    "remaining_percentage": 1
  },
  "timestamp": "2026-01-14T16:33:57.143Z"
}
2026-01-14T16:34:12.803Z DEBUG [AGQ][Extension] Show menu triggered
2026-01-14T16:35:57.144Z DEBUG [AGQ][Extension] Quota update received: {
  "models_count": 7,
  "prompt_credits": {
    "available": 500,
    "monthly": 50000,
    "used_percentage": 99,
    "remaining_percentage": 1
  },
  "timestamp": "2026-01-14T16:35:57.144Z"
}
