2026-01-14 23:05:39.904 [info] Reading sessions from keychain...
2026-01-14 23:05:39.904 [info] Getting sessions for all scopes...
2026-01-14 23:05:39.904 [info] Got 0 sessions for ...
2026-01-14 23:05:39.904 [info] Getting sessions for all scopes...
2026-01-14 23:05:39.904 [info] Got 0 sessions for ...
2026-01-14 23:05:39.904 [info] Getting sessions for all scopes...
2026-01-14 23:05:39.904 [info] Got 0 sessions for ...
2026-01-14 23:05:39.904 [info] Getting sessions for all scopes...
2026-01-14 23:05:39.904 [info] Got 0 sessions for ...
2026-01-14 23:05:39.904 [info] Getting sessions for all scopes...
2026-01-14 23:05:39.904 [info] Got 0 sessions for ...
2026-01-14 23:05:39.904 [info] Getting sessions for read:user,repo,user:email,workflow...
2026-01-14 23:05:39.904 [info] Got 0 sessions for read:user,repo,user:email,workflow...
2026-01-14 23:05:40.347 [info] Getting sessions for read:user,repo,user:email,workflow...
2026-01-14 23:05:40.347 [info] Got 0 sessions for read:user,repo,user:email,workflow...
2026-01-14 23:05:47.216 [info] Getting sessions for all scopes...
2026-01-14 23:05:47.216 [info] Got 0 sessions for ...
2026-01-14 23:05:48.496 [info] Getting sessions for all scopes...
2026-01-14 23:05:48.496 [info] Got 0 sessions for ...
2026-01-14 23:35:31.671 [info] Getting sessions for all scopes...
2026-01-14 23:35:31.671 [info] Got 0 sessions for ...
2026-01-14 23:35:51.928 [info] Getting sessions for all scopes...
2026-01-14 23:35:51.928 [info] Got 0 sessions for ...
2026-01-14 23:35:54.729 [info] Getting sessions for all scopes...
2026-01-14 23:35:54.729 [info] Got 0 sessions for ...
2026-01-14 23:36:04.576 [info] Reading sessions from keychain...
2026-01-14 23:36:04.576 [info] Getting sessions for all scopes...
2026-01-14 23:36:04.576 [info] Got 0 sessions for ...
2026-01-14 23:36:04.576 [info] Getting sessions for all scopes...
2026-01-14 23:36:04.576 [info] Got 0 sessions for ...
2026-01-14 23:36:04.576 [info] Getting sessions for all scopes...
2026-01-14 23:36:04.576 [info] Got 0 sessions for ...
2026-01-14 23:36:04.576 [info] Getting sessions for all scopes...
2026-01-14 23:36:04.576 [info] Got 0 sessions for ...
2026-01-14 23:36:04.576 [info] Getting sessions for all scopes...
2026-01-14 23:36:04.576 [info] Got 0 sessions for ...
2026-01-14 23:36:04.576 [info] Getting sessions for all scopes...
2026-01-14 23:36:04.576 [info] Got 0 sessions for ...
2026-01-14 23:36:05.830 [info] Getting sessions for read:user,repo,user:email,workflow...
2026-01-14 23:36:05.830 [info] Got 0 sessions for read:user,repo,user:email,workflow...
2026-01-14 23:36:06.918 [info] Getting sessions for read:user,repo,user:email,workflow...
2026-01-14 23:36:06.918 [info] Got 0 sessions for read:user,repo,user:email,workflow...
2026-01-14 23:36:07.982 [info] Getting sessions for all scopes...
2026-01-14 23:36:07.982 [info] Got 0 sessions for ...
