2026-01-14 23:05:37.875 [info] Extension host with pid 20044 started
2026-01-14 23:05:37.875 [info] Skipping acquiring lock for c:\Users\Admin\AppData\Roaming\Antigravity\User\workspaceStorage\f37793291fb38631027c932ebba4258e.
2026-01-14 23:05:37.907 [info] ExtensionService#_doActivateExtension vscode.git-base, startup: false, activationEvent: '*', root cause: google.antigravity
2026-01-14 23:05:37.962 [info] ExtensionService#_doActivateExtension vscode.git, startup: false, activationEvent: '*', root cause: google.antigravity
2026-01-14 23:05:38.095 [info] ExtensionService#_doActivateExtension vscode.github, startup: false, activationEvent: '*'
2026-01-14 23:05:38.232 [info] ExtensionService#_doActivateExtension google.antigravity, startup: false, activationEvent: '*'
2026-01-14 23:05:39.045 [info] ExtensionService#_doActivateExtension vscode.npm, startup: true, activationEvent: 'workspaceContains:package.json'
2026-01-14 23:05:39.380 [info] ExtensionService#_doActivateExtension vscode.emmet, startup: false, activationEvent: 'onLanguage'
2026-01-14 23:05:39.717 [info] ExtensionService#_doActivateExtension vscode.github-authentication, startup: false, activationEvent: 'onAuthenticationRequest:github'
2026-01-14 23:05:44.741 [info] ExtensionService#_doActivateExtension vscode.configuration-editing, startup: false, activationEvent: 'onLanguage:json'
2026-01-14 23:05:44.843 [info] ExtensionService#_doActivateExtension vscode.extension-editing, startup: false, activationEvent: 'onLanguage:json'
2026-01-14 23:05:45.012 [info] ExtensionService#_doActivateExtension vscode.json-language-features, startup: false, activationEvent: 'onLanguage:json'
2026-01-14 23:05:46.888 [info] ExtensionService#_doActivateExtension vscode.terminal-suggest, startup: false, activationEvent: 'onTerminalShellIntegration:*'
2026-01-14 23:05:48.915 [info] ExtensionService#_doActivateExtension google.antigravity-browser-launcher, startup: false, activationEvent: 'onStartupFinished'
2026-01-14 23:05:48.994 [info] ExtensionService#_doActivateExtension Google LLC.antigravity-dev-containers, startup: false, activationEvent: 'onStartupFinished'
2026-01-14 23:05:49.086 [info] ExtensionService#_doActivateExtension vscode.debug-auto-launch, startup: false, activationEvent: 'onStartupFinished'
2026-01-14 23:05:49.181 [info] ExtensionService#_doActivateExtension vscode.merge-conflict, startup: false, activationEvent: 'onStartupFinished'
2026-01-14 23:05:49.673 [info] ExtensionService#_doActivateExtension esbenp.prettier-vscode, startup: false, activationEvent: 'onStartupFinished'
2026-01-14 23:05:51.284 [info] ExtensionService#_doActivateExtension henrikdev.ag-quota, startup: false, activationEvent: 'onStartupFinished'
2026-01-14 23:05:51.797 [info] ExtensionService#_doActivateExtension PKief.material-icon-theme, startup: false, activationEvent: 'onStartupFinished'
2026-01-14 23:05:52.093 [info] ExtensionService#_doActivateExtension zhuangtongfa.material-theme, startup: false, activationEvent: 'onStartupFinished'
2026-01-14 23:05:52.867 [info] Eager extensions activated
2026-01-14 23:28:44.839 [info] ExtensionService#_doActivateExtension vscode.typescript-language-features, startup: false, activationEvent: 'onLanguage:typescriptreact'
2026-01-14 23:28:46.934 [error] Error: Model is disposed!
    at OC.lb (vscode-file://vscode-app/c:/Users/Admin/AppData/Local/Programs/Antigravity/resources/app/out/vs/workbench/workbench.desktop.main.js:3034:303)
    at OC.getVersionId (vscode-file://vscode-app/c:/Users/Admin/AppData/Local/Programs/Antigravity/resources/app/out/vs/workbench/workbench.desktop.main.js:3036:2487)
    at _fn.fetch (vscode-file://vscode-app/c:/Users/Admin/AppData/Local/Programs/Antigravity/resources/app/out/vs/workbench/workbench.desktop.main.js:3223:9306)
    at FD._computeFn (vscode-file://vscode-app/c:/Users/Admin/AppData/Local/Programs/Antigravity/resources/app/out/vs/workbench/workbench.desktop.main.js:3223:24501)
    at FD.get (vscode-file://vscode-app/c:/Users/Admin/AppData/Local/Programs/Antigravity/resources/app/out/vs/workbench/workbench.desktop.main.js:2793:9092)
    at FD.reportChanges (vscode-file://vscode-app/c:/Users/Admin/AppData/Local/Programs/Antigravity/resources/app/out/vs/workbench/workbench.desktop.main.js:2793:546)
    at Rfr.endUpdate (vscode-file://vscode-app/c:/Users/Admin/AppData/Local/Programs/Antigravity/resources/app/out/vs/workbench/workbench.desktop.main.js:2793:16734)
    at FD.endUpdate (vscode-file://vscode-app/c:/Users/Admin/AppData/Local/Programs/Antigravity/resources/app/out/vs/workbench/workbench.desktop.main.js:2793:10482)
    at DSe.finish (vscode-file://vscode-app/c:/Users/Admin/AppData/Local/Programs/Antigravity/resources/app/out/vs/workbench/workbench.desktop.main.js:2792:103634)
    at pua (vscode-file://vscode-app/c:/Users/Admin/AppData/Local/Programs/Antigravity/resources/app/out/vs/workbench/workbench.desktop.main.js:2792:103121)
2026-01-14 23:28:48.279 [error] Error: Model is disposed!
    at OC.lb (vscode-file://vscode-app/c:/Users/Admin/AppData/Local/Programs/Antigravity/resources/app/out/vs/workbench/workbench.desktop.main.js:3034:303)
    at OC.getVersionId (vscode-file://vscode-app/c:/Users/Admin/AppData/Local/Programs/Antigravity/resources/app/out/vs/workbench/workbench.desktop.main.js:3036:2487)
    at _fn.fetch (vscode-file://vscode-app/c:/Users/Admin/AppData/Local/Programs/Antigravity/resources/app/out/vs/workbench/workbench.desktop.main.js:3223:9306)
    at FD._computeFn (vscode-file://vscode-app/c:/Users/Admin/AppData/Local/Programs/Antigravity/resources/app/out/vs/workbench/workbench.desktop.main.js:3223:24501)
    at FD.get (vscode-file://vscode-app/c:/Users/Admin/AppData/Local/Programs/Antigravity/resources/app/out/vs/workbench/workbench.desktop.main.js:2793:9092)
    at FD.reportChanges (vscode-file://vscode-app/c:/Users/Admin/AppData/Local/Programs/Antigravity/resources/app/out/vs/workbench/workbench.desktop.main.js:2793:546)
    at Rfr.endUpdate (vscode-file://vscode-app/c:/Users/Admin/AppData/Local/Programs/Antigravity/resources/app/out/vs/workbench/workbench.desktop.main.js:2793:16734)
    at FD.endUpdate (vscode-file://vscode-app/c:/Users/Admin/AppData/Local/Programs/Antigravity/resources/app/out/vs/workbench/workbench.desktop.main.js:2793:10482)
    at DSe.finish (vscode-file://vscode-app/c:/Users/Admin/AppData/Local/Programs/Antigravity/resources/app/out/vs/workbench/workbench.desktop.main.js:2792:103634)
    at pua (vscode-file://vscode-app/c:/Users/Admin/AppData/Local/Programs/Antigravity/resources/app/out/vs/workbench/workbench.desktop.main.js:2792:103121)
2026-01-14 23:35:31.451 [info] ExtensionService#_doActivateExtension jlcodes.antigravity-cockpit, startup: false, activationEvent: 'onStartupFinished'
2026-01-14 23:36:01.010 [info] Extension host terminating: renderer closed the MessagePort
2026-01-14 23:36:01.085 [info] Extension host with pid 20044 exiting with code 0
2026-01-14 23:36:02.380 [info] Extension host with pid 23052 started
2026-01-14 23:36:02.380 [info] Skipping acquiring lock for c:\Users\Admin\AppData\Roaming\Antigravity\User\workspaceStorage\f37793291fb38631027c932ebba4258e.
2026-01-14 23:36:02.478 [info] ExtensionService#_doActivateExtension vscode.terminal-suggest, startup: false, activationEvent: 'onTerminalShellIntegration:*'
2026-01-14 23:36:02.566 [info] ExtensionService#_doActivateExtension vscode.git-base, startup: false, activationEvent: '*', root cause: google.antigravity
2026-01-14 23:36:02.574 [info] ExtensionService#_doActivateExtension vscode.emmet, startup: false, activationEvent: 'onLanguage'
2026-01-14 23:36:02.598 [info] ExtensionService#_doActivateExtension vscode.github-authentication, startup: false, activationEvent: 'onAuthenticationRequest:github'
2026-01-14 23:36:02.706 [info] ExtensionService#_doActivateExtension vscode.configuration-editing, startup: false, activationEvent: 'onLanguage:json'
2026-01-14 23:36:02.721 [info] ExtensionService#_doActivateExtension vscode.extension-editing, startup: false, activationEvent: 'onLanguage:json'
2026-01-14 23:36:02.850 [info] ExtensionService#_doActivateExtension vscode.json-language-features, startup: false, activationEvent: 'onLanguage:json'
2026-01-14 23:36:02.916 [info] ExtensionService#_doActivateExtension vscode.npm, startup: false, activationEvent: 'onLanguage:json'
2026-01-14 23:36:03.142 [info] ExtensionService#_doActivateExtension vscode.typescript-language-features, startup: false, activationEvent: 'onLanguage:typescriptreact'
2026-01-14 23:36:03.228 [info] ExtensionService#_doActivateExtension jlcodes.antigravity-cockpit, startup: false, activationEvent: 'onCommand:agCockpit.open'
2026-01-14 23:36:03.610 [info] ExtensionService#_doActivateExtension vscode.git, startup: false, activationEvent: '*', root cause: google.antigravity
2026-01-14 23:36:03.703 [info] ExtensionService#_doActivateExtension vscode.github, startup: false, activationEvent: '*'
2026-01-14 23:36:04.012 [info] ExtensionService#_doActivateExtension google.antigravity, startup: false, activationEvent: '*'
2026-01-14 23:36:08.455 [info] Eager extensions activated
2026-01-14 23:36:08.464 [info] ExtensionService#_doActivateExtension google.antigravity-browser-launcher, startup: false, activationEvent: 'onStartupFinished'
2026-01-14 23:36:08.476 [info] ExtensionService#_doActivateExtension Google LLC.antigravity-dev-containers, startup: false, activationEvent: 'onStartupFinished'
2026-01-14 23:36:08.494 [info] ExtensionService#_doActivateExtension vscode.debug-auto-launch, startup: false, activationEvent: 'onStartupFinished'
2026-01-14 23:36:08.503 [info] ExtensionService#_doActivateExtension vscode.merge-conflict, startup: false, activationEvent: 'onStartupFinished'
2026-01-14 23:36:08.577 [info] ExtensionService#_doActivateExtension esbenp.prettier-vscode, startup: false, activationEvent: 'onStartupFinished'
2026-01-14 23:36:08.894 [info] ExtensionService#_doActivateExtension PKief.material-icon-theme, startup: false, activationEvent: 'onStartupFinished'
2026-01-14 23:36:08.984 [info] ExtensionService#_doActivateExtension zhuangtongfa.material-theme, startup: false, activationEvent: 'onStartupFinished'
2026-01-14 23:38:18.378 [info] ExtensionService#_doActivateExtension vscode.markdown-language-features, startup: false, activationEvent: 'onLanguage:markdown'
2026-01-14 23:38:19.584 [info] ExtensionService#_doActivateExtension vscode.markdown-math, startup: false, activationEvent: 'api', root cause: vscode.markdown-language-features
2026-01-15 00:08:13.852 [info] Extension host terminating: renderer closed the MessagePort
2026-01-15 00:08:13.910 [info] Extension host with pid 23052 exiting with code 0
