2026-01-14 22:20:34.770 [info] Reading sessions from keychain...
2026-01-14 22:20:34.770 [info] Getting sessions for all scopes...
2026-01-14 22:20:34.770 [info] Got 0 sessions for ...
2026-01-14 22:20:34.770 [info] Getting sessions for all scopes...
2026-01-14 22:20:34.770 [info] Got 0 sessions for ...
2026-01-14 22:20:34.770 [info] Getting sessions for all scopes...
2026-01-14 22:20:34.770 [info] Got 0 sessions for ...
2026-01-14 22:20:34.770 [info] Getting sessions for all scopes...
2026-01-14 22:20:34.770 [info] Got 0 sessions for ...
2026-01-14 22:20:34.770 [info] Getting sessions for all scopes...
2026-01-14 22:20:34.771 [info] Got 0 sessions for ...
2026-01-14 22:20:34.771 [info] Getting sessions for read:user,repo,user:email,workflow...
2026-01-14 22:20:34.771 [info] Got 0 sessions for read:user,repo,user:email,workflow...
2026-01-14 22:20:35.696 [info] Getting sessions for read:user,repo,user:email,workflow...
2026-01-14 22:20:35.696 [info] Got 0 sessions for read:user,repo,user:email,workflow...
2026-01-14 22:20:36.716 [info] Getting sessions for all scopes...
2026-01-14 22:20:36.716 [info] Got 0 sessions for ...
2026-01-14 22:20:47.322 [info] Getting sessions for all scopes...
2026-01-14 22:20:47.322 [info] Got 0 sessions for ...
2026-01-14 22:20:51.373 [info] Getting sessions for all scopes...
2026-01-14 22:20:51.373 [info] Got 0 sessions for ...
