2026-01-12T14:59:54.783Z DEBUG [AGQ][Extension] ============================================================
2026-01-12T14:59:54.784Z DEBUG [AGQ][Extension] Antigravity Quota Activating
2026-01-12T14:59:54.784Z DEBUG [AGQ][Extension] ============================================================
2026-01-12T14:59:54.784Z INFO  [AGQ][Extension] VS Code Version: 1.104.0
2026-01-12T14:59:54.784Z INFO  [AGQ][Extension] Extension activating at: 2026-01-12T14:59:54.784Z
2026-01-12T14:59:54.784Z DEBUG [AGQ][ProcessFinder] Initializing ProcessFinder for platform: win32, arch: x64
2026-01-12T14:59:54.784Z INFO  [AGQ][ProcessFinder] Target process name: language_server_windows_x64.exe
2026-01-12T14:59:54.785Z DEBUG [AGQ][Extension] Initial config: {
  "enabled": true,
  "polling_interval": 120000,
  "show_prompt_credits": false
}
2026-01-12T14:59:54.785Z DEBUG [AGQ][Extension] Starting async initialization...
2026-01-12T14:59:54.785Z DEBUG [AGQ][Extension] ============================================================
2026-01-12T14:59:54.786Z DEBUG [AGQ][Extension] Initializing Extension
2026-01-12T14:59:54.786Z DEBUG [AGQ][Extension] ============================================================
2026-01-12T14:59:54.786Z DEBUG [AGQ][PERF] Timer started: initialize_extension
2026-01-12T14:59:54.786Z INFO  [AGQ][Extension] Detecting Antigravity process...
2026-01-12T14:59:54.787Z DEBUG [AGQ][ProcessFinder] ============================================================
2026-01-12T14:59:54.787Z DEBUG [AGQ][ProcessFinder] Starting process detection (max_retries: 1)
2026-01-12T14:59:54.788Z DEBUG [AGQ][ProcessFinder] ============================================================
2026-01-12T14:59:54.788Z DEBUG [AGQ][PERF] Timer started: detect_process_info
2026-01-12T14:59:54.788Z DEBUG [AGQ][ProcessFinder] Attempt 1/1
2026-01-12T14:59:54.788Z DEBUG [AGQ][ProcessFinder] Executing process list command:
powershell -NoProfile -Command "Get-CimInstance Win32_Process -Filter \"name='language_server_windows_x64.exe'\" | Select-Object ProcessId,CommandLine | ConvertTo-Json"
2026-01-12T14:59:54.819Z INFO  [AGQ][Extension] Extension activation complete
2026-01-12T14:59:56.325Z DEBUG [AGQ][ProcessFinder] Raw stdout (487 chars):
{
    "ProcessId":  16888,
    "CommandLine":  "c:\\Users\\Admin\\AppData\\Local\\Programs\\Antigravity\\resources\\app\\extensions\\antigravity\\bin\\language_server_windows_x64.exe --enable_lsp --extension_server_port 62267 --csrf_token da0d8f20-d7d7-4361-a575-448192354ef6 --random_port --workspace_id file_d_3A_DuAnRieng_MemMart --cloud_code_endpoint https://daily-cloudcode-pa.googleapis.com --app_data_dir antigravity --parent_pipe_path \\\\.\\pipe\\server_c7291da9e827a7c1"
}

2026-01-12T14:59:56.326Z DEBUG [AGQ][WindowsStrategy] Parsing process info (using PowerShell: true)
2026-01-12T14:59:56.326Z DEBUG [AGQ][WindowsStrategy] Detected JSON output, parsing...
2026-01-12T14:59:56.326Z DEBUG [AGQ][WindowsStrategy] JSON is a single object (PID: 16888)
2026-01-12T14:59:56.327Z DEBUG [AGQ][WindowsStrategy] CommandLine: c:\Users\Admin\AppData\Local\Programs\Antigravity\resources\app\extensions\antigravity\bin\language_server_windows_x64.exe --enable_lsp --extension_server_port 62267 --csrf_token da0d8f20-d7d7-4361-a5...
2026-01-12T14:59:56.327Z DEBUG [AGQ][WindowsStrategy] Process identified as Antigravity (--app_data_dir match)
2026-01-12T14:59:56.327Z INFO  [AGQ][WindowsStrategy] Found 1 Antigravity process, PID: 16888
2026-01-12T14:59:56.327Z DEBUG [AGQ][WindowsStrategy] Regex matches: extension_port=62267, csrf_token=FOUND
2026-01-12T14:59:56.327Z DEBUG [AGQ][WindowsStrategy] Extracted: PID=16888, extension_port=62267, csrf_token=da0d8f20...
2026-01-12T14:59:56.328Z INFO  [AGQ][ProcessFinder] Process info parsed successfully: {
  "pid": 16888,
  "extension_port": 62267,
  "csrf_token": "da0d8f20..."
}
2026-01-12T14:59:56.328Z DEBUG [AGQ][ProcessFinder] Getting listening ports for PID: 16888
2026-01-12T14:59:56.328Z DEBUG [AGQ][ProcessFinder] Port list command:
powershell -NoProfile -Command "Get-NetTCPConnection -OwningProcess 16888 -State Listen | Select-Object -ExpandProperty LocalPort | ConvertTo-Json"
2026-01-12T14:59:59.233Z DEBUG [AGQ][ProcessFinder] Port list stdout (41 chars):
[
    62275,
    62269,
    62268
]

2026-01-12T14:59:59.234Z DEBUG [AGQ][ProcessFinder] Parsed ports: [62268, 62269, 62275]
2026-01-12T14:59:59.234Z DEBUG [AGQ][ProcessFinder] Found 3 listening port(s): [62268, 62269, 62275]
2026-01-12T14:59:59.234Z DEBUG [AGQ][ProcessFinder] Testing ports to find working endpoint...
2026-01-12T14:59:59.234Z DEBUG [AGQ][ProcessFinder] Testing port 62268...
2026-01-12T14:59:59.235Z DEBUG [AGQ][ProcessFinder] HTTP request to https://127.0.0.1:62268/exa.language_server_pb.LanguageServerService/GetUnleashData
2026-01-12T14:59:59.256Z DEBUG [AGQ][ProcessFinder] Response from port 62268: status=200
2026-01-12T14:59:59.257Z INFO  [AGQ][ProcessFinder] Port 62268 is working
2026-01-12T14:59:59.257Z INFO  [AGQ][ProcessFinder] SUCCESS: Valid port found: 62268
2026-01-12T14:59:59.257Z DEBUG [AGQ][PERF] Timer ended: detect_process_info (4469ms)
2026-01-12T14:59:59.257Z INFO  [AGQ][Extension] Process found successfully {
  "extension_port": 62267,
  "connect_port": 62268,
  "csrf_token": "da0d8f20..."
}
2026-01-12T14:59:59.258Z DEBUG [AGQ][Extension] Starting polling with interval: 120000ms
2026-01-12T14:59:59.260Z INFO  [AGQ][Extension] Initialization successful
2026-01-12T14:59:59.260Z DEBUG [AGQ][PERF] Timer ended: initialize_extension (4474ms)
2026-01-12T14:59:59.282Z DEBUG [AGQ][Extension] Quota update received: {
  "models_count": 7,
  "prompt_credits": {
    "available": 500,
    "monthly": 50000,
    "used_percentage": 99,
    "remaining_percentage": 1
  },
  "timestamp": "2026-01-12T14:59:59.282Z"
}
