2026-01-13T14:20:07.503Z DEBUG [AGQ][Extension] ============================================================
2026-01-13T14:20:07.503Z DEBUG [AGQ][Extension] Antigravity Quota Activating
2026-01-13T14:20:07.503Z DEBUG [AGQ][Extension] ============================================================
2026-01-13T14:20:07.503Z INFO  [AGQ][Extension] VS Code Version: 1.104.0
2026-01-13T14:20:07.503Z INFO  [AGQ][Extension] Extension activating at: 2026-01-13T14:20:07.503Z
2026-01-13T14:20:07.503Z DEBUG [AGQ][ProcessFinder] Initializing ProcessFinder for platform: win32, arch: x64
2026-01-13T14:20:07.503Z INFO  [AGQ][ProcessFinder] Target process name: language_server_windows_x64.exe
2026-01-13T14:20:07.504Z DEBUG [AGQ][Extension] Initial config: {
  "enabled": true,
  "polling_interval": 120000,
  "show_prompt_credits": false
}
2026-01-13T14:20:07.504Z DEBUG [AGQ][Extension] Starting async initialization...
2026-01-13T14:20:07.505Z DEBUG [AGQ][Extension] ============================================================
2026-01-13T14:20:07.505Z DEBUG [AGQ][Extension] Initializing Extension
2026-01-13T14:20:07.505Z DEBUG [AGQ][Extension] ============================================================
2026-01-13T14:20:07.505Z DEBUG [AGQ][PERF] Timer started: initialize_extension
2026-01-13T14:20:07.506Z INFO  [AGQ][Extension] Detecting Antigravity process...
2026-01-13T14:20:07.506Z DEBUG [AGQ][ProcessFinder] ============================================================
2026-01-13T14:20:07.506Z DEBUG [AGQ][ProcessFinder] Starting process detection (max_retries: 1)
2026-01-13T14:20:07.506Z DEBUG [AGQ][ProcessFinder] ============================================================
2026-01-13T14:20:07.506Z DEBUG [AGQ][PERF] Timer started: detect_process_info
2026-01-13T14:20:07.507Z DEBUG [AGQ][ProcessFinder] Attempt 1/1
2026-01-13T14:20:07.507Z DEBUG [AGQ][ProcessFinder] Executing process list command:
powershell -NoProfile -Command "Get-CimInstance Win32_Process -Filter \"name='language_server_windows_x64.exe'\" | Select-Object ProcessId,CommandLine | ConvertTo-Json"
2026-01-13T14:20:07.532Z INFO  [AGQ][Extension] Extension activation complete
2026-01-13T14:20:11.162Z DEBUG [AGQ][ProcessFinder] Raw stdout (487 chars):
{
    "ProcessId":  22296,
    "CommandLine":  "c:\\Users\\Admin\\AppData\\Local\\Programs\\Antigravity\\resources\\app\\extensions\\antigravity\\bin\\language_server_windows_x64.exe --enable_lsp --extension_server_port 51479 --csrf_token b829651a-722c-4f89-8272-f1c06f28c0a6 --random_port --workspace_id file_d_3A_DuAnRieng_MemMart --cloud_code_endpoint https://daily-cloudcode-pa.googleapis.com --app_data_dir antigravity --parent_pipe_path \\\\.\\pipe\\server_a5fa7b62f0d13b27"
}

2026-01-13T14:20:11.162Z DEBUG [AGQ][WindowsStrategy] Parsing process info (using PowerShell: true)
2026-01-13T14:20:11.162Z DEBUG [AGQ][WindowsStrategy] Detected JSON output, parsing...
2026-01-13T14:20:11.163Z DEBUG [AGQ][WindowsStrategy] JSON is a single object (PID: 22296)
2026-01-13T14:20:11.163Z DEBUG [AGQ][WindowsStrategy] CommandLine: c:\Users\Admin\AppData\Local\Programs\Antigravity\resources\app\extensions\antigravity\bin\language_server_windows_x64.exe --enable_lsp --extension_server_port 51479 --csrf_token b829651a-722c-4f89-82...
2026-01-13T14:20:11.163Z DEBUG [AGQ][WindowsStrategy] Process identified as Antigravity (--app_data_dir match)
2026-01-13T14:20:11.164Z INFO  [AGQ][WindowsStrategy] Found 1 Antigravity process, PID: 22296
2026-01-13T14:20:11.164Z DEBUG [AGQ][WindowsStrategy] Regex matches: extension_port=51479, csrf_token=FOUND
2026-01-13T14:20:11.164Z DEBUG [AGQ][WindowsStrategy] Extracted: PID=22296, extension_port=51479, csrf_token=b829651a...
2026-01-13T14:20:11.165Z INFO  [AGQ][ProcessFinder] Process info parsed successfully: {
  "pid": 22296,
  "extension_port": 51479,
  "csrf_token": "b829651a..."
}
2026-01-13T14:20:11.165Z DEBUG [AGQ][ProcessFinder] Getting listening ports for PID: 22296
2026-01-13T14:20:11.165Z DEBUG [AGQ][ProcessFinder] Port list command:
powershell -NoProfile -Command "Get-NetTCPConnection -OwningProcess 22296 -State Listen | Select-Object -ExpandProperty LocalPort | ConvertTo-Json"
2026-01-13T14:20:19.366Z DEBUG [AGQ][ProcessFinder] Port list stdout (41 chars):
[
    59934,
    59929,
    59928
]

2026-01-13T14:20:19.366Z DEBUG [AGQ][ProcessFinder] Parsed ports: [59928, 59929, 59934]
2026-01-13T14:20:19.367Z DEBUG [AGQ][ProcessFinder] Found 3 listening port(s): [59928, 59929, 59934]
2026-01-13T14:20:19.367Z DEBUG [AGQ][ProcessFinder] Testing ports to find working endpoint...
2026-01-13T14:20:19.367Z DEBUG [AGQ][ProcessFinder] Testing port 59928...
2026-01-13T14:20:19.367Z DEBUG [AGQ][ProcessFinder] HTTP request to https://127.0.0.1:59928/exa.language_server_pb.LanguageServerService/GetUnleashData
2026-01-13T14:20:19.393Z DEBUG [AGQ][ProcessFinder] Response from port 59928: status=200
2026-01-13T14:20:19.393Z INFO  [AGQ][ProcessFinder] Port 59928 is working
2026-01-13T14:20:19.394Z INFO  [AGQ][ProcessFinder] SUCCESS: Valid port found: 59928
2026-01-13T14:20:19.394Z DEBUG [AGQ][PERF] Timer ended: detect_process_info (11888ms)
2026-01-13T14:20:19.394Z INFO  [AGQ][Extension] Process found successfully {
  "extension_port": 51479,
  "connect_port": 59928,
  "csrf_token": "b829651a..."
}
2026-01-13T14:20:19.394Z DEBUG [AGQ][Extension] Starting polling with interval: 120000ms
2026-01-13T14:20:19.396Z INFO  [AGQ][Extension] Initialization successful
2026-01-13T14:20:19.396Z DEBUG [AGQ][PERF] Timer ended: initialize_extension (11891ms)
2026-01-13T14:20:19.427Z DEBUG [AGQ][Extension] Quota update received: {
  "models_count": 7,
  "prompt_credits": {
    "available": 500,
    "monthly": 50000,
    "used_percentage": 99,
    "remaining_percentage": 1
  },
  "timestamp": "2026-01-13T14:20:19.427Z"
}
2026-01-13T14:22:19.420Z DEBUG [AGQ][Extension] Quota update received: {
  "models_count": 7,
  "prompt_credits": {
    "available": 500,
    "monthly": 50000,
    "used_percentage": 99,
    "remaining_percentage": 1
  },
  "timestamp": "2026-01-13T14:22:19.419Z"
}
2026-01-13T14:24:19.421Z DEBUG [AGQ][Extension] Quota update received: {
  "models_count": 7,
  "prompt_credits": {
    "available": 500,
    "monthly": 50000,
    "used_percentage": 99,
    "remaining_percentage": 1
  },
  "timestamp": "2026-01-13T14:24:19.421Z"
}
2026-01-13T14:26:19.424Z DEBUG [AGQ][Extension] Quota update received: {
  "models_count": 7,
  "prompt_credits": {
    "available": 500,
    "monthly": 50000,
    "used_percentage": 99,
    "remaining_percentage": 1
  },
  "timestamp": "2026-01-13T14:26:19.424Z"
}
2026-01-13T14:28:19.432Z DEBUG [AGQ][Extension] Quota update received: {
  "models_count": 7,
  "prompt_credits": {
    "available": 500,
    "monthly": 50000,
    "used_percentage": 99,
    "remaining_percentage": 1
  },
  "timestamp": "2026-01-13T14:28:19.432Z"
}
2026-01-13T14:30:19.427Z DEBUG [AGQ][Extension] Quota update received: {
  "models_count": 7,
  "prompt_credits": {
    "available": 500,
    "monthly": 50000,
    "used_percentage": 99,
    "remaining_percentage": 1
  },
  "timestamp": "2026-01-13T14:30:19.427Z"
}
2026-01-13T14:32:19.456Z DEBUG [AGQ][Extension] Quota update received: {
  "models_count": 7,
  "prompt_credits": {
    "available": 500,
    "monthly": 50000,
    "used_percentage": 99,
    "remaining_percentage": 1
  },
  "timestamp": "2026-01-13T14:32:19.456Z"
}
2026-01-13T14:34:19.459Z DEBUG [AGQ][Extension] Quota update received: {
  "models_count": 7,
  "prompt_credits": {
    "available": 500,
    "monthly": 50000,
    "used_percentage": 99,
    "remaining_percentage": 1
  },
  "timestamp": "2026-01-13T14:34:19.459Z"
}
2026-01-13T14:36:19.457Z DEBUG [AGQ][Extension] Quota update received: {
  "models_count": 7,
  "prompt_credits": {
    "available": 500,
    "monthly": 50000,
    "used_percentage": 99,
    "remaining_percentage": 1
  },
  "timestamp": "2026-01-13T14:36:19.457Z"
}
2026-01-13T14:37:20.927Z DEBUG [AGQ][Extension] Show menu triggered
2026-01-13T14:38:19.479Z DEBUG [AGQ][Extension] Quota update received: {
  "models_count": 7,
  "prompt_credits": {
    "available": 500,
    "monthly": 50000,
    "used_percentage": 99,
    "remaining_percentage": 1
  },
  "timestamp": "2026-01-13T14:38:19.479Z"
}
2026-01-13T14:40:19.478Z DEBUG [AGQ][Extension] Quota update received: {
  "models_count": 7,
  "prompt_credits": {
    "available": 500,
    "monthly": 50000,
    "used_percentage": 99,
    "remaining_percentage": 1
  },
  "timestamp": "2026-01-13T14:40:19.478Z"
}
2026-01-13T14:42:19.487Z DEBUG [AGQ][Extension] Quota update received: {
  "models_count": 7,
  "prompt_credits": {
    "available": 500,
    "monthly": 50000,
    "used_percentage": 99,
    "remaining_percentage": 1
  },
  "timestamp": "2026-01-13T14:42:19.487Z"
}
2026-01-13T14:44:19.493Z DEBUG [AGQ][Extension] Quota update received: {
  "models_count": 7,
  "prompt_credits": {
    "available": 500,
    "monthly": 50000,
    "used_percentage": 99,
    "remaining_percentage": 1
  },
  "timestamp": "2026-01-13T14:44:19.493Z"
}
2026-01-13T14:46:19.495Z DEBUG [AGQ][Extension] Quota update received: {
  "models_count": 7,
  "prompt_credits": {
    "available": 500,
    "monthly": 50000,
    "used_percentage": 99,
    "remaining_percentage": 1
  },
  "timestamp": "2026-01-13T14:46:19.495Z"
}
2026-01-13T14:48:12.785Z DEBUG [AGQ][Extension] Show menu triggered
2026-01-13T14:48:19.502Z DEBUG [AGQ][Extension] Quota update received: {
  "models_count": 7,
  "prompt_credits": {
    "available": 500,
    "monthly": 50000,
    "used_percentage": 99,
    "remaining_percentage": 1
  },
  "timestamp": "2026-01-13T14:48:19.502Z"
}
2026-01-13T14:50:19.521Z DEBUG [AGQ][Extension] Quota update received: {
  "models_count": 7,
  "prompt_credits": {
    "available": 500,
    "monthly": 50000,
    "used_percentage": 99,
    "remaining_percentage": 1
  },
  "timestamp": "2026-01-13T14:50:19.521Z"
}
2026-01-13T14:52:19.518Z DEBUG [AGQ][Extension] Quota update received: {
  "models_count": 7,
  "prompt_credits": {
    "available": 500,
    "monthly": 50000,
    "used_percentage": 99,
    "remaining_percentage": 1
  },
  "timestamp": "2026-01-13T14:52:19.518Z"
}
2026-01-13T14:54:19.536Z DEBUG [AGQ][Extension] Quota update received: {
  "models_count": 7,
  "prompt_credits": {
    "available": 500,
    "monthly": 50000,
    "used_percentage": 99,
    "remaining_percentage": 1
  },
  "timestamp": "2026-01-13T14:54:19.536Z"
}
2026-01-13T14:56:19.536Z DEBUG [AGQ][Extension] Quota update received: {
  "models_count": 7,
  "prompt_credits": {
    "available": 500,
    "monthly": 50000,
    "used_percentage": 99,
    "remaining_percentage": 1
  },
  "timestamp": "2026-01-13T14:56:19.536Z"
}
2026-01-13T14:58:19.535Z DEBUG [AGQ][Extension] Quota update received: {
  "models_count": 7,
  "prompt_credits": {
    "available": 500,
    "monthly": 50000,
    "used_percentage": 99,
    "remaining_percentage": 1
  },
  "timestamp": "2026-01-13T14:58:19.535Z"
}
2026-01-13T15:00:19.538Z DEBUG [AGQ][Extension] Quota update received: {
  "models_count": 7,
  "prompt_credits": {
    "available": 500,
    "monthly": 50000,
    "used_percentage": 99,
    "remaining_percentage": 1
  },
  "timestamp": "2026-01-13T15:00:19.538Z"
}
2026-01-13T15:02:19.553Z DEBUG [AGQ][Extension] Quota update received: {
  "models_count": 7,
  "prompt_credits": {
    "available": 500,
    "monthly": 50000,
    "used_percentage": 99,
    "remaining_percentage": 1
  },
  "timestamp": "2026-01-13T15:02:19.553Z"
}
2026-01-13T15:04:19.586Z DEBUG [AGQ][Extension] Quota update received: {
  "models_count": 7,
  "prompt_credits": {
    "available": 500,
    "monthly": 50000,
    "used_percentage": 99,
    "remaining_percentage": 1
  },
  "timestamp": "2026-01-13T15:04:19.586Z"
}
2026-01-13T15:06:19.566Z DEBUG [AGQ][Extension] Quota update received: {
  "models_count": 7,
  "prompt_credits": {
    "available": 500,
    "monthly": 50000,
    "used_percentage": 99,
    "remaining_percentage": 1
  },
  "timestamp": "2026-01-13T15:06:19.566Z"
}
2026-01-13T15:08:19.570Z DEBUG [AGQ][Extension] Quota update received: {
  "models_count": 7,
  "prompt_credits": {
    "available": 500,
    "monthly": 50000,
    "used_percentage": 99,
    "remaining_percentage": 1
  },
  "timestamp": "2026-01-13T15:08:19.570Z"
}
2026-01-13T15:10:19.583Z DEBUG [AGQ][Extension] Quota update received: {
  "models_count": 7,
  "prompt_credits": {
    "available": 500,
    "monthly": 50000,
    "used_percentage": 99,
    "remaining_percentage": 1
  },
  "timestamp": "2026-01-13T15:10:19.583Z"
}
2026-01-13T15:12:19.600Z DEBUG [AGQ][Extension] Quota update received: {
  "models_count": 7,
  "prompt_credits": {
    "available": 500,
    "monthly": 50000,
    "used_percentage": 99,
    "remaining_percentage": 1
  },
  "timestamp": "2026-01-13T15:12:19.600Z"
}
2026-01-13T15:14:19.613Z DEBUG [AGQ][Extension] Quota update received: {
  "models_count": 7,
  "prompt_credits": {
    "available": 500,
    "monthly": 50000,
    "used_percentage": 99,
    "remaining_percentage": 1
  },
  "timestamp": "2026-01-13T15:14:19.613Z"
}
2026-01-13T15:16:19.626Z DEBUG [AGQ][Extension] Quota update received: {
  "models_count": 7,
  "prompt_credits": {
    "available": 500,
    "monthly": 50000,
    "used_percentage": 99,
    "remaining_percentage": 1
  },
  "timestamp": "2026-01-13T15:16:19.626Z"
}
2026-01-13T15:18:19.633Z DEBUG [AGQ][Extension] Quota update received: {
  "models_count": 7,
  "prompt_credits": {
    "available": 500,
    "monthly": 50000,
    "used_percentage": 99,
    "remaining_percentage": 1
  },
  "timestamp": "2026-01-13T15:18:19.633Z"
}
2026-01-13T15:20:19.646Z DEBUG [AGQ][Extension] Quota update received: {
  "models_count": 7,
  "prompt_credits": {
    "available": 500,
    "monthly": 50000,
    "used_percentage": 99,
    "remaining_percentage": 1
  },
  "timestamp": "2026-01-13T15:20:19.646Z"
}
2026-01-13T15:22:19.648Z DEBUG [AGQ][Extension] Quota update received: {
  "models_count": 7,
  "prompt_credits": {
    "available": 500,
    "monthly": 50000,
    "used_percentage": 99,
    "remaining_percentage": 1
  },
  "timestamp": "2026-01-13T15:22:19.648Z"
}
2026-01-13T15:24:19.653Z DEBUG [AGQ][Extension] Quota update received: {
  "models_count": 7,
  "prompt_credits": {
    "available": 500,
    "monthly": 50000,
    "used_percentage": 99,
    "remaining_percentage": 1
  },
  "timestamp": "2026-01-13T15:24:19.653Z"
}
