2026-01-13 21:19:48.982 [info] Extension host with pid 7256 started
2026-01-13 21:19:48.983 [info] Skipping acquiring lock for c:\Users\Admin\AppData\Roaming\Antigravity\User\workspaceStorage\f37793291fb38631027c932ebba4258e.
2026-01-13 21:19:49.049 [info] ExtensionService#_doActivateExtension vscode.emmet, startup: false, activationEvent: 'onLanguage'
2026-01-13 21:19:49.249 [info] ExtensionService#_doActivateExtension vscode.typescript-language-features, startup: false, activationEvent: 'onLanguage:javascript'
2026-01-13 21:19:49.526 [info] ExtensionService#_doActivateExtension vscode.git-base, startup: false, activationEvent: '*', root cause: google.antigravity
2026-01-13 21:19:50.107 [info] ExtensionService#_doActivateExtension vscode.git, startup: false, activationEvent: '*', root cause: google.antigravity
2026-01-13 21:19:50.363 [info] ExtensionService#_doActivateExtension vscode.github, startup: false, activationEvent: '*'
2026-01-13 21:19:50.932 [info] ExtensionService#_doActivateExtension vscode.npm, startup: true, activationEvent: 'workspaceContains:package.json'
2026-01-13 21:19:51.395 [info] ExtensionService#_doActivateExtension google.antigravity, startup: false, activationEvent: '*'
2026-01-13 21:19:55.855 [info] ExtensionService#_doActivateExtension vscode.github-authentication, startup: false, activationEvent: 'onAuthenticationRequest:github'
2026-01-13 21:20:00.376 [info] ExtensionService#_doActivateExtension google.antigravity-browser-launcher, startup: false, activationEvent: 'onStartupFinished'
2026-01-13 21:20:00.539 [info] ExtensionService#_doActivateExtension Google LLC.antigravity-dev-containers, startup: false, activationEvent: 'onStartupFinished'
2026-01-13 21:20:00.774 [info] ExtensionService#_doActivateExtension vscode.debug-auto-launch, startup: false, activationEvent: 'onStartupFinished'
2026-01-13 21:20:02.176 [info] ExtensionService#_doActivateExtension vscode.merge-conflict, startup: false, activationEvent: 'onStartupFinished'
2026-01-13 21:20:02.722 [info] ExtensionService#_doActivateExtension esbenp.prettier-vscode, startup: false, activationEvent: 'onStartupFinished'
2026-01-13 21:20:04.878 [info] ExtensionService#_doActivateExtension henrikdev.ag-quota, startup: false, activationEvent: 'onStartupFinished'
2026-01-13 21:20:05.330 [info] ExtensionService#_doActivateExtension PKief.material-icon-theme, startup: false, activationEvent: 'onStartupFinished'
2026-01-13 21:20:05.648 [info] ExtensionService#_doActivateExtension zhuangtongfa.material-theme, startup: false, activationEvent: 'onStartupFinished'
2026-01-13 21:20:07.711 [info] ExtensionService#_doActivateExtension vscode.terminal-suggest, startup: false, activationEvent: 'onTerminalShellIntegration:*'
2026-01-13 21:20:08.114 [info] ExtensionService#_doActivateExtension vscode.configuration-editing, startup: false, activationEvent: 'onLanguage:json'
2026-01-13 21:20:08.494 [info] ExtensionService#_doActivateExtension vscode.extension-editing, startup: false, activationEvent: 'onLanguage:json'
2026-01-13 21:20:08.780 [info] ExtensionService#_doActivateExtension vscode.json-language-features, startup: false, activationEvent: 'onLanguage:json'
2026-01-13 21:20:12.857 [info] Eager extensions activated
2026-01-13 21:20:12.954 [info] ExtensionService#_doActivateExtension vscode.css-language-features, startup: false, activationEvent: 'onLanguage:css'
2026-01-13 22:24:25.004 [info] Extension host terminating: renderer closed the MessagePort
2026-01-13 22:24:25.097 [info] Extension host with pid 7256 exiting with code 0
