2026-01-14 23:05:38.848 [info] [main] Log level: Info
2026-01-14 23:05:38.848 [info] [main] Validating found git in: "C:\Program Files\Git\cmd\git.exe"
2026-01-14 23:05:38.848 [info] [main] Using git "2.39.2.windows.1" from "C:\Program Files\Git\cmd\git.exe"
2026-01-14 23:05:38.848 [info] [Model][doInitialScan] Initial repository scan started
2026-01-14 23:05:38.848 [info] > git rev-parse --show-toplevel [601ms]
2026-01-14 23:05:38.938 [info] > git rev-parse --git-dir --git-common-dir --show-superproject-working-tree [99ms]
2026-01-14 23:05:38.955 [info] [Model][openRepository] Opened repository (path): d:\DuAnRieng\MemMart
2026-01-14 23:05:38.955 [info] [Model][openRepository] Opened repository (real path): d:\DuAnRieng\MemMart
2026-01-14 23:05:38.955 [info] [Model][openRepository] Opened repository (kind): repository
2026-01-14 23:05:39.368 [info] > git rev-parse --show-toplevel [324ms]
2026-01-14 23:05:39.374 [info] > git config --get commit.template [329ms]
2026-01-14 23:05:39.537 [info] > git rev-parse --show-toplevel [63ms]
2026-01-14 23:05:39.569 [info] > git for-each-ref --format=%(refname)%00%(upstream:short)%00%(objectname)%00%(upstream:track)%00%(upstream:remotename)%00%(upstream:remoteref) --ignore-case refs/heads/master refs/remotes/master [67ms]
2026-01-14 23:05:39.609 [info] > git rev-parse --show-toplevel [68ms]
2026-01-14 23:05:39.671 [info] > git for-each-ref --sort -committerdate --format %(refname)%00%(objectname)%00%(*objectname) [76ms]
2026-01-14 23:05:39.674 [info] > git status -z -uall [86ms]
2026-01-14 23:05:39.716 [info] > git rev-parse --show-toplevel [101ms]
2026-01-14 23:05:39.831 [info] > git config --get commit.template [115ms]
2026-01-14 23:05:39.831 [info] > git for-each-ref --format=%(refname)%00%(upstream:short)%00%(objectname)%00%(upstream:track)%00%(upstream:remotename)%00%(upstream:remoteref) --ignore-case refs/heads/master refs/remotes/master [125ms]
2026-01-14 23:05:39.908 [info] > git rev-parse --show-toplevel [78ms]
2026-01-14 23:05:39.914 [info] > git config --get --local branch.master.vscode-merge-base [77ms]
2026-01-14 23:05:39.979 [info] > git check-ignore -v -z --stdin [90ms]
2026-01-14 23:05:39.983 [info] > git for-each-ref --format=%(refname)%00%(upstream:short)%00%(objectname)%00%(upstream:track)%00%(upstream:remotename)%00%(upstream:remoteref) --ignore-case refs/heads/master refs/remotes/master [87ms]
2026-01-14 23:05:39.997 [info] > git rev-parse --show-toplevel [83ms]
2026-01-14 23:05:40.011 [info] > git for-each-ref --format=%(refname)%00%(upstream:short)%00%(objectname)%00%(upstream:track)%00%(upstream:remotename)%00%(upstream:remoteref) --ignore-case refs/heads/origin/master refs/remotes/origin/master [90ms]
2026-01-14 23:05:40.083 [info] > git status -z -uall [94ms]
2026-01-14 23:05:40.092 [info] > git for-each-ref --sort -committerdate --format %(refname)%00%(objectname)%00%(*objectname) [97ms]
2026-01-14 23:05:40.108 [info] > git merge-base refs/heads/master refs/remotes/origin/master [89ms]
2026-01-14 23:05:40.135 [info] > git rev-parse --git-dir --git-common-dir --show-superproject-working-tree [132ms]
2026-01-14 23:05:40.143 [info] [Model][openRepository] Opened repository (path): d:\DuAnRieng\MemMart\client
2026-01-14 23:05:40.143 [info] [Model][openRepository] Opened repository (real path): d:\DuAnRieng\MemMart\client
2026-01-14 23:05:40.143 [info] [Model][openRepository] Opened repository (kind): repository
2026-01-14 23:05:40.211 [info] > git diff --name-status -z --diff-filter=ADMR 832ab7e39739b6921c516f47403b1aac4397de80...refs/remotes/origin/master [96ms]
2026-01-14 23:05:40.212 [info] > git merge-base refs/heads/master refs/remotes/origin/master [111ms]
2026-01-14 23:05:40.239 [info] > git config --get commit.template [88ms]
2026-01-14 23:05:40.247 [info] > git rev-parse --show-toplevel [90ms]
2026-01-14 23:05:40.248 [info] [Model][doInitialScan] Initial repository scan completed - repositories (2), closed repositories (0), parent repositories (0), unsafe repositories (0)
2026-01-14 23:05:40.250 [info] > git for-each-ref --format=%(refname)%00%(upstream:short)%00%(objectname)%00%(upstream:track)%00%(upstream:remotename)%00%(upstream:remoteref) --ignore-case refs/heads/master refs/remotes/master [86ms]
2026-01-14 23:05:40.290 [info] > git diff --name-status -z --diff-filter=ADMR 832ab7e39739b6921c516f47403b1aac4397de80...refs/remotes/origin/master [73ms]
2026-01-14 23:05:40.334 [info] > git status -z -uall [68ms]
2026-01-14 23:05:40.335 [info] > git for-each-ref --sort -committerdate --format %(refname)%00%(objectname)%00%(*objectname) [64ms]
2026-01-14 23:05:40.423 [info] > git for-each-ref --format=%(refname)%00%(upstream:short)%00%(objectname)%00%(upstream:track)%00%(upstream:remotename)%00%(upstream:remoteref) --ignore-case refs/heads/master refs/remotes/master [78ms]
2026-01-14 23:05:40.444 [info] > git config --get commit.template [86ms]
2026-01-14 23:05:40.452 [info] > git for-each-ref --format=%(refname)%00%(upstream:short)%00%(objectname)%00%(upstream:track)%00%(upstream:remotename)%00%(upstream:remoteref) --ignore-case refs/heads/master refs/remotes/master [88ms]
2026-01-14 23:05:40.491 [info] > git config --get --local branch.master.vscode-merge-base [63ms]
2026-01-14 23:05:40.491 [warning] [Git][config] git config failed: Failed to execute git
2026-01-14 23:05:40.525 [info] > git status -z -uall [68ms]
2026-01-14 23:05:40.526 [info] > git for-each-ref --sort -committerdate --format %(refname)%00%(objectname)%00%(*objectname) [64ms]
2026-01-14 23:05:40.555 [info] > git reflog master --grep-reflog=branch: Created from *. [58ms]
2026-01-14 23:05:40.611 [info] > git symbolic-ref --short refs/remotes/origin/HEAD [51ms]
2026-01-14 23:05:40.611 [info] fatal: ref refs/remotes/origin/HEAD is not a symbolic ref
2026-01-14 23:05:40.611 [warning] [Repository][getDefaultBranch] Failed to get default branch details: Failed to execute git.
2026-01-14 23:05:40.674 [info] > git merge-base refs/heads/master refs/remotes/origin/master [59ms]
2026-01-14 23:05:40.681 [info] > git merge-base refs/heads/master refs/remotes/origin/master [61ms]
2026-01-14 23:05:40.749 [info] > git diff --name-status -z --diff-filter=ADMR 03c6cd4aec3ffc474b39b665e16bb3b7a19c5e16...refs/remotes/origin/master [69ms]
2026-01-14 23:05:40.755 [info] > git diff --name-status -z --diff-filter=ADMR 03c6cd4aec3ffc474b39b665e16bb3b7a19c5e16...refs/remotes/origin/master [69ms]
2026-01-14 23:05:40.762 [info] > git check-ignore -v -z --stdin [71ms]
2026-01-14 23:05:40.763 [info] > git check-ignore -v -z --stdin [67ms]
2026-01-14 23:06:48.918 [info] > git check-ignore -v -z --stdin [56ms]
2026-01-14 23:06:49.502 [info] > git check-ignore -v -z --stdin [42ms]
2026-01-14 23:06:49.504 [info] > git check-ignore -v -z --stdin [40ms]
2026-01-14 23:24:15.629 [info] > git config --get commit.template [67ms]
2026-01-14 23:24:15.632 [info] > git config --get commit.template [66ms]
2026-01-14 23:24:15.644 [info] > git for-each-ref --format=%(refname)%00%(upstream:short)%00%(objectname)%00%(upstream:track)%00%(upstream:remotename)%00%(upstream:remoteref) --ignore-case refs/heads/master refs/remotes/master [71ms]
2026-01-14 23:24:15.653 [info] > git for-each-ref --format=%(refname)%00%(upstream:short)%00%(objectname)%00%(upstream:track)%00%(upstream:remotename)%00%(upstream:remoteref) --ignore-case refs/heads/master refs/remotes/master [75ms]
2026-01-14 23:24:15.712 [info] > git status -z -uall [64ms]
2026-01-14 23:24:15.713 [info] > git for-each-ref --sort -committerdate --format %(refname)%00%(objectname)%00%(*objectname) [62ms]
2026-01-14 23:24:15.720 [info] > git for-each-ref --sort -committerdate --format %(refname)%00%(objectname)%00%(*objectname) [58ms]
2026-01-14 23:24:15.720 [info] > git status -z -uall [63ms]
2026-01-14 23:24:36.184 [info] > git config --get commit.template [51ms]
2026-01-14 23:24:36.185 [info] > git config --get commit.template [49ms]
2026-01-14 23:24:36.193 [info] > git for-each-ref --format=%(refname)%00%(upstream:short)%00%(objectname)%00%(upstream:track)%00%(upstream:remotename)%00%(upstream:remoteref) --ignore-case refs/heads/master refs/remotes/master [52ms]
2026-01-14 23:24:36.202 [info] > git for-each-ref --format=%(refname)%00%(upstream:short)%00%(objectname)%00%(upstream:track)%00%(upstream:remotename)%00%(upstream:remoteref) --ignore-case refs/heads/master refs/remotes/master [58ms]
2026-01-14 23:24:36.258 [info] > git for-each-ref --sort -committerdate --format %(refname)%00%(objectname)%00%(*objectname) [56ms]
2026-01-14 23:24:36.258 [info] > git status -z -uall [61ms]
2026-01-14 23:24:36.270 [info] > git for-each-ref --sort -committerdate --format %(refname)%00%(objectname)%00%(*objectname) [60ms]
2026-01-14 23:24:36.273 [info] > git status -z -uall [66ms]
2026-01-14 23:24:46.938 [info] > git config --get commit.template [52ms]
2026-01-14 23:24:46.942 [info] > git config --get commit.template [52ms]
2026-01-14 23:24:46.949 [info] > git for-each-ref --format=%(refname)%00%(upstream:short)%00%(objectname)%00%(upstream:track)%00%(upstream:remotename)%00%(upstream:remoteref) --ignore-case refs/heads/master refs/remotes/master [51ms]
2026-01-14 23:24:46.949 [info] > git for-each-ref --format=%(refname)%00%(upstream:short)%00%(objectname)%00%(upstream:track)%00%(upstream:remotename)%00%(upstream:remoteref) --ignore-case refs/heads/master refs/remotes/master [56ms]
2026-01-14 23:24:47.011 [info] > git status -z -uall [58ms]
2026-01-14 23:24:47.014 [info] > git for-each-ref --sort -committerdate --format %(refname)%00%(objectname)%00%(*objectname) [58ms]
2026-01-14 23:24:47.021 [info] > git for-each-ref --sort -committerdate --format %(refname)%00%(objectname)%00%(*objectname) [56ms]
2026-01-14 23:24:47.024 [info] > git status -z -uall [63ms]
2026-01-14 23:24:52.974 [info] > git config --get commit.template [54ms]
2026-01-14 23:24:52.977 [info] > git config --get commit.template [54ms]
2026-01-14 23:24:52.983 [info] > git for-each-ref --format=%(refname)%00%(upstream:short)%00%(objectname)%00%(upstream:track)%00%(upstream:remotename)%00%(upstream:remoteref) --ignore-case refs/heads/master refs/remotes/master [56ms]
2026-01-14 23:24:52.991 [info] > git for-each-ref --format=%(refname)%00%(upstream:short)%00%(objectname)%00%(upstream:track)%00%(upstream:remotename)%00%(upstream:remoteref) --ignore-case refs/heads/master refs/remotes/master [58ms]
2026-01-14 23:24:53.049 [info] > git for-each-ref --sort -committerdate --format %(refname)%00%(objectname)%00%(*objectname) [60ms]
2026-01-14 23:24:53.052 [info] > git status -z -uall [66ms]
2026-01-14 23:24:53.060 [info] > git status -z -uall [64ms]
2026-01-14 23:24:53.061 [info] > git for-each-ref --sort -committerdate --format %(refname)%00%(objectname)%00%(*objectname) [61ms]
2026-01-14 23:25:26.808 [info] > git check-ignore -v -z --stdin [48ms]
2026-01-14 23:25:26.810 [info] > git check-ignore -v -z --stdin [46ms]
2026-01-14 23:27:55.626 [info] > git config --get commit.template [55ms]
2026-01-14 23:27:55.633 [info] > git for-each-ref --format=%(refname)%00%(upstream:short)%00%(objectname)%00%(upstream:track)%00%(upstream:remotename)%00%(upstream:remoteref) --ignore-case refs/heads/master refs/remotes/master [57ms]
2026-01-14 23:27:55.689 [info] > git for-each-ref --sort -committerdate --format %(refname)%00%(objectname)%00%(*objectname) [48ms]
2026-01-14 23:27:55.691 [info] > git status -z -uall [54ms]
2026-01-14 23:27:56.590 [info] > git config --get commit.template [43ms]
2026-01-14 23:27:56.597 [info] > git for-each-ref --format=%(refname)%00%(upstream:short)%00%(objectname)%00%(upstream:track)%00%(upstream:remotename)%00%(upstream:remoteref) --ignore-case refs/heads/master refs/remotes/master [46ms]
2026-01-14 23:27:56.658 [info] > git for-each-ref --sort -committerdate --format %(refname)%00%(objectname)%00%(*objectname) [53ms]
2026-01-14 23:27:56.661 [info] > git status -z -uall [60ms]
2026-01-14 23:28:24.728 [info] > git config --get commit.template [67ms]
2026-01-14 23:28:24.734 [info] > git config --get commit.template [77ms]
2026-01-14 23:28:24.735 [info] > git for-each-ref --format=%(refname)%00%(upstream:short)%00%(objectname)%00%(upstream:track)%00%(upstream:remotename)%00%(upstream:remoteref) --ignore-case refs/heads/master refs/remotes/master [71ms]
2026-01-14 23:28:24.744 [info] > git for-each-ref --format=%(refname)%00%(upstream:short)%00%(objectname)%00%(upstream:track)%00%(upstream:remotename)%00%(upstream:remoteref) --ignore-case refs/heads/master refs/remotes/master [75ms]
2026-01-14 23:28:24.816 [info] > git status -z -uall [77ms]
2026-01-14 23:28:24.820 [info] > git for-each-ref --sort -committerdate --format %(refname)%00%(objectname)%00%(*objectname) [76ms]
2026-01-14 23:28:24.833 [info] > git status -z -uall [84ms]
2026-01-14 23:28:24.834 [info] > git for-each-ref --sort -committerdate --format %(refname)%00%(objectname)%00%(*objectname) [81ms]
2026-01-14 23:28:29.896 [info] > git config --get commit.template [66ms]
2026-01-14 23:28:29.907 [info] > git for-each-ref --format=%(refname)%00%(upstream:short)%00%(objectname)%00%(upstream:track)%00%(upstream:remotename)%00%(upstream:remoteref) --ignore-case refs/heads/master refs/remotes/master [73ms]
2026-01-14 23:28:29.917 [info] > git config --get commit.template [71ms]
2026-01-14 23:28:29.927 [info] > git for-each-ref --format=%(refname)%00%(upstream:short)%00%(objectname)%00%(upstream:track)%00%(upstream:remotename)%00%(upstream:remoteref) --ignore-case refs/heads/master refs/remotes/master [75ms]
2026-01-14 23:28:29.989 [info] > git status -z -uall [78ms]
2026-01-14 23:28:29.991 [info] > git for-each-ref --sort -committerdate --format %(refname)%00%(objectname)%00%(*objectname) [74ms]
2026-01-14 23:28:30.005 [info] > git for-each-ref --sort -committerdate --format %(refname)%00%(objectname)%00%(*objectname) [68ms]
2026-01-14 23:28:30.007 [info] > git status -z -uall [75ms]
2026-01-14 23:28:35.059 [info] > git config --get commit.template [53ms]
2026-01-14 23:28:35.064 [info] > git for-each-ref --format=%(refname)%00%(upstream:short)%00%(objectname)%00%(upstream:track)%00%(upstream:remotename)%00%(upstream:remoteref) --ignore-case refs/heads/master refs/remotes/master [55ms]
2026-01-14 23:28:35.064 [info] > git config --get commit.template [50ms]
2026-01-14 23:28:35.072 [info] > git for-each-ref --format=%(refname)%00%(upstream:short)%00%(objectname)%00%(upstream:track)%00%(upstream:remotename)%00%(upstream:remoteref) --ignore-case refs/heads/master refs/remotes/master [53ms]
2026-01-14 23:28:35.129 [info] > git status -z -uall [62ms]
2026-01-14 23:28:35.129 [info] > git for-each-ref --sort -committerdate --format %(refname)%00%(objectname)%00%(*objectname) [58ms]
2026-01-14 23:28:35.135 [info] > git status -z -uall [59ms]
2026-01-14 23:28:35.137 [info] > git for-each-ref --sort -committerdate --format %(refname)%00%(objectname)%00%(*objectname) [56ms]
2026-01-14 23:28:45.615 [info] > git show --textconv HEAD:components/editor/PreviewPane.tsx [158ms]
2026-01-14 23:28:45.615 [info] > git ls-tree -l HEAD -- components/editor/PreviewPane.tsx [152ms]
2026-01-14 23:28:46.263 [info] > git blame --root --incremental 03c6cd4aec3ffc474b39b665e16bb3b7a19c5e16 -- components/editor/PreviewPane.tsx [281ms]
2026-01-14 23:28:48.815 [info] > git ls-tree -l HEAD -- components/editor/PreviewPane.tsx [89ms]
2026-01-14 23:28:48.825 [info] > git show --textconv HEAD:components/editor/PreviewPane.tsx [104ms]
2026-01-14 23:28:49.928 [info] > git config --get commit.template [76ms]
2026-01-14 23:28:49.928 [info] > git config --get commit.template [80ms]
2026-01-14 23:28:49.932 [info] > git for-each-ref --format=%(refname)%00%(upstream:short)%00%(objectname)%00%(upstream:track)%00%(upstream:remotename)%00%(upstream:remoteref) --ignore-case refs/heads/master refs/remotes/master [75ms]
2026-01-14 23:28:49.942 [info] > git for-each-ref --format=%(refname)%00%(upstream:short)%00%(objectname)%00%(upstream:track)%00%(upstream:remotename)%00%(upstream:remoteref) --ignore-case refs/heads/master refs/remotes/master [80ms]
2026-01-14 23:28:50.025 [info] > git for-each-ref --sort -committerdate --format %(refname)%00%(objectname)%00%(*objectname) [83ms]
2026-01-14 23:28:50.030 [info] > git status -z -uall [93ms]
2026-01-14 23:28:50.033 [info] > git for-each-ref --sort -committerdate --format %(refname)%00%(objectname)%00%(*objectname) [81ms]
2026-01-14 23:28:50.035 [info] > git status -z -uall [88ms]
2026-01-14 23:29:00.378 [info] > git config --get commit.template [64ms]
2026-01-14 23:29:00.381 [info] > git config --get commit.template [70ms]
2026-01-14 23:29:00.392 [info] > git for-each-ref --format=%(refname)%00%(upstream:short)%00%(objectname)%00%(upstream:track)%00%(upstream:remotename)%00%(upstream:remoteref) --ignore-case refs/heads/master refs/remotes/master [74ms]
2026-01-14 23:29:00.401 [info] > git for-each-ref --format=%(refname)%00%(upstream:short)%00%(objectname)%00%(upstream:track)%00%(upstream:remotename)%00%(upstream:remoteref) --ignore-case refs/heads/master refs/remotes/master [79ms]
2026-01-14 23:29:00.472 [info] > git status -z -uall [76ms]
2026-01-14 23:29:00.473 [info] > git for-each-ref --sort -committerdate --format %(refname)%00%(objectname)%00%(*objectname) [72ms]
2026-01-14 23:29:00.476 [info] > git for-each-ref --sort -committerdate --format %(refname)%00%(objectname)%00%(*objectname) [66ms]
2026-01-14 23:29:00.477 [info] > git status -z -uall [72ms]
2026-01-14 23:31:51.251 [info] > git config --get commit.template [198ms]
2026-01-14 23:31:51.261 [info] > git for-each-ref --format=%(refname)%00%(upstream:short)%00%(objectname)%00%(upstream:track)%00%(upstream:remotename)%00%(upstream:remoteref) --ignore-case refs/heads/master refs/remotes/master [192ms]
2026-01-14 23:31:51.262 [info] > git config --get commit.template [202ms]
2026-01-14 23:31:51.289 [info] > git for-each-ref --format=%(refname)%00%(upstream:short)%00%(objectname)%00%(upstream:track)%00%(upstream:remotename)%00%(upstream:remoteref) --ignore-case refs/heads/master refs/remotes/master [214ms]
2026-01-14 23:31:51.518 [info] > git status -z -uall [249ms]
2026-01-14 23:31:51.525 [info] > git for-each-ref --sort -committerdate --format %(refname)%00%(objectname)%00%(*objectname) [219ms]
2026-01-14 23:31:51.536 [info] > git status -z -uall [241ms]
2026-01-14 23:31:51.546 [info] > git for-each-ref --sort -committerdate --format %(refname)%00%(objectname)%00%(*objectname) [271ms]
2026-01-14 23:32:05.646 [info] > git for-each-ref --format=%(refname)%00%(upstream:short)%00%(objectname)%00%(upstream:track)%00%(upstream:remotename)%00%(upstream:remoteref) --ignore-case refs/heads/master refs/remotes/master [5715ms]
2026-01-14 23:32:05.883 [info] > git for-each-ref --format=%(refname)%00%(upstream:short)%00%(objectname)%00%(upstream:track)%00%(upstream:remotename)%00%(upstream:remoteref) --ignore-case refs/heads/master refs/remotes/master [5946ms]
2026-01-14 23:32:05.967 [info] > git config --get commit.template [6041ms]
2026-01-14 23:32:06.002 [info] > git config --get commit.template [6082ms]
2026-01-14 23:32:06.935 [info] > git status -z -uall [959ms]
2026-01-14 23:32:06.943 [info] > git for-each-ref --sort -committerdate --format %(refname)%00%(objectname)%00%(*objectname) [738ms]
2026-01-14 23:32:06.948 [info] > git status -z -uall [750ms]
2026-01-14 23:32:06.958 [info] > git for-each-ref --sort -committerdate --format %(refname)%00%(objectname)%00%(*objectname) [976ms]
2026-01-14 23:32:12.056 [info] > git config --get commit.template [88ms]
2026-01-14 23:32:12.057 [info] > git config --get commit.template [83ms]
2026-01-14 23:32:12.065 [info] > git for-each-ref --format=%(refname)%00%(upstream:short)%00%(objectname)%00%(upstream:track)%00%(upstream:remotename)%00%(upstream:remoteref) --ignore-case refs/heads/master refs/remotes/master [86ms]
2026-01-14 23:32:12.077 [info] > git for-each-ref --format=%(refname)%00%(upstream:short)%00%(objectname)%00%(upstream:track)%00%(upstream:remotename)%00%(upstream:remoteref) --ignore-case refs/heads/master refs/remotes/master [92ms]
2026-01-14 23:32:12.155 [info] > git for-each-ref --sort -committerdate --format %(refname)%00%(objectname)%00%(*objectname) [79ms]
2026-01-14 23:32:12.158 [info] > git status -z -uall [88ms]
2026-01-14 23:32:12.170 [info] > git status -z -uall [86ms]
2026-01-14 23:32:12.173 [info] > git for-each-ref --sort -committerdate --format %(refname)%00%(objectname)%00%(*objectname) [85ms]
2026-01-14 23:32:17.457 [info] > git config --get commit.template [273ms]
2026-01-14 23:32:17.457 [info] > git config --get commit.template [261ms]
2026-01-14 23:32:17.476 [info] > git for-each-ref --format=%(refname)%00%(upstream:short)%00%(objectname)%00%(upstream:track)%00%(upstream:remotename)%00%(upstream:remoteref) --ignore-case refs/heads/master refs/remotes/master [262ms]
2026-01-14 23:32:17.524 [info] > git for-each-ref --format=%(refname)%00%(upstream:short)%00%(objectname)%00%(upstream:track)%00%(upstream:remotename)%00%(upstream:remoteref) --ignore-case refs/heads/master refs/remotes/master [320ms]
2026-01-14 23:32:17.939 [info] > git status -z -uall [454ms]
2026-01-14 23:32:17.942 [info] > git for-each-ref --sort -committerdate --format %(refname)%00%(objectname)%00%(*objectname) [451ms]
2026-01-14 23:32:18.234 [info] > git status -z -uall [698ms]
2026-01-14 23:32:18.256 [info] > git for-each-ref --sort -committerdate --format %(refname)%00%(objectname)%00%(*objectname) [709ms]
2026-01-14 23:32:23.247 [info] > git config --get commit.template [286ms]
2026-01-14 23:32:23.247 [info] > git for-each-ref --format=%(refname)%00%(upstream:short)%00%(objectname)%00%(upstream:track)%00%(upstream:remotename)%00%(upstream:remoteref) --ignore-case refs/heads/master refs/remotes/master [280ms]
2026-01-14 23:32:23.588 [info] > git config --get commit.template [298ms]
2026-01-14 23:32:23.644 [info] > git status -z -uall [389ms]
2026-01-14 23:32:23.644 [info] > git for-each-ref --format=%(refname)%00%(upstream:short)%00%(objectname)%00%(upstream:track)%00%(upstream:remotename)%00%(upstream:remoteref) --ignore-case refs/heads/master refs/remotes/master [349ms]
2026-01-14 23:32:23.747 [info] > git for-each-ref --sort -committerdate --format %(refname)%00%(objectname)%00%(*objectname) [487ms]
2026-01-14 23:32:24.170 [info] > git status -z -uall [517ms]
2026-01-14 23:32:24.274 [info] > git for-each-ref --sort -committerdate --format %(refname)%00%(objectname)%00%(*objectname) [616ms]
2026-01-14 23:32:36.692 [info] > git config --get commit.template [228ms]
2026-01-14 23:32:36.693 [info] > git for-each-ref --format=%(refname)%00%(upstream:short)%00%(objectname)%00%(upstream:track)%00%(upstream:remotename)%00%(upstream:remoteref) --ignore-case refs/heads/master refs/remotes/master [206ms]
2026-01-14 23:32:36.725 [info] > git for-each-ref --format=%(refname)%00%(upstream:short)%00%(objectname)%00%(upstream:track)%00%(upstream:remotename)%00%(upstream:remoteref) --ignore-case refs/heads/master refs/remotes/master [249ms]
2026-01-14 23:32:36.727 [info] > git config --get commit.template [326ms]
2026-01-14 23:32:36.842 [info] > git for-each-ref --sort -committerdate --format %(refname)%00%(objectname)%00%(*objectname) [134ms]
2026-01-14 23:32:36.846 [info] > git status -z -uall [145ms]
2026-01-14 23:32:36.874 [info] > git status -z -uall [141ms]
2026-01-14 23:32:36.884 [info] > git for-each-ref --sort -committerdate --format %(refname)%00%(objectname)%00%(*objectname) [144ms]
2026-01-14 23:32:47.242 [info] > git config --get commit.template [69ms]
2026-01-14 23:32:47.244 [info] > git config --get commit.template [75ms]
2026-01-14 23:32:47.246 [info] > git for-each-ref --format=%(refname)%00%(upstream:short)%00%(objectname)%00%(upstream:track)%00%(upstream:remotename)%00%(upstream:remoteref) --ignore-case refs/heads/master refs/remotes/master [69ms]
2026-01-14 23:32:47.256 [info] > git for-each-ref --format=%(refname)%00%(upstream:short)%00%(objectname)%00%(upstream:track)%00%(upstream:remotename)%00%(upstream:remoteref) --ignore-case refs/heads/master refs/remotes/master [74ms]
2026-01-14 23:32:47.327 [info] > git for-each-ref --sort -committerdate --format %(refname)%00%(objectname)%00%(*objectname) [72ms]
2026-01-14 23:32:47.339 [info] > git status -z -uall [78ms]
2026-01-14 23:32:47.340 [info] > git status -z -uall [90ms]
2026-01-14 23:32:47.342 [info] > git for-each-ref --sort -committerdate --format %(refname)%00%(objectname)%00%(*objectname) [76ms]
2026-01-14 23:33:26.947 [info] > git config --get commit.template [91ms]
2026-01-14 23:33:26.953 [info] > git config --get commit.template [101ms]
2026-01-14 23:33:26.965 [info] > git for-each-ref --format=%(refname)%00%(upstream:short)%00%(objectname)%00%(upstream:track)%00%(upstream:remotename)%00%(upstream:remoteref) --ignore-case refs/heads/master refs/remotes/master [101ms]
2026-01-14 23:33:26.977 [info] > git for-each-ref --format=%(refname)%00%(upstream:short)%00%(objectname)%00%(upstream:track)%00%(upstream:remotename)%00%(upstream:remoteref) --ignore-case refs/heads/master refs/remotes/master [107ms]
2026-01-14 23:33:27.075 [info] > git status -z -uall [105ms]
2026-01-14 23:33:27.082 [info] > git for-each-ref --sort -committerdate --format %(refname)%00%(objectname)%00%(*objectname) [106ms]
2026-01-14 23:33:27.091 [info] > git for-each-ref --sort -committerdate --format %(refname)%00%(objectname)%00%(*objectname) [100ms]
2026-01-14 23:33:27.095 [info] > git status -z -uall [112ms]
2026-01-14 23:33:32.162 [info] > git config --get commit.template [66ms]
2026-01-14 23:33:32.170 [info] > git for-each-ref --format=%(refname)%00%(upstream:short)%00%(objectname)%00%(upstream:track)%00%(upstream:remotename)%00%(upstream:remoteref) --ignore-case refs/heads/master refs/remotes/master [70ms]
2026-01-14 23:33:32.183 [info] > git config --get commit.template [77ms]
2026-01-14 23:33:32.187 [info] > git for-each-ref --format=%(refname)%00%(upstream:short)%00%(objectname)%00%(upstream:track)%00%(upstream:remotename)%00%(upstream:remoteref) --ignore-case refs/heads/master refs/remotes/master [74ms]
2026-01-14 23:33:32.258 [info] > git status -z -uall [82ms]
2026-01-14 23:33:32.260 [info] > git for-each-ref --sort -committerdate --format %(refname)%00%(objectname)%00%(*objectname) [79ms]
2026-01-14 23:33:32.275 [info] > git for-each-ref --sort -committerdate --format %(refname)%00%(objectname)%00%(*objectname) [77ms]
2026-01-14 23:33:32.277 [info] > git status -z -uall [84ms]
2026-01-14 23:35:33.004 [info] > git config --get commit.template [156ms]
2026-01-14 23:35:33.025 [info] > git for-each-ref --format=%(refname)%00%(upstream:short)%00%(objectname)%00%(upstream:track)%00%(upstream:remotename)%00%(upstream:remoteref) --ignore-case refs/heads/master refs/remotes/master [167ms]
2026-01-14 23:35:33.184 [info] > git for-each-ref --sort -committerdate --format %(refname)%00%(objectname)%00%(*objectname) [141ms]
2026-01-14 23:35:33.212 [info] > git status -z -uall [177ms]
2026-01-14 23:36:04.728 [info] [main] Log level: Info
2026-01-14 23:36:04.728 [info] [main] Validating found git in: "C:\Program Files\Git\cmd\git.exe"
2026-01-14 23:36:04.728 [info] [main] Using git "2.39.2.windows.1" from "C:\Program Files\Git\cmd\git.exe"
2026-01-14 23:36:04.728 [info] [Model][doInitialScan] Initial repository scan started
2026-01-14 23:36:04.728 [info] > git rev-parse --show-toplevel [595ms]
2026-01-14 23:36:05.066 [info] > git rev-parse --git-dir --git-common-dir --show-superproject-working-tree [349ms]
2026-01-14 23:36:05.136 [info] [Model][openRepository] Opened repository (path): d:\DuAnRieng\MemMart
2026-01-14 23:36:05.136 [info] [Model][openRepository] Opened repository (real path): d:\DuAnRieng\MemMart
2026-01-14 23:36:05.136 [info] [Model][openRepository] Opened repository (kind): repository
2026-01-14 23:36:05.547 [info] > git config --get commit.template [350ms]
2026-01-14 23:36:05.557 [info] > git rev-parse --show-toplevel [346ms]
2026-01-14 23:36:05.644 [info] > git for-each-ref --format=%(refname)%00%(upstream:short)%00%(objectname)%00%(upstream:track)%00%(upstream:remotename)%00%(upstream:remoteref) --ignore-case refs/heads/master refs/remotes/master [376ms]
2026-01-14 23:36:05.694 [info] > git rev-parse --show-toplevel [129ms]
2026-01-14 23:36:05.791 [info] > git status -z -uall [137ms]
2026-01-14 23:36:05.796 [info] > git for-each-ref --sort -committerdate --format %(refname)%00%(objectname)%00%(*objectname) [133ms]
2026-01-14 23:36:05.837 [info] > git rev-parse --show-toplevel [136ms]
2026-01-14 23:36:05.981 [info] > git config --get commit.template [145ms]
2026-01-14 23:36:06.032 [info] > git for-each-ref --format=%(refname)%00%(upstream:short)%00%(objectname)%00%(upstream:track)%00%(upstream:remotename)%00%(upstream:remoteref) --ignore-case refs/heads/master refs/remotes/master [182ms]
2026-01-14 23:36:06.048 [info] > git for-each-ref --format=%(refname)%00%(upstream:short)%00%(objectname)%00%(upstream:track)%00%(upstream:remotename)%00%(upstream:remoteref) --ignore-case refs/heads/master refs/remotes/master [228ms]
2026-01-14 23:36:06.060 [info] > git rev-parse --show-toplevel [216ms]
2026-01-14 23:36:06.196 [info] > git for-each-ref --sort -committerdate --format %(refname)%00%(objectname)%00%(*objectname) [150ms]
2026-01-14 23:36:06.208 [info] > git status -z -uall [169ms]
2026-01-14 23:36:06.223 [info] > git config --get --local branch.master.vscode-merge-base [165ms]
2026-01-14 23:36:06.230 [info] > git rev-parse --show-toplevel [162ms]
2026-01-14 23:36:06.345 [info] > git for-each-ref --format=%(refname)%00%(upstream:short)%00%(objectname)%00%(upstream:track)%00%(upstream:remotename)%00%(upstream:remoteref) --ignore-case refs/heads/origin/master refs/remotes/origin/master [116ms]
2026-01-14 23:36:06.367 [info] > git rev-parse --show-toplevel [129ms]
2026-01-14 23:36:06.501 [info] > git merge-base refs/heads/master refs/remotes/origin/master [136ms]
2026-01-14 23:36:06.510 [info] > git merge-base refs/heads/master refs/remotes/origin/master [154ms]
2026-01-14 23:36:06.572 [info] > git rev-parse --git-dir --git-common-dir --show-superproject-working-tree [198ms]
2026-01-14 23:36:06.583 [info] [Model][openRepository] Opened repository (path): d:\DuAnRieng\MemMart\client
2026-01-14 23:36:06.584 [info] [Model][openRepository] Opened repository (real path): d:\DuAnRieng\MemMart\client
2026-01-14 23:36:06.584 [info] [Model][openRepository] Opened repository (kind): repository
2026-01-14 23:36:06.639 [info] > git diff --name-status -z --diff-filter=ADMR 832ab7e39739b6921c516f47403b1aac4397de80...refs/remotes/origin/master [122ms]
2026-01-14 23:36:06.642 [info] > git diff --name-status -z --diff-filter=ADMR 832ab7e39739b6921c516f47403b1aac4397de80...refs/remotes/origin/master [133ms]
2026-01-14 23:36:06.754 [info] > git config --get commit.template [158ms]
2026-01-14 23:36:06.762 [info] > git for-each-ref --format=%(refname)%00%(upstream:short)%00%(objectname)%00%(upstream:track)%00%(upstream:remotename)%00%(upstream:remoteref) --ignore-case refs/heads/master refs/remotes/master [146ms]
2026-01-14 23:36:06.763 [info] > git rev-parse --show-toplevel [161ms]
2026-01-14 23:36:06.764 [info] [Model][doInitialScan] Initial repository scan completed - repositories (2), closed repositories (0), parent repositories (0), unsafe repositories (0)
2026-01-14 23:36:06.900 [info] > git for-each-ref --sort -committerdate --format %(refname)%00%(objectname)%00%(*objectname) [116ms]
2026-01-14 23:36:06.901 [info] > git status -z -uall [127ms]
2026-01-14 23:36:07.133 [info] > git for-each-ref --format=%(refname)%00%(upstream:short)%00%(objectname)%00%(upstream:track)%00%(upstream:remotename)%00%(upstream:remoteref) --ignore-case refs/heads/master refs/remotes/master [218ms]
2026-01-14 23:36:07.157 [info] > git config --get commit.template [230ms]
2026-01-14 23:36:07.162 [info] > git for-each-ref --format=%(refname)%00%(upstream:short)%00%(objectname)%00%(upstream:track)%00%(upstream:remotename)%00%(upstream:remoteref) --ignore-case refs/heads/master refs/remotes/master [228ms]
2026-01-14 23:36:07.472 [info] > git config --get --local branch.master.vscode-merge-base [333ms]
2026-01-14 23:36:07.472 [warning] [Git][config] git config failed: Failed to execute git
2026-01-14 23:36:07.483 [info] > git status -z -uall [298ms]
2026-01-14 23:36:07.495 [info] > git for-each-ref --sort -committerdate --format %(refname)%00%(objectname)%00%(*objectname) [300ms]
2026-01-14 23:36:07.657 [info] > git reflog master --grep-reflog=branch: Created from *. [178ms]
2026-01-14 23:36:07.876 [info] > git symbolic-ref --short refs/remotes/origin/HEAD [211ms]
2026-01-14 23:36:07.876 [info] fatal: ref refs/remotes/origin/HEAD is not a symbolic ref
2026-01-14 23:36:07.876 [warning] [Repository][getDefaultBranch] Failed to get default branch details: Failed to execute git.
2026-01-14 23:36:08.105 [info] > git merge-base refs/heads/master refs/remotes/origin/master [213ms]
2026-01-14 23:36:08.207 [info] > git merge-base refs/heads/master refs/remotes/origin/master [323ms]
2026-01-14 23:36:09.092 [info] > git diff --name-status -z --diff-filter=ADMR 03c6cd4aec3ffc474b39b665e16bb3b7a19c5e16...refs/remotes/origin/master [877ms]
2026-01-14 23:36:09.093 [info] > git diff --name-status -z --diff-filter=ADMR 03c6cd4aec3ffc474b39b665e16bb3b7a19c5e16...refs/remotes/origin/master [980ms]
2026-01-14 23:36:48.023 [info] > git check-ignore -v -z --stdin [70ms]
2026-01-14 23:36:48.026 [info] > git check-ignore -v -z --stdin [68ms]
2026-01-14 23:37:04.009 [info] > git config --get commit.template [67ms]
2026-01-14 23:37:04.021 [info] > git config --get commit.template [75ms]
2026-01-14 23:37:04.025 [info] > git for-each-ref --format=%(refname)%00%(upstream:short)%00%(objectname)%00%(upstream:track)%00%(upstream:remotename)%00%(upstream:remoteref) --ignore-case refs/heads/master refs/remotes/master [74ms]
2026-01-14 23:37:04.037 [info] > git for-each-ref --format=%(refname)%00%(upstream:short)%00%(objectname)%00%(upstream:track)%00%(upstream:remotename)%00%(upstream:remoteref) --ignore-case refs/heads/master refs/remotes/master [81ms]
2026-01-14 23:37:04.103 [info] > git status -z -uall [70ms]
2026-01-14 23:37:04.104 [info] > git for-each-ref --sort -committerdate --format %(refname)%00%(objectname)%00%(*objectname) [67ms]
2026-01-14 23:37:04.112 [info] > git status -z -uall [70ms]
2026-01-14 23:37:04.113 [info] > git for-each-ref --sort -committerdate --format %(refname)%00%(objectname)%00%(*objectname) [65ms]
2026-01-14 23:38:14.220 [info] > git check-ignore -v -z --stdin [71ms]
2026-01-14 23:38:14.224 [info] > git check-ignore -v -z --stdin [70ms]
2026-01-14 23:38:18.620 [info] > git show --textconv HEAD:project-plan.md [259ms]
2026-01-14 23:38:18.621 [info] > git ls-tree -l HEAD -- project-plan.md [252ms]
2026-01-14 23:38:19.385 [info] > git blame --root --incremental 832ab7e39739b6921c516f47403b1aac4397de80 -- project-plan.md [314ms]
2026-01-14 23:41:08.403 [info] > git config --get commit.template [71ms]
2026-01-14 23:41:08.410 [info] > git config --get commit.template [73ms]
2026-01-14 23:41:08.418 [info] > git for-each-ref --format=%(refname)%00%(upstream:short)%00%(objectname)%00%(upstream:track)%00%(upstream:remotename)%00%(upstream:remoteref) --ignore-case refs/heads/master refs/remotes/master [75ms]
2026-01-14 23:41:08.429 [info] > git for-each-ref --format=%(refname)%00%(upstream:short)%00%(objectname)%00%(upstream:track)%00%(upstream:remotename)%00%(upstream:remoteref) --ignore-case refs/heads/master refs/remotes/master [82ms]
2026-01-14 23:41:08.504 [info] > git for-each-ref --sort -committerdate --format %(refname)%00%(objectname)%00%(*objectname) [76ms]
2026-01-14 23:41:08.507 [info] > git status -z -uall [83ms]
2026-01-14 23:41:08.512 [info] > git status -z -uall [78ms]
2026-01-14 23:41:08.514 [info] > git for-each-ref --sort -committerdate --format %(refname)%00%(objectname)%00%(*objectname) [73ms]
2026-01-14 23:41:13.580 [info] > git config --get commit.template [62ms]
2026-01-14 23:41:13.583 [info] > git config --get commit.template [59ms]
2026-01-14 23:41:13.593 [info] > git for-each-ref --format=%(refname)%00%(upstream:short)%00%(objectname)%00%(upstream:track)%00%(upstream:remotename)%00%(upstream:remoteref) --ignore-case refs/heads/master refs/remotes/master [65ms]
2026-01-14 23:41:13.602 [info] > git for-each-ref --format=%(refname)%00%(upstream:short)%00%(objectname)%00%(upstream:track)%00%(upstream:remotename)%00%(upstream:remoteref) --ignore-case refs/heads/master refs/remotes/master [69ms]
2026-01-14 23:41:13.678 [info] > git status -z -uall [80ms]
2026-01-14 23:41:13.698 [info] > git for-each-ref --sort -committerdate --format %(refname)%00%(objectname)%00%(*objectname) [96ms]
2026-01-14 23:41:13.702 [info] > git for-each-ref --sort -committerdate --format %(refname)%00%(objectname)%00%(*objectname) [88ms]
2026-01-14 23:41:13.703 [info] > git status -z -uall [94ms]
2026-01-14 23:41:51.327 [info] > git config --get commit.template [58ms]
2026-01-14 23:41:51.335 [info] > git config --get commit.template [61ms]
2026-01-14 23:41:51.340 [info] > git for-each-ref --format=%(refname)%00%(upstream:short)%00%(objectname)%00%(upstream:track)%00%(upstream:remotename)%00%(upstream:remoteref) --ignore-case refs/heads/master refs/remotes/master [63ms]
2026-01-14 23:41:51.351 [info] > git for-each-ref --format=%(refname)%00%(upstream:short)%00%(objectname)%00%(upstream:track)%00%(upstream:remotename)%00%(upstream:remoteref) --ignore-case refs/heads/master refs/remotes/master [68ms]
2026-01-14 23:41:51.427 [info] > git status -z -uall [81ms]
2026-01-14 23:41:51.428 [info] > git for-each-ref --sort -committerdate --format %(refname)%00%(objectname)%00%(*objectname) [78ms]
2026-01-14 23:41:51.439 [info] > git status -z -uall [82ms]
2026-01-14 23:41:51.444 [info] > git for-each-ref --sort -committerdate --format %(refname)%00%(objectname)%00%(*objectname) [81ms]
2026-01-14 23:41:56.608 [info] > git config --get commit.template [160ms]
2026-01-14 23:41:56.610 [info] > git config --get commit.template [154ms]
2026-01-14 23:41:56.620 [info] > git for-each-ref --format=%(refname)%00%(upstream:short)%00%(objectname)%00%(upstream:track)%00%(upstream:remotename)%00%(upstream:remoteref) --ignore-case refs/heads/master refs/remotes/master [155ms]
2026-01-14 23:41:56.636 [info] > git for-each-ref --format=%(refname)%00%(upstream:short)%00%(objectname)%00%(upstream:track)%00%(upstream:remotename)%00%(upstream:remoteref) --ignore-case refs/heads/master refs/remotes/master [176ms]
2026-01-14 23:41:56.740 [info] > git status -z -uall [114ms]
2026-01-14 23:41:56.746 [info] > git for-each-ref --sort -committerdate --format %(refname)%00%(objectname)%00%(*objectname) [99ms]
2026-01-14 23:41:56.750 [info] > git for-each-ref --sort -committerdate --format %(refname)%00%(objectname)%00%(*objectname) [120ms]
2026-01-14 23:41:56.770 [info] > git status -z -uall [128ms]
2026-01-14 23:42:01.825 [info] > git config --get commit.template [59ms]
2026-01-14 23:42:01.831 [info] > git for-each-ref --format=%(refname)%00%(upstream:short)%00%(objectname)%00%(upstream:track)%00%(upstream:remotename)%00%(upstream:remoteref) --ignore-case refs/heads/master refs/remotes/master [61ms]
2026-01-14 23:42:01.844 [info] > git config --get commit.template [62ms]
2026-01-14 23:42:01.852 [info] > git for-each-ref --format=%(refname)%00%(upstream:short)%00%(objectname)%00%(upstream:track)%00%(upstream:remotename)%00%(upstream:remoteref) --ignore-case refs/heads/master refs/remotes/master [65ms]
2026-01-14 23:42:01.910 [info] > git status -z -uall [73ms]
2026-01-14 23:42:01.910 [info] > git for-each-ref --sort -committerdate --format %(refname)%00%(objectname)%00%(*objectname) [69ms]
2026-01-14 23:42:01.928 [info] > git status -z -uall [71ms]
2026-01-14 23:42:01.928 [info] > git for-each-ref --sort -committerdate --format %(refname)%00%(objectname)%00%(*objectname) [66ms]
2026-01-14 23:42:47.089 [info] > git config --get commit.template [188ms]
2026-01-14 23:42:47.089 [info] > git config --get commit.template [183ms]
2026-01-14 23:42:47.094 [info] > git for-each-ref --format=%(refname)%00%(upstream:short)%00%(objectname)%00%(upstream:track)%00%(upstream:remotename)%00%(upstream:remoteref) --ignore-case refs/heads/master refs/remotes/master [179ms]
2026-01-14 23:42:47.125 [info] > git for-each-ref --format=%(refname)%00%(upstream:short)%00%(objectname)%00%(upstream:track)%00%(upstream:remotename)%00%(upstream:remoteref) --ignore-case refs/heads/master refs/remotes/master [202ms]
2026-01-14 23:42:47.218 [info] > git for-each-ref --sort -committerdate --format %(refname)%00%(objectname)%00%(*objectname) [111ms]
2026-01-14 23:42:47.225 [info] > git status -z -uall [123ms]
2026-01-14 23:42:47.286 [info] > git status -z -uall [152ms]
2026-01-14 23:42:47.287 [info] > git for-each-ref --sort -committerdate --format %(refname)%00%(objectname)%00%(*objectname) [146ms]
2026-01-14 23:42:52.333 [info] > git config --get commit.template [88ms]
2026-01-14 23:42:52.337 [info] > git for-each-ref --format=%(refname)%00%(upstream:short)%00%(objectname)%00%(upstream:track)%00%(upstream:remotename)%00%(upstream:remoteref) --ignore-case refs/heads/master refs/remotes/master [85ms]
2026-01-14 23:42:52.390 [info] > git config --get commit.template [85ms]
2026-01-14 23:42:52.404 [info] > git for-each-ref --format=%(refname)%00%(upstream:short)%00%(objectname)%00%(upstream:track)%00%(upstream:remotename)%00%(upstream:remoteref) --ignore-case refs/heads/master refs/remotes/master [94ms]
2026-01-14 23:42:52.442 [info] > git for-each-ref --sort -committerdate --format %(refname)%00%(objectname)%00%(*objectname) [91ms]
2026-01-14 23:42:52.445 [info] > git status -z -uall [101ms]
2026-01-14 23:42:52.501 [info] > git status -z -uall [90ms]
2026-01-14 23:42:52.503 [info] > git for-each-ref --sort -committerdate --format %(refname)%00%(objectname)%00%(*objectname) [87ms]
2026-01-14 23:42:57.550 [info] > git config --get commit.template [85ms]
2026-01-14 23:42:57.561 [info] > git for-each-ref --format=%(refname)%00%(upstream:short)%00%(objectname)%00%(upstream:track)%00%(upstream:remotename)%00%(upstream:remoteref) --ignore-case refs/heads/master refs/remotes/master [90ms]
2026-01-14 23:42:57.632 [info] > git config --get commit.template [118ms]
2026-01-14 23:42:57.633 [info] > git for-each-ref --format=%(refname)%00%(upstream:short)%00%(objectname)%00%(upstream:track)%00%(upstream:remotename)%00%(upstream:remoteref) --ignore-case refs/heads/master refs/remotes/master [111ms]
2026-01-14 23:42:57.676 [info] > git for-each-ref --sort -committerdate --format %(refname)%00%(objectname)%00%(*objectname) [103ms]
2026-01-14 23:42:57.685 [info] > git status -z -uall [116ms]
2026-01-14 23:42:57.734 [info] > git status -z -uall [93ms]
2026-01-14 23:42:57.736 [info] > git for-each-ref --sort -committerdate --format %(refname)%00%(objectname)%00%(*objectname) [87ms]
2026-01-14 23:43:04.494 [info] > git config --get commit.template [61ms]
2026-01-14 23:43:04.501 [info] > git config --get commit.template [63ms]
2026-01-14 23:43:04.507 [info] > git for-each-ref --format=%(refname)%00%(upstream:short)%00%(objectname)%00%(upstream:track)%00%(upstream:remotename)%00%(upstream:remoteref) --ignore-case refs/heads/master refs/remotes/master [66ms]
2026-01-14 23:43:04.517 [info] > git for-each-ref --format=%(refname)%00%(upstream:short)%00%(objectname)%00%(upstream:track)%00%(upstream:remotename)%00%(upstream:remoteref) --ignore-case refs/heads/master refs/remotes/master [71ms]
2026-01-14 23:43:04.588 [info] > git status -z -uall [75ms]
2026-01-14 23:43:04.590 [info] > git for-each-ref --sort -committerdate --format %(refname)%00%(objectname)%00%(*objectname) [74ms]
2026-01-14 23:43:04.597 [info] > git status -z -uall [74ms]
2026-01-14 23:43:04.601 [info] > git for-each-ref --sort -committerdate --format %(refname)%00%(objectname)%00%(*objectname) [73ms]
2026-01-14 23:43:23.916 [info] > git config --get commit.template [55ms]
2026-01-14 23:43:23.921 [info] > git config --get commit.template [57ms]
2026-01-14 23:43:23.931 [info] > git for-each-ref --format=%(refname)%00%(upstream:short)%00%(objectname)%00%(upstream:track)%00%(upstream:remotename)%00%(upstream:remoteref) --ignore-case refs/heads/master refs/remotes/master [58ms]
2026-01-14 23:43:23.931 [info] > git for-each-ref --format=%(refname)%00%(upstream:short)%00%(objectname)%00%(upstream:track)%00%(upstream:remotename)%00%(upstream:remoteref) --ignore-case refs/heads/master refs/remotes/master [62ms]
2026-01-14 23:43:24.018 [info] > git for-each-ref --sort -committerdate --format %(refname)%00%(objectname)%00%(*objectname) [80ms]
2026-01-14 23:43:24.025 [info] > git status -z -uall [90ms]
2026-01-14 23:43:24.032 [info] > git for-each-ref --sort -committerdate --format %(refname)%00%(objectname)%00%(*objectname) [82ms]
2026-01-14 23:43:24.035 [info] > git status -z -uall [91ms]
2026-01-14 23:43:35.702 [info] > git config --get commit.template [83ms]
2026-01-14 23:43:35.708 [info] > git config --get commit.template [85ms]
2026-01-14 23:43:35.716 [info] > git for-each-ref --format=%(refname)%00%(upstream:short)%00%(objectname)%00%(upstream:track)%00%(upstream:remotename)%00%(upstream:remoteref) --ignore-case refs/heads/master refs/remotes/master [88ms]
2026-01-14 23:43:35.716 [info] > git for-each-ref --format=%(refname)%00%(upstream:short)%00%(objectname)%00%(upstream:track)%00%(upstream:remotename)%00%(upstream:remoteref) --ignore-case refs/heads/master refs/remotes/master [84ms]
2026-01-14 23:43:35.791 [info] > git status -z -uall [70ms]
2026-01-14 23:43:35.791 [info] > git for-each-ref --sort -committerdate --format %(refname)%00%(objectname)%00%(*objectname) [67ms]
2026-01-14 23:43:35.802 [info] > git for-each-ref --sort -committerdate --format %(refname)%00%(objectname)%00%(*objectname) [68ms]
2026-01-14 23:43:35.805 [info] > git status -z -uall [75ms]
2026-01-14 23:43:40.882 [info] > git config --get commit.template [68ms]
2026-01-14 23:43:40.888 [info] > git config --get commit.template [71ms]
2026-01-14 23:43:40.893 [info] > git for-each-ref --format=%(refname)%00%(upstream:short)%00%(objectname)%00%(upstream:track)%00%(upstream:remotename)%00%(upstream:remoteref) --ignore-case refs/heads/master refs/remotes/master [70ms]
2026-01-14 23:43:40.903 [info] > git for-each-ref --format=%(refname)%00%(upstream:short)%00%(objectname)%00%(upstream:track)%00%(upstream:remotename)%00%(upstream:remoteref) --ignore-case refs/heads/master refs/remotes/master [75ms]
2026-01-14 23:43:40.965 [info] > git status -z -uall [68ms]
2026-01-14 23:43:40.967 [info] > git for-each-ref --sort -committerdate --format %(refname)%00%(objectname)%00%(*objectname) [66ms]
2026-01-14 23:43:40.977 [info] > git for-each-ref --sort -committerdate --format %(refname)%00%(objectname)%00%(*objectname) [65ms]
2026-01-14 23:43:40.981 [info] > git status -z -uall [74ms]
2026-01-14 23:45:23.194 [info] > git config --get commit.template [54ms]
2026-01-14 23:45:23.195 [info] > git config --get commit.template [53ms]
2026-01-14 23:45:23.204 [info] > git for-each-ref --format=%(refname)%00%(upstream:short)%00%(objectname)%00%(upstream:track)%00%(upstream:remotename)%00%(upstream:remoteref) --ignore-case refs/heads/master refs/remotes/master [57ms]
2026-01-14 23:45:23.212 [info] > git for-each-ref --format=%(refname)%00%(upstream:short)%00%(objectname)%00%(upstream:track)%00%(upstream:remotename)%00%(upstream:remoteref) --ignore-case refs/heads/master refs/remotes/master [61ms]
2026-01-14 23:45:23.267 [info] > git status -z -uall [60ms]
2026-01-14 23:45:23.271 [info] > git for-each-ref --sort -committerdate --format %(refname)%00%(objectname)%00%(*objectname) [59ms]
2026-01-14 23:45:23.278 [info] > git for-each-ref --sort -committerdate --format %(refname)%00%(objectname)%00%(*objectname) [57ms]
2026-01-14 23:45:23.280 [info] > git status -z -uall [64ms]
2026-01-14 23:45:28.326 [info] > git config --get commit.template [49ms]
2026-01-14 23:45:28.332 [info] > git for-each-ref --format=%(refname)%00%(upstream:short)%00%(objectname)%00%(upstream:track)%00%(upstream:remotename)%00%(upstream:remoteref) --ignore-case refs/heads/master refs/remotes/master [52ms]
2026-01-14 23:45:28.343 [info] > git config --get commit.template [51ms]
2026-01-14 23:45:28.351 [info] > git for-each-ref --format=%(refname)%00%(upstream:short)%00%(objectname)%00%(upstream:track)%00%(upstream:remotename)%00%(upstream:remoteref) --ignore-case refs/heads/master refs/remotes/master [55ms]
2026-01-14 23:45:28.399 [info] > git status -z -uall [63ms]
2026-01-14 23:45:28.401 [info] > git for-each-ref --sort -committerdate --format %(refname)%00%(objectname)%00%(*objectname) [60ms]
2026-01-14 23:45:28.417 [info] > git for-each-ref --sort -committerdate --format %(refname)%00%(objectname)%00%(*objectname) [57ms]
2026-01-14 23:45:28.417 [info] > git status -z -uall [62ms]
2026-01-14 23:45:34.785 [info] > git config --get commit.template [136ms]
2026-01-14 23:45:34.791 [info] > git config --get commit.template [137ms]
2026-01-14 23:45:34.796 [info] > git for-each-ref --format=%(refname)%00%(upstream:short)%00%(objectname)%00%(upstream:track)%00%(upstream:remotename)%00%(upstream:remoteref) --ignore-case refs/heads/master refs/remotes/master [131ms]
2026-01-14 23:45:34.807 [info] > git for-each-ref --format=%(refname)%00%(upstream:short)%00%(objectname)%00%(upstream:track)%00%(upstream:remotename)%00%(upstream:remoteref) --ignore-case refs/heads/master refs/remotes/master [134ms]
2026-01-14 23:45:34.911 [info] > git status -z -uall [108ms]
2026-01-14 23:45:34.918 [info] > git for-each-ref --sort -committerdate --format %(refname)%00%(objectname)%00%(*objectname) [111ms]
2026-01-14 23:45:34.930 [info] > git for-each-ref --sort -committerdate --format %(refname)%00%(objectname)%00%(*objectname) [112ms]
2026-01-14 23:45:34.930 [info] > git status -z -uall [117ms]
2026-01-14 23:45:39.994 [info] > git config --get commit.template [53ms]
2026-01-14 23:45:39.998 [info] > git config --get commit.template [54ms]
2026-01-14 23:45:40.002 [info] > git for-each-ref --format=%(refname)%00%(upstream:short)%00%(objectname)%00%(upstream:track)%00%(upstream:remotename)%00%(upstream:remoteref) --ignore-case refs/heads/master refs/remotes/master [56ms]
2026-01-14 23:45:40.011 [info] > git for-each-ref --format=%(refname)%00%(upstream:short)%00%(objectname)%00%(upstream:track)%00%(upstream:remotename)%00%(upstream:remoteref) --ignore-case refs/heads/master refs/remotes/master [60ms]
2026-01-14 23:45:40.071 [info] > git for-each-ref --sort -committerdate --format %(refname)%00%(objectname)%00%(*objectname) [60ms]
2026-01-14 23:45:40.073 [info] > git status -z -uall [66ms]
2026-01-14 23:45:40.098 [info] > git status -z -uall [82ms]
2026-01-14 23:45:40.117 [info] > git for-each-ref --sort -committerdate --format %(refname)%00%(objectname)%00%(*objectname) [96ms]
2026-01-14 23:46:07.190 [info] > git config --get commit.template [53ms]
2026-01-14 23:46:07.198 [info] > git config --get commit.template [57ms]
2026-01-14 23:46:07.201 [info] > git for-each-ref --format=%(refname)%00%(upstream:short)%00%(objectname)%00%(upstream:track)%00%(upstream:remotename)%00%(upstream:remoteref) --ignore-case refs/heads/master refs/remotes/master [56ms]
2026-01-14 23:46:07.209 [info] > git for-each-ref --format=%(refname)%00%(upstream:short)%00%(objectname)%00%(upstream:track)%00%(upstream:remotename)%00%(upstream:remoteref) --ignore-case refs/heads/master refs/remotes/master [60ms]
2026-01-14 23:46:07.271 [info] > git for-each-ref --sort -committerdate --format %(refname)%00%(objectname)%00%(*objectname) [63ms]
2026-01-14 23:46:07.271 [info] > git status -z -uall [66ms]
2026-01-14 23:46:07.278 [info] > git status -z -uall [65ms]
2026-01-14 23:46:07.280 [info] > git for-each-ref --sort -committerdate --format %(refname)%00%(objectname)%00%(*objectname) [62ms]
2026-01-14 23:51:46.265 [info] > git config --get commit.template [46ms]
2026-01-14 23:51:46.270 [info] > git for-each-ref --format=%(refname)%00%(upstream:short)%00%(objectname)%00%(upstream:track)%00%(upstream:remotename)%00%(upstream:remoteref) --ignore-case refs/heads/master refs/remotes/master [48ms]
2026-01-14 23:51:46.330 [info] > git for-each-ref --sort -committerdate --format %(refname)%00%(objectname)%00%(*objectname) [52ms]
2026-01-14 23:51:46.333 [info] > git status -z -uall [60ms]
2026-01-14 23:51:55.747 [info] > git config --get commit.template [41ms]
2026-01-14 23:51:55.752 [info] > git for-each-ref --format=%(refname)%00%(upstream:short)%00%(objectname)%00%(upstream:track)%00%(upstream:remotename)%00%(upstream:remoteref) --ignore-case refs/heads/master refs/remotes/master [43ms]
2026-01-14 23:51:55.802 [info] > git for-each-ref --sort -committerdate --format %(refname)%00%(objectname)%00%(*objectname) [44ms]
2026-01-14 23:51:55.804 [info] > git status -z -uall [48ms]
2026-01-14 23:52:48.627 [info] > git config --get commit.template [44ms]
2026-01-14 23:52:48.632 [info] > git for-each-ref --format=%(refname)%00%(upstream:short)%00%(objectname)%00%(upstream:track)%00%(upstream:remotename)%00%(upstream:remoteref) --ignore-case refs/heads/master refs/remotes/master [45ms]
2026-01-14 23:52:48.685 [info] > git for-each-ref --sort -committerdate --format %(refname)%00%(objectname)%00%(*objectname) [46ms]
2026-01-14 23:52:48.686 [info] > git status -z -uall [50ms]
2026-01-14 23:53:42.053 [info] > git config --get commit.template [61ms]
2026-01-14 23:53:42.062 [info] > git config --get commit.template [67ms]
2026-01-14 23:53:42.066 [info] > git for-each-ref --format=%(refname)%00%(upstream:short)%00%(objectname)%00%(upstream:track)%00%(upstream:remotename)%00%(upstream:remoteref) --ignore-case refs/heads/master refs/remotes/master [64ms]
2026-01-14 23:53:42.075 [info] > git for-each-ref --format=%(refname)%00%(upstream:short)%00%(objectname)%00%(upstream:track)%00%(upstream:remotename)%00%(upstream:remoteref) --ignore-case refs/heads/master refs/remotes/master [69ms]
2026-01-14 23:53:42.140 [info] > git status -z -uall [69ms]
2026-01-14 23:53:42.140 [info] > git for-each-ref --sort -committerdate --format %(refname)%00%(objectname)%00%(*objectname) [66ms]
2026-01-14 23:53:42.149 [info] > git for-each-ref --sort -committerdate --format %(refname)%00%(objectname)%00%(*objectname) [63ms]
2026-01-14 23:53:42.149 [info] > git status -z -uall [68ms]
2026-01-14 23:53:47.232 [info] > git config --get commit.template [69ms]
2026-01-14 23:53:47.241 [info] > git config --get commit.template [73ms]
2026-01-14 23:53:47.244 [info] > git for-each-ref --format=%(refname)%00%(upstream:short)%00%(objectname)%00%(upstream:track)%00%(upstream:remotename)%00%(upstream:remoteref) --ignore-case refs/heads/master refs/remotes/master [69ms]
2026-01-14 23:53:47.254 [info] > git for-each-ref --format=%(refname)%00%(upstream:short)%00%(objectname)%00%(upstream:track)%00%(upstream:remotename)%00%(upstream:remoteref) --ignore-case refs/heads/master refs/remotes/master [74ms]
2026-01-14 23:53:47.321 [info] > git for-each-ref --sort -committerdate --format %(refname)%00%(objectname)%00%(*objectname) [69ms]
2026-01-14 23:53:47.329 [info] > git status -z -uall [81ms]
2026-01-14 23:53:47.337 [info] > git for-each-ref --sort -committerdate --format %(refname)%00%(objectname)%00%(*objectname) [74ms]
2026-01-14 23:53:47.338 [info] > git status -z -uall [80ms]
2026-01-14 23:54:03.564 [info] > git config --get commit.template [65ms]
2026-01-14 23:54:03.575 [info] > git config --get commit.template [72ms]
2026-01-14 23:54:03.580 [info] > git for-each-ref --format=%(refname)%00%(upstream:short)%00%(objectname)%00%(upstream:track)%00%(upstream:remotename)%00%(upstream:remoteref) --ignore-case refs/heads/master refs/remotes/master [73ms]
2026-01-14 23:54:03.591 [info] > git for-each-ref --format=%(refname)%00%(upstream:short)%00%(objectname)%00%(upstream:track)%00%(upstream:remotename)%00%(upstream:remoteref) --ignore-case refs/heads/master refs/remotes/master [78ms]
2026-01-14 23:54:03.661 [info] > git for-each-ref --sort -committerdate --format %(refname)%00%(objectname)%00%(*objectname) [71ms]
2026-01-14 23:54:03.663 [info] > git status -z -uall [78ms]
2026-01-14 23:54:03.666 [info] > git status -z -uall [71ms]
2026-01-14 23:54:03.668 [info] > git for-each-ref --sort -committerdate --format %(refname)%00%(objectname)%00%(*objectname) [68ms]
2026-01-14 23:54:08.721 [info] > git config --get commit.template [52ms]
2026-01-14 23:54:08.728 [info] > git for-each-ref --format=%(refname)%00%(upstream:short)%00%(objectname)%00%(upstream:track)%00%(upstream:remotename)%00%(upstream:remoteref) --ignore-case refs/heads/master refs/remotes/master [56ms]
2026-01-14 23:54:08.738 [info] > git for-each-ref --format=%(refname)%00%(upstream:short)%00%(objectname)%00%(upstream:track)%00%(upstream:remotename)%00%(upstream:remoteref) --ignore-case refs/heads/master refs/remotes/master [55ms]
2026-01-14 23:54:08.738 [info] > git config --get commit.template [60ms]
2026-01-14 23:54:08.797 [info] > git for-each-ref --sort -committerdate --format %(refname)%00%(objectname)%00%(*objectname) [59ms]
2026-01-14 23:54:08.799 [info] > git status -z -uall [65ms]
2026-01-14 23:54:08.804 [info] > git status -z -uall [62ms]
2026-01-14 23:54:08.805 [info] > git for-each-ref --sort -committerdate --format %(refname)%00%(objectname)%00%(*objectname) [57ms]
2026-01-14 23:54:13.859 [info] > git config --get commit.template [55ms]
2026-01-14 23:54:13.861 [info] > git for-each-ref --format=%(refname)%00%(upstream:short)%00%(objectname)%00%(upstream:track)%00%(upstream:remotename)%00%(upstream:remoteref) --ignore-case refs/heads/master refs/remotes/master [54ms]
2026-01-14 23:54:13.871 [info] > git config --get commit.template [57ms]
2026-01-14 23:54:13.872 [info] > git for-each-ref --format=%(refname)%00%(upstream:short)%00%(objectname)%00%(upstream:track)%00%(upstream:remotename)%00%(upstream:remoteref) --ignore-case refs/heads/master refs/remotes/master [55ms]
2026-01-14 23:54:13.929 [info] > git for-each-ref --sort -committerdate --format %(refname)%00%(objectname)%00%(*objectname) [58ms]
2026-01-14 23:54:13.932 [info] > git status -z -uall [67ms]
2026-01-14 23:54:13.938 [info] > git status -z -uall [62ms]
2026-01-14 23:54:13.941 [info] > git for-each-ref --sort -committerdate --format %(refname)%00%(objectname)%00%(*objectname) [59ms]
2026-01-14 23:54:19.003 [info] > git config --get commit.template [57ms]
2026-01-14 23:54:19.010 [info] > git config --get commit.template [60ms]
2026-01-14 23:54:19.015 [info] > git for-each-ref --format=%(refname)%00%(upstream:short)%00%(objectname)%00%(upstream:track)%00%(upstream:remotename)%00%(upstream:remoteref) --ignore-case refs/heads/master refs/remotes/master [61ms]
2026-01-14 23:54:19.024 [info] > git for-each-ref --format=%(refname)%00%(upstream:short)%00%(objectname)%00%(upstream:track)%00%(upstream:remotename)%00%(upstream:remoteref) --ignore-case refs/heads/master refs/remotes/master [66ms]
2026-01-14 23:54:19.090 [info] > git status -z -uall [71ms]
2026-01-14 23:54:19.091 [info] > git for-each-ref --sort -committerdate --format %(refname)%00%(objectname)%00%(*objectname) [67ms]
2026-01-14 23:54:19.097 [info] > git status -z -uall [68ms]
2026-01-14 23:54:19.101 [info] > git for-each-ref --sort -committerdate --format %(refname)%00%(objectname)%00%(*objectname) [66ms]
2026-01-14 23:54:24.167 [info] > git config --get commit.template [62ms]
2026-01-14 23:54:24.171 [info] > git config --get commit.template [61ms]
2026-01-14 23:54:24.181 [info] > git for-each-ref --format=%(refname)%00%(upstream:short)%00%(objectname)%00%(upstream:track)%00%(upstream:remotename)%00%(upstream:remoteref) --ignore-case refs/heads/master refs/remotes/master [67ms]
2026-01-14 23:54:24.191 [info] > git for-each-ref --format=%(refname)%00%(upstream:short)%00%(objectname)%00%(upstream:track)%00%(upstream:remotename)%00%(upstream:remoteref) --ignore-case refs/heads/master refs/remotes/master [73ms]
2026-01-14 23:54:24.253 [info] > git status -z -uall [69ms]
2026-01-14 23:54:24.254 [info] > git for-each-ref --sort -committerdate --format %(refname)%00%(objectname)%00%(*objectname) [65ms]
2026-01-14 23:54:24.266 [info] > git status -z -uall [70ms]
2026-01-14 23:54:24.269 [info] > git for-each-ref --sort -committerdate --format %(refname)%00%(objectname)%00%(*objectname) [69ms]
2026-01-14 23:54:47.227 [info] > git config --get commit.template [63ms]
2026-01-14 23:54:47.231 [info] > git config --get commit.template [63ms]
2026-01-14 23:54:47.240 [info] > git for-each-ref --format=%(refname)%00%(upstream:short)%00%(objectname)%00%(upstream:track)%00%(upstream:remotename)%00%(upstream:remoteref) --ignore-case refs/heads/master refs/remotes/master [66ms]
2026-01-14 23:54:47.253 [info] > git for-each-ref --format=%(refname)%00%(upstream:short)%00%(objectname)%00%(upstream:track)%00%(upstream:remotename)%00%(upstream:remoteref) --ignore-case refs/heads/master refs/remotes/master [74ms]
2026-01-14 23:54:47.366 [info] > git for-each-ref --sort -committerdate --format %(refname)%00%(objectname)%00%(*objectname) [115ms]
2026-01-14 23:54:47.367 [info] > git status -z -uall [121ms]
2026-01-14 23:54:47.374 [info] > git for-each-ref --sort -committerdate --format %(refname)%00%(objectname)%00%(*objectname) [110ms]
2026-01-14 23:54:47.374 [info] > git status -z -uall [117ms]
2026-01-14 23:54:52.437 [info] > git config --get commit.template [54ms]
2026-01-14 23:54:52.440 [info] > git config --get commit.template [53ms]
2026-01-14 23:54:52.447 [info] > git for-each-ref --format=%(refname)%00%(upstream:short)%00%(objectname)%00%(upstream:track)%00%(upstream:remotename)%00%(upstream:remoteref) --ignore-case refs/heads/master refs/remotes/master [56ms]
2026-01-14 23:54:52.455 [info] > git for-each-ref --format=%(refname)%00%(upstream:short)%00%(objectname)%00%(upstream:track)%00%(upstream:remotename)%00%(upstream:remoteref) --ignore-case refs/heads/master refs/remotes/master [60ms]
2026-01-14 23:54:52.512 [info] > git for-each-ref --sort -committerdate --format %(refname)%00%(objectname)%00%(*objectname) [58ms]
2026-01-14 23:54:52.513 [info] > git status -z -uall [62ms]
2026-01-14 23:54:52.521 [info] > git for-each-ref --sort -committerdate --format %(refname)%00%(objectname)%00%(*objectname) [57ms]
2026-01-14 23:54:52.522 [info] > git status -z -uall [63ms]
2026-01-14 23:55:02.607 [info] > git config --get commit.template [68ms]
2026-01-14 23:55:02.610 [info] > git config --get commit.template [67ms]
2026-01-14 23:55:02.623 [info] > git for-each-ref --format=%(refname)%00%(upstream:short)%00%(objectname)%00%(upstream:track)%00%(upstream:remotename)%00%(upstream:remoteref) --ignore-case refs/heads/master refs/remotes/master [74ms]
2026-01-14 23:55:02.632 [info] > git for-each-ref --format=%(refname)%00%(upstream:short)%00%(objectname)%00%(upstream:track)%00%(upstream:remotename)%00%(upstream:remoteref) --ignore-case refs/heads/master refs/remotes/master [79ms]
2026-01-14 23:55:02.704 [info] > git for-each-ref --sort -committerdate --format %(refname)%00%(objectname)%00%(*objectname) [72ms]
2026-01-14 23:55:02.707 [info] > git status -z -uall [81ms]
2026-01-14 23:55:02.714 [info] > git status -z -uall [77ms]
2026-01-14 23:55:02.715 [info] > git for-each-ref --sort -committerdate --format %(refname)%00%(objectname)%00%(*objectname) [72ms]
2026-01-14 23:55:07.781 [info] > git config --get commit.template [53ms]
2026-01-14 23:55:07.786 [info] > git config --get commit.template [54ms]
2026-01-14 23:55:07.791 [info] > git for-each-ref --format=%(refname)%00%(upstream:short)%00%(objectname)%00%(upstream:track)%00%(upstream:remotename)%00%(upstream:remoteref) --ignore-case refs/heads/master refs/remotes/master [55ms]
2026-01-14 23:55:07.798 [info] > git for-each-ref --format=%(refname)%00%(upstream:short)%00%(objectname)%00%(upstream:track)%00%(upstream:remotename)%00%(upstream:remoteref) --ignore-case refs/heads/master refs/remotes/master [59ms]
2026-01-14 23:55:07.858 [info] > git for-each-ref --sort -committerdate --format %(refname)%00%(objectname)%00%(*objectname) [61ms]
2026-01-14 23:55:07.859 [info] > git status -z -uall [64ms]
2026-01-14 23:55:07.867 [info] > git for-each-ref --sort -committerdate --format %(refname)%00%(objectname)%00%(*objectname) [60ms]
2026-01-14 23:55:07.869 [info] > git status -z -uall [67ms]
2026-01-14 23:55:12.922 [info] > git config --get commit.template [57ms]
2026-01-14 23:55:12.928 [info] > git for-each-ref --format=%(refname)%00%(upstream:short)%00%(objectname)%00%(upstream:track)%00%(upstream:remotename)%00%(upstream:remoteref) --ignore-case refs/heads/master refs/remotes/master [59ms]
2026-01-14 23:55:12.944 [info] > git config --get commit.template [63ms]
2026-01-14 23:55:12.950 [info] > git for-each-ref --format=%(refname)%00%(upstream:short)%00%(objectname)%00%(upstream:track)%00%(upstream:remotename)%00%(upstream:remoteref) --ignore-case refs/heads/master refs/remotes/master [64ms]
2026-01-14 23:55:12.997 [info] > git for-each-ref --sort -committerdate --format %(refname)%00%(objectname)%00%(*objectname) [60ms]
2026-01-14 23:55:13.001 [info] > git status -z -uall [69ms]
2026-01-14 23:55:13.016 [info] > git for-each-ref --sort -committerdate --format %(refname)%00%(objectname)%00%(*objectname) [58ms]
2026-01-14 23:55:13.017 [info] > git status -z -uall [63ms]
2026-01-14 23:55:41.821 [info] > git config --get commit.template [63ms]
2026-01-14 23:55:41.824 [info] > git config --get commit.template [61ms]
2026-01-14 23:55:41.833 [info] > git for-each-ref --format=%(refname)%00%(upstream:short)%00%(objectname)%00%(upstream:track)%00%(upstream:remotename)%00%(upstream:remoteref) --ignore-case refs/heads/master refs/remotes/master [65ms]
2026-01-14 23:55:41.841 [info] > git for-each-ref --format=%(refname)%00%(upstream:short)%00%(objectname)%00%(upstream:track)%00%(upstream:remotename)%00%(upstream:remoteref) --ignore-case refs/heads/master refs/remotes/master [69ms]
2026-01-14 23:55:41.903 [info] > git for-each-ref --sort -committerdate --format %(refname)%00%(objectname)%00%(*objectname) [63ms]
2026-01-14 23:55:41.906 [info] > git status -z -uall [69ms]
2026-01-14 23:55:41.914 [info] > git for-each-ref --sort -committerdate --format %(refname)%00%(objectname)%00%(*objectname) [62ms]
2026-01-14 23:55:41.915 [info] > git status -z -uall [69ms]
2026-01-14 23:55:46.212 [info] > git check-ignore -v -z --stdin [49ms]
2026-01-14 23:56:28.417 [info] > git config --get commit.template [54ms]
2026-01-14 23:56:28.419 [info] > git config --get commit.template [54ms]
2026-01-14 23:56:28.427 [info] > git for-each-ref --format=%(refname)%00%(upstream:short)%00%(objectname)%00%(upstream:track)%00%(upstream:remotename)%00%(upstream:remoteref) --ignore-case refs/heads/master refs/remotes/master [57ms]
2026-01-14 23:56:28.435 [info] > git for-each-ref --format=%(refname)%00%(upstream:short)%00%(objectname)%00%(upstream:track)%00%(upstream:remotename)%00%(upstream:remoteref) --ignore-case refs/heads/master refs/remotes/master [61ms]
2026-01-14 23:56:28.495 [info] > git for-each-ref --sort -committerdate --format %(refname)%00%(objectname)%00%(*objectname) [60ms]
2026-01-14 23:56:28.499 [info] > git status -z -uall [68ms]
2026-01-14 23:56:28.502 [info] > git status -z -uall [62ms]
2026-01-14 23:56:28.506 [info] > git for-each-ref --sort -committerdate --format %(refname)%00%(objectname)%00%(*objectname) [62ms]
2026-01-14 23:56:33.567 [info] > git config --get commit.template [53ms]
2026-01-14 23:56:33.568 [info] > git config --get commit.template [52ms]
2026-01-14 23:56:33.576 [info] > git for-each-ref --format=%(refname)%00%(upstream:short)%00%(objectname)%00%(upstream:track)%00%(upstream:remotename)%00%(upstream:remoteref) --ignore-case refs/heads/master refs/remotes/master [56ms]
2026-01-14 23:56:33.585 [info] > git for-each-ref --format=%(refname)%00%(upstream:short)%00%(objectname)%00%(upstream:track)%00%(upstream:remotename)%00%(upstream:remoteref) --ignore-case refs/heads/master refs/remotes/master [61ms]
2026-01-14 23:56:33.644 [info] > git status -z -uall [64ms]
2026-01-14 23:56:33.647 [info] > git for-each-ref --sort -committerdate --format %(refname)%00%(objectname)%00%(*objectname) [63ms]
2026-01-14 23:56:33.653 [info] > git for-each-ref --sort -committerdate --format %(refname)%00%(objectname)%00%(*objectname) [60ms]
2026-01-14 23:56:33.655 [info] > git status -z -uall [65ms]
2026-01-14 23:58:54.585 [info] > git config --get commit.template [52ms]
2026-01-14 23:58:54.588 [info] > git config --get commit.template [51ms]
2026-01-14 23:58:54.596 [info] > git for-each-ref --format=%(refname)%00%(upstream:short)%00%(objectname)%00%(upstream:track)%00%(upstream:remotename)%00%(upstream:remoteref) --ignore-case refs/heads/master refs/remotes/master [54ms]
2026-01-14 23:58:54.605 [info] > git for-each-ref --format=%(refname)%00%(upstream:short)%00%(objectname)%00%(upstream:track)%00%(upstream:remotename)%00%(upstream:remoteref) --ignore-case refs/heads/master refs/remotes/master [59ms]
2026-01-14 23:58:54.664 [info] > git status -z -uall [64ms]
2026-01-14 23:58:54.666 [info] > git for-each-ref --sort -committerdate --format %(refname)%00%(objectname)%00%(*objectname) [62ms]
2026-01-14 23:58:54.670 [info] > git for-each-ref --sort -committerdate --format %(refname)%00%(objectname)%00%(*objectname) [57ms]
2026-01-14 23:58:54.671 [info] > git status -z -uall [62ms]
2026-01-14 23:58:59.725 [info] > git config --get commit.template [51ms]
2026-01-14 23:58:59.729 [info] > git config --get commit.template [50ms]
2026-01-14 23:58:59.736 [info] > git for-each-ref --format=%(refname)%00%(upstream:short)%00%(objectname)%00%(upstream:track)%00%(upstream:remotename)%00%(upstream:remoteref) --ignore-case refs/heads/master refs/remotes/master [52ms]
2026-01-14 23:58:59.744 [info] > git for-each-ref --format=%(refname)%00%(upstream:short)%00%(objectname)%00%(upstream:track)%00%(upstream:remotename)%00%(upstream:remoteref) --ignore-case refs/heads/master refs/remotes/master [57ms]
2026-01-14 23:58:59.798 [info] > git for-each-ref --sort -committerdate --format %(refname)%00%(objectname)%00%(*objectname) [55ms]
2026-01-14 23:58:59.802 [info] > git status -z -uall [63ms]
2026-01-14 23:58:59.808 [info] > git status -z -uall [59ms]
2026-01-14 23:58:59.809 [info] > git for-each-ref --sort -committerdate --format %(refname)%00%(objectname)%00%(*objectname) [57ms]
2026-01-14 23:59:40.897 [info] > git config --get commit.template [49ms]
2026-01-14 23:59:40.900 [info] > git config --get commit.template [49ms]
2026-01-14 23:59:40.906 [info] > git for-each-ref --format=%(refname)%00%(upstream:short)%00%(objectname)%00%(upstream:track)%00%(upstream:remotename)%00%(upstream:remoteref) --ignore-case refs/heads/master refs/remotes/master [51ms]
2026-01-14 23:59:40.914 [info] > git for-each-ref --format=%(refname)%00%(upstream:short)%00%(objectname)%00%(upstream:track)%00%(upstream:remotename)%00%(upstream:remoteref) --ignore-case refs/heads/master refs/remotes/master [55ms]
2026-01-14 23:59:40.970 [info] > git status -z -uall [61ms]
2026-01-14 23:59:40.971 [info] > git for-each-ref --sort -committerdate --format %(refname)%00%(objectname)%00%(*objectname) [57ms]
2026-01-14 23:59:40.977 [info] > git status -z -uall [60ms]
2026-01-14 23:59:40.978 [info] > git for-each-ref --sort -committerdate --format %(refname)%00%(objectname)%00%(*objectname) [56ms]
2026-01-14 23:59:46.037 [info] > git config --get commit.template [55ms]
2026-01-14 23:59:46.041 [info] > git config --get commit.template [55ms]
2026-01-14 23:59:46.049 [info] > git for-each-ref --format=%(refname)%00%(upstream:short)%00%(objectname)%00%(upstream:track)%00%(upstream:remotename)%00%(upstream:remoteref) --ignore-case refs/heads/master refs/remotes/master [58ms]
2026-01-14 23:59:46.057 [info] > git for-each-ref --format=%(refname)%00%(upstream:short)%00%(objectname)%00%(upstream:track)%00%(upstream:remotename)%00%(upstream:remoteref) --ignore-case refs/heads/master refs/remotes/master [62ms]
2026-01-14 23:59:46.117 [info] > git for-each-ref --sort -committerdate --format %(refname)%00%(objectname)%00%(*objectname) [60ms]
2026-01-14 23:59:46.120 [info] > git status -z -uall [68ms]
2026-01-14 23:59:46.161 [info] > git for-each-ref --sort -committerdate --format %(refname)%00%(objectname)%00%(*objectname) [95ms]
2026-01-14 23:59:46.162 [info] > git status -z -uall [100ms]
2026-01-14 23:59:52.325 [info] > git config --get commit.template [101ms]
2026-01-14 23:59:52.328 [info] > git for-each-ref --format=%(refname)%00%(upstream:short)%00%(objectname)%00%(upstream:track)%00%(upstream:remotename)%00%(upstream:remoteref) --ignore-case refs/heads/master refs/remotes/master [92ms]
2026-01-14 23:59:52.333 [info] > git config --get commit.template [104ms]
2026-01-14 23:59:52.354 [info] > git for-each-ref --format=%(refname)%00%(upstream:short)%00%(objectname)%00%(upstream:track)%00%(upstream:remotename)%00%(upstream:remoteref) --ignore-case refs/heads/master refs/remotes/master [113ms]
2026-01-14 23:59:52.497 [info] > git status -z -uall [151ms]
2026-01-14 23:59:52.503 [info] > git for-each-ref --sort -committerdate --format %(refname)%00%(objectname)%00%(*objectname) [152ms]
2026-01-14 23:59:52.506 [info] > git for-each-ref --sort -committerdate --format %(refname)%00%(objectname)%00%(*objectname) [139ms]
2026-01-14 23:59:52.516 [info] > git status -z -uall [156ms]
2026-01-14 23:59:57.623 [info] > git config --get commit.template [106ms]
2026-01-14 23:59:57.634 [info] > git for-each-ref --format=%(refname)%00%(upstream:short)%00%(objectname)%00%(upstream:track)%00%(upstream:remotename)%00%(upstream:remoteref) --ignore-case refs/heads/master refs/remotes/master [111ms]
2026-01-14 23:59:57.645 [info] > git for-each-ref --format=%(refname)%00%(upstream:short)%00%(objectname)%00%(upstream:track)%00%(upstream:remotename)%00%(upstream:remoteref) --ignore-case refs/heads/master refs/remotes/master [111ms]
2026-01-14 23:59:57.645 [info] > git config --get commit.template [116ms]
2026-01-14 23:59:57.728 [info] > git for-each-ref --sort -committerdate --format %(refname)%00%(objectname)%00%(*objectname) [83ms]
2026-01-14 23:59:57.729 [info] > git status -z -uall [91ms]
2026-01-14 23:59:57.745 [info] > git for-each-ref --sort -committerdate --format %(refname)%00%(objectname)%00%(*objectname) [88ms]
2026-01-14 23:59:57.750 [info] > git status -z -uall [97ms]
2026-01-15 00:00:26.507 [info] > git config --get commit.template [70ms]
2026-01-15 00:00:26.515 [info] > git config --get commit.template [73ms]
2026-01-15 00:00:26.520 [info] > git for-each-ref --format=%(refname)%00%(upstream:short)%00%(objectname)%00%(upstream:track)%00%(upstream:remotename)%00%(upstream:remoteref) --ignore-case refs/heads/master refs/remotes/master [74ms]
2026-01-15 00:00:26.530 [info] > git for-each-ref --format=%(refname)%00%(upstream:short)%00%(objectname)%00%(upstream:track)%00%(upstream:remotename)%00%(upstream:remoteref) --ignore-case refs/heads/master refs/remotes/master [78ms]
2026-01-15 00:00:26.611 [info] > git status -z -uall [86ms]
2026-01-15 00:00:26.611 [info] > git for-each-ref --sort -committerdate --format %(refname)%00%(objectname)%00%(*objectname) [83ms]
2026-01-15 00:00:26.625 [info] > git status -z -uall [90ms]
2026-01-15 00:00:26.626 [info] > git for-each-ref --sort -committerdate --format %(refname)%00%(objectname)%00%(*objectname) [83ms]
2026-01-15 00:02:58.997 [info] > git config --get commit.template [86ms]
2026-01-15 00:02:59.012 [info] > git config --get commit.template [97ms]
2026-01-15 00:02:59.015 [info] > git for-each-ref --format=%(refname)%00%(upstream:short)%00%(objectname)%00%(upstream:track)%00%(upstream:remotename)%00%(upstream:remoteref) --ignore-case refs/heads/master refs/remotes/master [95ms]
2026-01-15 00:02:59.028 [info] > git for-each-ref --format=%(refname)%00%(upstream:short)%00%(objectname)%00%(upstream:track)%00%(upstream:remotename)%00%(upstream:remoteref) --ignore-case refs/heads/master refs/remotes/master [102ms]
2026-01-15 00:02:59.117 [info] > git status -z -uall [95ms]
2026-01-15 00:02:59.123 [info] > git for-each-ref --sort -committerdate --format %(refname)%00%(objectname)%00%(*objectname) [96ms]
2026-01-15 00:02:59.131 [info] > git for-each-ref --sort -committerdate --format %(refname)%00%(objectname)%00%(*objectname) [90ms]
2026-01-15 00:02:59.146 [info] > git status -z -uall [111ms]
2026-01-15 00:03:04.194 [info] > git config --get commit.template [62ms]
2026-01-15 00:03:04.214 [info] > git for-each-ref --format=%(refname)%00%(upstream:short)%00%(objectname)%00%(upstream:track)%00%(upstream:remotename)%00%(upstream:remoteref) --ignore-case refs/heads/master refs/remotes/master [77ms]
2026-01-15 00:03:04.250 [info] > git config --get commit.template [82ms]
2026-01-15 00:03:04.254 [info] > git for-each-ref --format=%(refname)%00%(upstream:short)%00%(objectname)%00%(upstream:track)%00%(upstream:remotename)%00%(upstream:remoteref) --ignore-case refs/heads/master refs/remotes/master [80ms]
2026-01-15 00:03:04.297 [info] > git for-each-ref --sort -committerdate --format %(refname)%00%(objectname)%00%(*objectname) [72ms]
2026-01-15 00:03:04.298 [info] > git status -z -uall [79ms]
2026-01-15 00:03:04.333 [info] > git for-each-ref --sort -committerdate --format %(refname)%00%(objectname)%00%(*objectname) [68ms]
2026-01-15 00:03:04.338 [info] > git status -z -uall [78ms]
2026-01-15 00:03:12.175 [info] > git check-ignore -v -z --stdin [57ms]
2026-01-15 00:03:12.177 [info] > git check-ignore -v -z --stdin [55ms]
2026-01-15 00:03:17.929 [info] > git add -A -- server/src/controllers/aiController.js [52ms]
2026-01-15 00:03:17.983 [info] > git config --get commit.template [50ms]
2026-01-15 00:03:17.989 [info] > git for-each-ref --format=%(refname)%00%(upstream:short)%00%(objectname)%00%(upstream:track)%00%(upstream:remotename)%00%(upstream:remoteref) --ignore-case refs/heads/master refs/remotes/master [52ms]
2026-01-15 00:03:18.058 [info] > git for-each-ref --sort -committerdate --format %(refname)%00%(objectname)%00%(*objectname) [60ms]
2026-01-15 00:03:18.058 [info] > git status -z -uall [66ms]
2026-01-15 00:03:19.526 [info] > git add -A -- server/src/routes/aiRoutes.js [48ms]
2026-01-15 00:03:19.583 [info] > git config --get commit.template [52ms]
2026-01-15 00:03:19.589 [info] > git for-each-ref --format=%(refname)%00%(upstream:short)%00%(objectname)%00%(upstream:track)%00%(upstream:remotename)%00%(upstream:remoteref) --ignore-case refs/heads/master refs/remotes/master [56ms]
2026-01-15 00:03:19.658 [info] > git for-each-ref --sort -committerdate --format %(refname)%00%(objectname)%00%(*objectname) [61ms]
2026-01-15 00:03:19.661 [info] > git status -z -uall [68ms]
2026-01-15 00:03:20.920 [info] > git add -A -- server/src/services/aiService.js [49ms]
2026-01-15 00:03:20.974 [info] > git config --get commit.template [50ms]
2026-01-15 00:03:20.979 [info] > git for-each-ref --format=%(refname)%00%(upstream:short)%00%(objectname)%00%(upstream:track)%00%(upstream:remotename)%00%(upstream:remoteref) --ignore-case refs/heads/master refs/remotes/master [52ms]
2026-01-15 00:03:21.045 [info] > git for-each-ref --sort -committerdate --format %(refname)%00%(objectname)%00%(*objectname) [58ms]
2026-01-15 00:03:21.047 [info] > git status -z -uall [64ms]
2026-01-15 00:03:29.454 [info] > git add -A -- components/editor/MarkdownEditor.tsx components/editor/PreviewPane.tsx package.json services/aiService.ts components/editor/AiDiagramDialog.tsx components/editor/Mermaid.tsx components/editor/SlashCommandMenu.tsx [97ms]
2026-01-15 00:03:29.454 [info] warning: in the working copy of 'package.json', LF will be replaced by CRLF the next time Git touches it
warning: in the working copy of 'components/editor/AiDiagramDialog.tsx', LF will be replaced by CRLF the next time Git touches it
warning: in the working copy of 'components/editor/Mermaid.tsx', LF will be replaced by CRLF the next time Git touches it
warning: in the working copy of 'components/editor/SlashCommandMenu.tsx', LF will be replaced by CRLF the next time Git touches it
2026-01-15 00:03:29.526 [info] > git config --get commit.template [64ms]
2026-01-15 00:03:29.536 [info] > git for-each-ref --format=%(refname)%00%(upstream:short)%00%(objectname)%00%(upstream:track)%00%(upstream:remotename)%00%(upstream:remoteref) --ignore-case refs/heads/master refs/remotes/master [67ms]
2026-01-15 00:03:29.615 [info] > git for-each-ref --sort -committerdate --format %(refname)%00%(objectname)%00%(*objectname) [69ms]
2026-01-15 00:03:29.619 [info] > git status -z -uall [78ms]
2026-01-15 00:03:44.529 [info] > git -c user.useConfigOnly=true commit --quiet --allow-empty-message --file - [154ms]
2026-01-15 00:03:44.620 [info] > git config --get commit.template [84ms]
2026-01-15 00:03:44.700 [info] > git config --get commit.template [73ms]
2026-01-15 00:03:44.713 [info] > git for-each-ref --format=%(refname)%00%(upstream:short)%00%(objectname)%00%(upstream:track)%00%(upstream:remotename)%00%(upstream:remoteref) --ignore-case refs/heads/master refs/remotes/master [81ms]
2026-01-15 00:03:44.804 [info] > git status -z -uall [87ms]
2026-01-15 00:03:44.806 [info] > git for-each-ref --sort -committerdate --format %(refname)%00%(objectname)%00%(*objectname) [82ms]
2026-01-15 00:03:45.055 [info] > git show -s --decorate=full --shortstat --format=%H%n%aN%n%aE%n%at%n%ct%n%P%n%D%n%B -z 1d5d7b6b41cc4d3d65521725c738364ec58e6d33 -- [230ms]
2026-01-15 00:03:45.061 [info] > git merge-base refs/heads/master refs/remotes/origin/master [245ms]
2026-01-15 00:03:45.151 [info] > git config --get commit.template [252ms]
2026-01-15 00:03:45.170 [info] > git for-each-ref --format=%(refname)%00%(upstream:short)%00%(objectname)%00%(upstream:track)%00%(upstream:remotename)%00%(upstream:remoteref) --ignore-case refs/heads/master refs/remotes/master [142ms]
2026-01-15 00:03:45.196 [info] > git diff --name-status -z --diff-filter=ADMR 832ab7e39739b6921c516f47403b1aac4397de80...refs/remotes/origin/master [128ms]
2026-01-15 00:03:45.264 [info] > git for-each-ref --sort -committerdate --format %(refname)%00%(objectname)%00%(*objectname) [80ms]
2026-01-15 00:03:45.266 [info] > git status -z -uall [89ms]
2026-01-15 00:03:51.386 [info] > git -c user.useConfigOnly=true commit --quiet --allow-empty-message --file - [122ms]
2026-01-15 00:03:51.449 [info] > git config --get commit.template [58ms]
2026-01-15 00:03:51.531 [info] > git config --get commit.template [76ms]
2026-01-15 00:03:51.542 [info] > git for-each-ref --format=%(refname)%00%(upstream:short)%00%(objectname)%00%(upstream:track)%00%(upstream:remotename)%00%(upstream:remoteref) --ignore-case refs/heads/master refs/remotes/master [80ms]
2026-01-15 00:03:51.692 [info] > git status -z -uall [144ms]
2026-01-15 00:03:51.692 [info] > git for-each-ref --sort -committerdate --format %(refname)%00%(objectname)%00%(*objectname) [138ms]
2026-01-15 00:03:51.816 [info] > git show -s --decorate=full --shortstat --format=%H%n%aN%n%aE%n%at%n%ct%n%P%n%D%n%B -z cdd9ef30b2c4fe0e8853e46720e46579dd82fd00 -- [100ms]
2026-01-15 00:03:51.823 [info] > git merge-base refs/heads/master refs/remotes/origin/master [116ms]
2026-01-15 00:03:51.872 [info] > git config --get commit.template [105ms]
2026-01-15 00:03:51.892 [info] > git for-each-ref --format=%(refname)%00%(upstream:short)%00%(objectname)%00%(upstream:track)%00%(upstream:remotename)%00%(upstream:remoteref) --ignore-case refs/heads/master refs/remotes/master [116ms]
2026-01-15 00:03:51.926 [info] > git diff --name-status -z --diff-filter=ADMR 03c6cd4aec3ffc474b39b665e16bb3b7a19c5e16...refs/remotes/origin/master [96ms]
2026-01-15 00:03:51.986 [info] > git for-each-ref --sort -committerdate --format %(refname)%00%(objectname)%00%(*objectname) [82ms]
2026-01-15 00:03:51.987 [info] > git status -z -uall [90ms]
2026-01-15 00:03:57.032 [info] > git log --oneline --cherry master...master@{upstream} -- [81ms]
2026-01-15 00:03:58.043 [info] > git pull --tags origin master [1004ms]
2026-01-15 00:03:58.043 [info] From https://github.com/nhhao211/client
 * branch            master     -> FETCH_HEAD
2026-01-15 00:04:01.672 [info] > git push origin master:master [3625ms]
2026-01-15 00:04:01.672 [info] To https://github.com/nhhao211/client.git
   03c6cd4..cdd9ef3  master -> master
2026-01-15 00:04:01.744 [info] > git config --get commit.template [68ms]
2026-01-15 00:04:01.754 [info] > git for-each-ref --format=%(refname)%00%(upstream:short)%00%(objectname)%00%(upstream:track)%00%(upstream:remotename)%00%(upstream:remoteref) --ignore-case refs/heads/master refs/remotes/master [71ms]
2026-01-15 00:04:01.855 [info] > git status -z -uall [87ms]
2026-01-15 00:04:01.857 [info] > git for-each-ref --sort -committerdate --format %(refname)%00%(objectname)%00%(*objectname) [79ms]
2026-01-15 00:04:01.941 [info] > git merge-base refs/heads/master refs/remotes/origin/master [73ms]
2026-01-15 00:04:02.017 [info] > git diff --name-status -z --diff-filter=ADMR cdd9ef30b2c4fe0e8853e46720e46579dd82fd00...refs/remotes/origin/master [68ms]
2026-01-15 00:04:16.436 [info] > git config --get commit.template [73ms]
2026-01-15 00:04:16.444 [info] > git for-each-ref --format=%(refname)%00%(upstream:short)%00%(objectname)%00%(upstream:track)%00%(upstream:remotename)%00%(upstream:remoteref) --ignore-case refs/heads/master refs/remotes/master [77ms]
2026-01-15 00:04:16.567 [info] > git for-each-ref --sort -committerdate --format %(refname)%00%(objectname)%00%(*objectname) [108ms]
2026-01-15 00:04:16.569 [info] > git status -z -uall [116ms]
2026-01-15 00:04:16.662 [info] > git merge-base refs/heads/master refs/remotes/origin/master [80ms]
2026-01-15 00:04:16.735 [info] > git diff --name-status -z --diff-filter=ADMR 1d5d7b6b41cc4d3d65521725c738364ec58e6d33...refs/remotes/origin/master [68ms]
2026-01-15 00:04:42.653 [info] > git config --get commit.template [147ms]
2026-01-15 00:04:42.680 [info] > git for-each-ref --format=%(refname)%00%(upstream:short)%00%(objectname)%00%(upstream:track)%00%(upstream:remotename)%00%(upstream:remoteref) --ignore-case refs/heads/master refs/remotes/master [166ms]
2026-01-15 00:04:42.774 [info] > git for-each-ref --sort -committerdate --format %(refname)%00%(objectname)%00%(*objectname) [82ms]
2026-01-15 00:04:42.777 [info] > git status -z -uall [91ms]
