2026-01-14T15:20:46.688Z DEBUG [AGQ][Extension] ============================================================
2026-01-14T15:20:46.688Z DEBUG [AGQ][Extension] Antigravity Quota Activating
2026-01-14T15:20:46.689Z DEBUG [AGQ][Extension] ============================================================
2026-01-14T15:20:46.690Z INFO  [AGQ][Extension] VS Code Version: 1.104.0
2026-01-14T15:20:46.693Z INFO  [AGQ][Extension] Extension activating at: 2026-01-14T15:20:46.693Z
2026-01-14T15:20:46.696Z DEBUG [AGQ][ProcessFinder] Initializing ProcessFinder for platform: win32, arch: x64
2026-01-14T15:20:46.696Z INFO  [AGQ][ProcessFinder] Target process name: language_server_windows_x64.exe
2026-01-14T15:20:46.697Z DEBUG [AGQ][Extension] Initial config: {
  "enabled": true,
  "polling_interval": 120000,
  "show_prompt_credits": false
}
2026-01-14T15:20:46.705Z DEBUG [AGQ][Extension] Starting async initialization...
2026-01-14T15:20:46.715Z DEBUG [AGQ][Extension] ============================================================
2026-01-14T15:20:46.715Z DEBUG [AGQ][Extension] Initializing Extension
2026-01-14T15:20:46.716Z DEBUG [AGQ][Extension] ============================================================
2026-01-14T15:20:46.716Z DEBUG [AGQ][PERF] Timer started: initialize_extension
2026-01-14T15:20:46.717Z INFO  [AGQ][Extension] Detecting Antigravity process...
2026-01-14T15:20:46.723Z DEBUG [AGQ][ProcessFinder] ============================================================
2026-01-14T15:20:46.723Z DEBUG [AGQ][ProcessFinder] Starting process detection (max_retries: 1)
2026-01-14T15:20:46.725Z DEBUG [AGQ][ProcessFinder] ============================================================
2026-01-14T15:20:46.725Z DEBUG [AGQ][PERF] Timer started: detect_process_info
2026-01-14T15:20:46.727Z DEBUG [AGQ][ProcessFinder] Attempt 1/1
2026-01-14T15:20:46.729Z DEBUG [AGQ][ProcessFinder] Executing process list command:
powershell -NoProfile -Command "Get-CimInstance Win32_Process -Filter \"name='language_server_windows_x64.exe'\" | Select-Object ProcessId,CommandLine | ConvertTo-Json"
2026-01-14T15:20:46.768Z INFO  [AGQ][Extension] Extension activation complete
2026-01-14T15:20:49.558Z DEBUG [AGQ][ProcessFinder] Raw stdout (1053 chars):
[
    {
        "ProcessId":  16032,
        "CommandLine":  "c:\\Users\\Admin\\AppData\\Local\\Programs\\Antigravity\\resources\\app\\extensions\\antigravity\\bin\\language_server_windows_x64.exe --enable_lsp --extension_server_port 59218 --csrf_token 398231f8-45cb-46d9-8f2e-181d9a884837 --random_port --workspace_id file_d_3A_DuAnRieng_MemMart --cloud_code_endpoint https://daily-cloudcode-pa.googleapis.com --app_data_dir antigravity --parent_pipe_path \\\\.\\pipe\\server_016511274796a9f5"
    },
    {
        "ProcessId":  14948,
        "CommandLine":  "c:\\Users\\Admin\\AppData\\Local\\Programs\\Antigravity\\resources\\app\\extensions\\antigravity\\bin\\language_server_windows_x64.exe --enable_lsp --extension_server_port 59217 --csrf_token 6d7c039f-f450-4e3e-86ad-1506e7d49b28 --random_port --workspace_id file_c_3A_Users_Admin_gemini_antigravity_playground_synthetic_astro --cloud_code_endpoint https://daily-cloudcode-pa.googleapis.com --app_data_dir antigravity --parent_pipe_path \\\\.\\pipe\\server_757d148d3120860a"
    }
]

2026-01-14T15:20:49.559Z DEBUG [AGQ][WindowsStrategy] Parsing process info (using PowerShell: true)
2026-01-14T15:20:49.559Z DEBUG [AGQ][WindowsStrategy] Detected JSON output, parsing...
2026-01-14T15:20:49.559Z DEBUG [AGQ][WindowsStrategy] JSON is an array with 2 element(s)
2026-01-14T15:20:49.560Z DEBUG [AGQ][WindowsStrategy] Process 1/2: PID=16032
2026-01-14T15:20:49.560Z DEBUG [AGQ][WindowsStrategy]   CommandLine: c:\Users\Admin\AppData\Local\Programs\Antigravity\resources\app\extensions\antigravity\bin\language_server_windows_x64.exe --enable_lsp --extension_server_port 59218 --csrf_token 398231f8-45cb-46d9-8f...
2026-01-14T15:20:49.560Z DEBUG [AGQ][WindowsStrategy] Process 2/2: PID=14948
2026-01-14T15:20:49.560Z DEBUG [AGQ][WindowsStrategy]   CommandLine: c:\Users\Admin\AppData\Local\Programs\Antigravity\resources\app\extensions\antigravity\bin\language_server_windows_x64.exe --enable_lsp --extension_server_port 59217 --csrf_token 6d7c039f-f450-4e3e-86...
2026-01-14T15:20:49.562Z DEBUG [AGQ][WindowsStrategy] Process identified as Antigravity (--app_data_dir match)
2026-01-14T15:20:49.563Z DEBUG [AGQ][WindowsStrategy] Process identified as Antigravity (--app_data_dir match)
2026-01-14T15:20:49.563Z INFO  [AGQ][WindowsStrategy] Found 2 language_server process(es), 2 belong to Antigravity
2026-01-14T15:20:49.563Z INFO  [AGQ][WindowsStrategy] Selected Antigravity process PID: 16032 (first match of 2)
2026-01-14T15:20:49.563Z DEBUG [AGQ][WindowsStrategy] Regex matches: extension_port=59218, csrf_token=FOUND
2026-01-14T15:20:49.563Z DEBUG [AGQ][WindowsStrategy] Extracted: PID=16032, extension_port=59218, csrf_token=398231f8...
2026-01-14T15:20:49.563Z INFO  [AGQ][ProcessFinder] Process info parsed successfully: {
  "pid": 16032,
  "extension_port": 59218,
  "csrf_token": "398231f8..."
}
2026-01-14T15:20:49.563Z DEBUG [AGQ][ProcessFinder] Getting listening ports for PID: 16032
2026-01-14T15:20:49.564Z DEBUG [AGQ][ProcessFinder] Port list command:
powershell -NoProfile -Command "Get-NetTCPConnection -OwningProcess 16032 -State Listen | Select-Object -ExpandProperty LocalPort | ConvertTo-Json"
2026-01-14T15:21:00.824Z DEBUG [AGQ][ProcessFinder] Port list stdout (41 chars):
[
    59233,
    59222,
    59221
]

2026-01-14T15:21:00.825Z DEBUG [AGQ][ProcessFinder] Parsed ports: [59221, 59222, 59233]
2026-01-14T15:21:00.825Z DEBUG [AGQ][ProcessFinder] Found 3 listening port(s): [59221, 59222, 59233]
2026-01-14T15:21:00.825Z DEBUG [AGQ][ProcessFinder] Testing ports to find working endpoint...
2026-01-14T15:21:00.825Z DEBUG [AGQ][ProcessFinder] Testing port 59221...
2026-01-14T15:21:00.825Z DEBUG [AGQ][ProcessFinder] HTTP request to https://127.0.0.1:59221/exa.language_server_pb.LanguageServerService/GetUnleashData
2026-01-14T15:21:00.850Z DEBUG [AGQ][ProcessFinder] Response from port 59221: status=200
2026-01-14T15:21:00.853Z INFO  [AGQ][ProcessFinder] Port 59221 is working
2026-01-14T15:21:00.854Z INFO  [AGQ][ProcessFinder] SUCCESS: Valid port found: 59221
2026-01-14T15:21:00.854Z DEBUG [AGQ][PERF] Timer ended: detect_process_info (14129ms)
2026-01-14T15:21:00.855Z INFO  [AGQ][Extension] Process found successfully {
  "extension_port": 59218,
  "connect_port": 59221,
  "csrf_token": "398231f8..."
}
2026-01-14T15:21:00.855Z DEBUG [AGQ][Extension] Starting polling with interval: 120000ms
2026-01-14T15:21:00.857Z INFO  [AGQ][Extension] Initialization successful
2026-01-14T15:21:00.857Z DEBUG [AGQ][PERF] Timer ended: initialize_extension (14141ms)
2026-01-14T15:21:00.888Z DEBUG [AGQ][Extension] Quota update received: {
  "models_count": 7,
  "prompt_credits": {
    "available": 500,
    "monthly": 50000,
    "used_percentage": 99,
    "remaining_percentage": 1
  },
  "timestamp": "2026-01-14T15:21:00.888Z"
}
2026-01-14T15:23:00.869Z DEBUG [AGQ][Extension] Quota update received: {
  "models_count": 7,
  "prompt_credits": {
    "available": 500,
    "monthly": 50000,
    "used_percentage": 99,
    "remaining_percentage": 1
  },
  "timestamp": "2026-01-14T15:23:00.869Z"
}
2026-01-14T15:25:00.877Z DEBUG [AGQ][Extension] Quota update received: {
  "models_count": 7,
  "prompt_credits": {
    "available": 500,
    "monthly": 50000,
    "used_percentage": 99,
    "remaining_percentage": 1
  },
  "timestamp": "2026-01-14T15:25:00.877Z"
}
2026-01-14T15:27:00.897Z DEBUG [AGQ][Extension] Quota update received: {
  "models_count": 7,
  "prompt_credits": {
    "available": 500,
    "monthly": 50000,
    "used_percentage": 99,
    "remaining_percentage": 1
  },
  "timestamp": "2026-01-14T15:27:00.897Z"
}
2026-01-14T15:29:00.919Z DEBUG [AGQ][Extension] Quota update received: {
  "models_count": 7,
  "prompt_credits": {
    "available": 500,
    "monthly": 50000,
    "used_percentage": 99,
    "remaining_percentage": 1
  },
  "timestamp": "2026-01-14T15:29:00.919Z"
}
2026-01-14T15:31:00.907Z DEBUG [AGQ][Extension] Quota update received: {
  "models_count": 7,
  "prompt_credits": {
    "available": 500,
    "monthly": 50000,
    "used_percentage": 99,
    "remaining_percentage": 1
  },
  "timestamp": "2026-01-14T15:31:00.907Z"
}
2026-01-14T15:33:00.914Z DEBUG [AGQ][Extension] Quota update received: {
  "models_count": 7,
  "prompt_credits": {
    "available": 500,
    "monthly": 50000,
    "used_percentage": 99,
    "remaining_percentage": 1
  },
  "timestamp": "2026-01-14T15:33:00.913Z"
}
2026-01-14T15:35:00.922Z DEBUG [AGQ][Extension] Quota update received: {
  "models_count": 7,
  "prompt_credits": {
    "available": 500,
    "monthly": 50000,
    "used_percentage": 99,
    "remaining_percentage": 1
  },
  "timestamp": "2026-01-14T15:35:00.922Z"
}
2026-01-14T15:37:00.927Z DEBUG [AGQ][Extension] Quota update received: {
  "models_count": 7,
  "prompt_credits": {
    "available": 500,
    "monthly": 50000,
    "used_percentage": 99,
    "remaining_percentage": 1
  },
  "timestamp": "2026-01-14T15:37:00.927Z"
}
2026-01-14T15:39:00.932Z DEBUG [AGQ][Extension] Quota update received: {
  "models_count": 7,
  "prompt_credits": {
    "available": 500,
    "monthly": 50000,
    "used_percentage": 99,
    "remaining_percentage": 1
  },
  "timestamp": "2026-01-14T15:39:00.932Z"
}
2026-01-14T15:41:00.944Z DEBUG [AGQ][Extension] Quota update received: {
  "models_count": 7,
  "prompt_credits": {
    "available": 500,
    "monthly": 50000,
    "used_percentage": 99,
    "remaining_percentage": 1
  },
  "timestamp": "2026-01-14T15:41:00.944Z"
}
2026-01-14T15:43:00.959Z DEBUG [AGQ][Extension] Quota update received: {
  "models_count": 7,
  "prompt_credits": {
    "available": 500,
    "monthly": 50000,
    "used_percentage": 99,
    "remaining_percentage": 1
  },
  "timestamp": "2026-01-14T15:43:00.959Z"
}
2026-01-14T15:45:00.972Z DEBUG [AGQ][Extension] Quota update received: {
  "models_count": 7,
  "prompt_credits": {
    "available": 500,
    "monthly": 50000,
    "used_percentage": 99,
    "remaining_percentage": 1
  },
  "timestamp": "2026-01-14T15:45:00.972Z"
}
2026-01-14T15:47:00.981Z DEBUG [AGQ][Extension] Quota update received: {
  "models_count": 7,
  "prompt_credits": {
    "available": 500,
    "monthly": 50000,
    "used_percentage": 99,
    "remaining_percentage": 1
  },
  "timestamp": "2026-01-14T15:47:00.981Z"
}
2026-01-14T15:49:00.989Z DEBUG [AGQ][Extension] Quota update received: {
  "models_count": 7,
  "prompt_credits": {
    "available": 500,
    "monthly": 50000,
    "used_percentage": 99,
    "remaining_percentage": 1
  },
  "timestamp": "2026-01-14T15:49:00.989Z"
}
2026-01-14T15:51:01.003Z DEBUG [AGQ][Extension] Quota update received: {
  "models_count": 7,
  "prompt_credits": {
    "available": 500,
    "monthly": 50000,
    "used_percentage": 99,
    "remaining_percentage": 1
  },
  "timestamp": "2026-01-14T15:51:01.003Z"
}
2026-01-14T15:53:01.003Z DEBUG [AGQ][Extension] Quota update received: {
  "models_count": 7,
  "prompt_credits": {
    "available": 500,
    "monthly": 50000,
    "used_percentage": 99,
    "remaining_percentage": 1
  },
  "timestamp": "2026-01-14T15:53:01.003Z"
}
2026-01-14T15:55:01.017Z DEBUG [AGQ][Extension] Quota update received: {
  "models_count": 7,
  "prompt_credits": {
    "available": 500,
    "monthly": 50000,
    "used_percentage": 99,
    "remaining_percentage": 1
  },
  "timestamp": "2026-01-14T15:55:01.017Z"
}
2026-01-14T15:57:01.026Z DEBUG [AGQ][Extension] Quota update received: {
  "models_count": 7,
  "prompt_credits": {
    "available": 500,
    "monthly": 50000,
    "used_percentage": 99,
    "remaining_percentage": 1
  },
  "timestamp": "2026-01-14T15:57:01.026Z"
}
2026-01-14T15:59:01.037Z DEBUG [AGQ][Extension] Quota update received: {
  "models_count": 7,
  "prompt_credits": {
    "available": 500,
    "monthly": 50000,
    "used_percentage": 99,
    "remaining_percentage": 1
  },
  "timestamp": "2026-01-14T15:59:01.037Z"
}
2026-01-14T16:01:01.046Z DEBUG [AGQ][Extension] Quota update received: {
  "models_count": 7,
  "prompt_credits": {
    "available": 500,
    "monthly": 50000,
    "used_percentage": 99,
    "remaining_percentage": 1
  },
  "timestamp": "2026-01-14T16:01:01.046Z"
}
2026-01-14T16:03:01.059Z DEBUG [AGQ][Extension] Quota update received: {
  "models_count": 7,
  "prompt_credits": {
    "available": 500,
    "monthly": 50000,
    "used_percentage": 99,
    "remaining_percentage": 1
  },
  "timestamp": "2026-01-14T16:03:01.059Z"
}
2026-01-14T16:05:01.063Z DEBUG [AGQ][Extension] Quota update received: {
  "models_count": 7,
  "prompt_credits": {
    "available": 500,
    "monthly": 50000,
    "used_percentage": 99,
    "remaining_percentage": 1
  },
  "timestamp": "2026-01-14T16:05:01.063Z"
}
