2026-01-15 21:24:00.871 [info] Extension host with pid 19320 started
2026-01-15 21:24:00.871 [info] Skipping acquiring lock for c:\Users\Admin\AppData\Roaming\Antigravity\User\workspaceStorage\f37793291fb38631027c932ebba4258e.
2026-01-15 21:24:01.108 [info] ExtensionService#_doActivateExtension vscode.git-base, startup: true, activationEvent: '*', root cause: google.antigravity
2026-01-15 21:24:01.187 [info] ExtensionService#_doActivateExtension vscode.npm, startup: true, activationEvent: 'workspaceContains:package.json'
2026-01-15 21:24:01.919 [info] ExtensionService#_doActivateExtension vscode.git, startup: true, activationEvent: '*', root cause: google.antigravity
2026-01-15 21:24:02.116 [info] ExtensionService#_doActivateExtension vscode.github, startup: true, activationEvent: '*'
2026-01-15 21:24:03.541 [info] ExtensionService#_doActivateExtension google.antigravity, startup: true, activationEvent: '*'
2026-01-15 21:24:04.525 [info] ExtensionService#_doActivateExtension vscode.emmet, startup: false, activationEvent: 'onLanguage'
2026-01-15 21:24:04.718 [info] ExtensionService#_doActivateExtension vscode.github-authentication, startup: false, activationEvent: 'onAuthenticationRequest:github'
2026-01-15 21:24:09.276 [info] ExtensionService#_doActivateExtension vscode.configuration-editing, startup: false, activationEvent: 'onLanguage:json'
2026-01-15 21:24:09.417 [info] ExtensionService#_doActivateExtension vscode.extension-editing, startup: false, activationEvent: 'onLanguage:json'
2026-01-15 21:24:09.652 [info] ExtensionService#_doActivateExtension vscode.json-language-features, startup: false, activationEvent: 'onLanguage:json'
2026-01-15 21:24:10.927 [info] ExtensionService#_doActivateExtension google.antigravity-browser-launcher, startup: false, activationEvent: 'onStartupFinished'
2026-01-15 21:24:10.987 [info] ExtensionService#_doActivateExtension Google LLC.antigravity-dev-containers, startup: false, activationEvent: 'onStartupFinished'
2026-01-15 21:24:11.051 [info] ExtensionService#_doActivateExtension vscode.debug-auto-launch, startup: false, activationEvent: 'onStartupFinished'
2026-01-15 21:24:11.129 [info] ExtensionService#_doActivateExtension vscode.merge-conflict, startup: false, activationEvent: 'onStartupFinished'
2026-01-15 21:24:11.395 [info] ExtensionService#_doActivateExtension esbenp.prettier-vscode, startup: false, activationEvent: 'onStartupFinished'
2026-01-15 21:24:12.667 [info] ExtensionService#_doActivateExtension jlcodes.antigravity-cockpit, startup: false, activationEvent: 'onStartupFinished'
2026-01-15 21:24:13.041 [info] ExtensionService#_doActivateExtension PKief.material-icon-theme, startup: false, activationEvent: 'onStartupFinished'
2026-01-15 21:24:13.315 [info] ExtensionService#_doActivateExtension zhuangtongfa.material-theme, startup: false, activationEvent: 'onStartupFinished'
2026-01-15 21:24:14.330 [info] ExtensionService#_doActivateExtension vscode.terminal-suggest, startup: false, activationEvent: 'onTerminalShellIntegration:*'
2026-01-15 21:24:17.718 [info] Eager extensions activated
2026-01-15 21:39:19.450 [info] ExtensionService#_doActivateExtension vscode.simple-browser, startup: false, activationEvent: 'onOpenExternalUri:http'
2026-01-15 21:42:51.387 [info] ExtensionService#_doActivateExtension vscode.markdown-language-features, startup: false, activationEvent: 'onLanguage:markdown'
2026-01-15 21:47:45.681 [info] ExtensionService#_doActivateExtension vscode.typescript-language-features, startup: false, activationEvent: 'onLanguage:javascript'
2026-01-15 21:55:47.260 [info] ExtensionService#_doActivateExtension vscode.markdown-math, startup: false, activationEvent: 'api', root cause: vscode.markdown-language-features
2026-01-15 22:16:17.079 [info] Extension host terminating: renderer closed the MessagePort
2026-01-15 22:16:17.225 [info] Extension host with pid 19320 exiting with code 0
