2026-01-14 23:26:50.141 [info] Extension host with pid 15044 started
2026-01-14 23:26:50.142 [info] Skipping acquiring lock for c:\Users\Admin\AppData\Roaming\Antigravity\User\workspaceStorage\32b099567c6b24219be9cc4a01f6b5c6.
2026-01-14 23:26:50.161 [info] ExtensionService#_doActivateExtension vscode.git-base, startup: true, activationEvent: '*', root cause: google.antigravity
2026-01-14 23:26:50.179 [info] ExtensionService#_doActivateExtension vscode.git, startup: true, activationEvent: '*', root cause: google.antigravity
2026-01-14 23:26:50.229 [info] ExtensionService#_doActivateExtension vscode.github, startup: true, activationEvent: '*'
2026-01-14 23:26:50.320 [info] ExtensionService#_doActivateExtension google.antigravity, startup: true, activationEvent: '*'
2026-01-14 23:26:52.309 [info] ExtensionService#_doActivateExtension vscode.terminal-suggest, startup: false, activationEvent: 'onTerminalShellIntegration:*'
2026-01-14 23:26:52.933 [info] Eager extensions activated
2026-01-14 23:26:52.945 [info] ExtensionService#_doActivateExtension google.antigravity-browser-launcher, startup: false, activationEvent: 'onStartupFinished'
2026-01-14 23:26:52.952 [info] ExtensionService#_doActivateExtension Google LLC.antigravity-dev-containers, startup: false, activationEvent: 'onStartupFinished'
2026-01-14 23:26:52.961 [info] ExtensionService#_doActivateExtension vscode.debug-auto-launch, startup: false, activationEvent: 'onStartupFinished'
2026-01-14 23:26:52.966 [info] ExtensionService#_doActivateExtension vscode.merge-conflict, startup: false, activationEvent: 'onStartupFinished'
2026-01-14 23:26:53.001 [info] ExtensionService#_doActivateExtension esbenp.prettier-vscode, startup: false, activationEvent: 'onStartupFinished'
2026-01-14 23:26:53.128 [info] ExtensionService#_doActivateExtension henrikdev.ag-quota, startup: false, activationEvent: 'onStartupFinished'
2026-01-14 23:26:53.146 [info] ExtensionService#_doActivateExtension PKief.material-icon-theme, startup: false, activationEvent: 'onStartupFinished'
2026-01-14 23:26:53.177 [info] ExtensionService#_doActivateExtension zhuangtongfa.material-theme, startup: false, activationEvent: 'onStartupFinished'
2026-01-14 23:35:31.316 [info] ExtensionService#_doActivateExtension jlcodes.antigravity-cockpit, startup: false, activationEvent: 'onStartupFinished'
2026-01-14 23:35:31.659 [info] ExtensionService#_doActivateExtension vscode.configuration-editing, startup: false, activationEvent: 'onLanguage:jsonc'
2026-01-14 23:35:31.853 [info] ExtensionService#_doActivateExtension vscode.json-language-features, startup: false, activationEvent: 'onLanguage:jsonc'
2026-01-14 23:35:32.045 [info] ExtensionService#_doActivateExtension vscode.typescript-language-features, startup: false, activationEvent: 'onLanguage:jsonc'
2026-01-14 23:35:32.123 [info] ExtensionService#_doActivateExtension vscode.emmet, startup: false, activationEvent: 'onLanguage'
2026-01-15 00:08:16.341 [info] Extension host terminating: renderer closed the MessagePort
2026-01-15 00:08:16.390 [info] Extension host with pid 15044 exiting with code 0
