2026-01-14T16:26:53.282Z DEBUG [AGQ][Extension] ============================================================
2026-01-14T16:26:53.282Z DEBUG [AGQ][Extension] Antigravity Quota Activating
2026-01-14T16:26:53.282Z DEBUG [AGQ][Extension] ============================================================
2026-01-14T16:26:53.282Z INFO  [AGQ][Extension] VS Code Version: 1.104.0
2026-01-14T16:26:53.283Z INFO  [AGQ][Extension] Extension activating at: 2026-01-14T16:26:53.283Z
2026-01-14T16:26:53.283Z DEBUG [AGQ][ProcessFinder] Initializing ProcessFinder for platform: win32, arch: x64
2026-01-14T16:26:53.283Z INFO  [AGQ][ProcessFinder] Target process name: language_server_windows_x64.exe
2026-01-14T16:26:53.283Z DEBUG [AGQ][Extension] Initial config: {
  "enabled": true,
  "polling_interval": 120000,
  "show_prompt_credits": false
}
2026-01-14T16:26:53.284Z DEBUG [AGQ][Extension] Starting async initialization...
2026-01-14T16:26:53.284Z DEBUG [AGQ][Extension] ============================================================
2026-01-14T16:26:53.284Z DEBUG [AGQ][Extension] Initializing Extension
2026-01-14T16:26:53.284Z DEBUG [AGQ][Extension] ============================================================
2026-01-14T16:26:53.284Z DEBUG [AGQ][PERF] Timer started: initialize_extension
2026-01-14T16:26:53.284Z INFO  [AGQ][Extension] Detecting Antigravity process...
2026-01-14T16:26:53.285Z DEBUG [AGQ][ProcessFinder] ============================================================
2026-01-14T16:26:53.285Z DEBUG [AGQ][ProcessFinder] Starting process detection (max_retries: 1)
2026-01-14T16:26:53.285Z DEBUG [AGQ][ProcessFinder] ============================================================
2026-01-14T16:26:53.285Z DEBUG [AGQ][PERF] Timer started: detect_process_info
2026-01-14T16:26:53.285Z DEBUG [AGQ][ProcessFinder] Attempt 1/1
2026-01-14T16:26:53.285Z DEBUG [AGQ][ProcessFinder] Executing process list command:
powershell -NoProfile -Command "Get-CimInstance Win32_Process -Filter \"name='language_server_windows_x64.exe'\" | Select-Object ProcessId,CommandLine | ConvertTo-Json"
2026-01-14T16:26:53.298Z INFO  [AGQ][Extension] Extension activation complete
2026-01-14T16:26:54.518Z DEBUG [AGQ][ProcessFinder] Raw stdout (1053 chars):
[
    {
        "ProcessId":  15740,
        "CommandLine":  "c:\\Users\\Admin\\AppData\\Local\\Programs\\Antigravity\\resources\\app\\extensions\\antigravity\\bin\\language_server_windows_x64.exe --enable_lsp --extension_server_port 59890 --csrf_token c7538e69-4eda-4f10-99ec-cb6fe91004cb --random_port --workspace_id file_d_3A_DuAnRieng_MemMart --cloud_code_endpoint https://daily-cloudcode-pa.googleapis.com --app_data_dir antigravity --parent_pipe_path \\\\.\\pipe\\server_11dec9d116c46756"
    },
    {
        "ProcessId":  20808,
        "CommandLine":  "c:\\Users\\Admin\\AppData\\Local\\Programs\\Antigravity\\resources\\app\\extensions\\antigravity\\bin\\language_server_windows_x64.exe --enable_lsp --extension_server_port 57303 --csrf_token 071c6556-22f5-496e-bf3b-66d69baf1ce6 --random_port --workspace_id file_c_3A_Users_Admin_gemini_antigravity_playground_synthetic_astro --cloud_code_endpoint https://daily-cloudcode-pa.googleapis.com --app_data_dir antigravity --parent_pipe_path \\\\.\\pipe\\server_d8a75bbef81050ae"
    }
]

2026-01-14T16:26:54.519Z DEBUG [AGQ][WindowsStrategy] Parsing process info (using PowerShell: true)
2026-01-14T16:26:54.519Z DEBUG [AGQ][WindowsStrategy] Detected JSON output, parsing...
2026-01-14T16:26:54.519Z DEBUG [AGQ][WindowsStrategy] JSON is an array with 2 element(s)
2026-01-14T16:26:54.519Z DEBUG [AGQ][WindowsStrategy] Process 1/2: PID=15740
2026-01-14T16:26:54.519Z DEBUG [AGQ][WindowsStrategy]   CommandLine: c:\Users\Admin\AppData\Local\Programs\Antigravity\resources\app\extensions\antigravity\bin\language_server_windows_x64.exe --enable_lsp --extension_server_port 59890 --csrf_token c7538e69-4eda-4f10-99...
2026-01-14T16:26:54.519Z DEBUG [AGQ][WindowsStrategy] Process 2/2: PID=20808
2026-01-14T16:26:54.519Z DEBUG [AGQ][WindowsStrategy]   CommandLine: c:\Users\Admin\AppData\Local\Programs\Antigravity\resources\app\extensions\antigravity\bin\language_server_windows_x64.exe --enable_lsp --extension_server_port 57303 --csrf_token 071c6556-22f5-496e-bf...
2026-01-14T16:26:54.520Z DEBUG [AGQ][WindowsStrategy] Process identified as Antigravity (--app_data_dir match)
2026-01-14T16:26:54.520Z DEBUG [AGQ][WindowsStrategy] Process identified as Antigravity (--app_data_dir match)
2026-01-14T16:26:54.520Z INFO  [AGQ][WindowsStrategy] Found 2 language_server process(es), 2 belong to Antigravity
2026-01-14T16:26:54.520Z INFO  [AGQ][WindowsStrategy] Selected Antigravity process PID: 15740 (first match of 2)
2026-01-14T16:26:54.520Z DEBUG [AGQ][WindowsStrategy] Regex matches: extension_port=59890, csrf_token=FOUND
2026-01-14T16:26:54.520Z DEBUG [AGQ][WindowsStrategy] Extracted: PID=15740, extension_port=59890, csrf_token=c7538e69...
2026-01-14T16:26:54.520Z INFO  [AGQ][ProcessFinder] Process info parsed successfully: {
  "pid": 15740,
  "extension_port": 59890,
  "csrf_token": "c7538e69..."
}
2026-01-14T16:26:54.520Z DEBUG [AGQ][ProcessFinder] Getting listening ports for PID: 15740
2026-01-14T16:26:54.521Z DEBUG [AGQ][ProcessFinder] Port list command:
powershell -NoProfile -Command "Get-NetTCPConnection -OwningProcess 15740 -State Listen | Select-Object -ExpandProperty LocalPort | ConvertTo-Json"
2026-01-14T16:26:56.485Z DEBUG [AGQ][ProcessFinder] Port list stdout (41 chars):
[
    59898,
    59893,
    59892
]

2026-01-14T16:26:56.485Z DEBUG [AGQ][ProcessFinder] Parsed ports: [59892, 59893, 59898]
2026-01-14T16:26:56.486Z DEBUG [AGQ][ProcessFinder] Found 3 listening port(s): [59892, 59893, 59898]
2026-01-14T16:26:56.486Z DEBUG [AGQ][ProcessFinder] Testing ports to find working endpoint...
2026-01-14T16:26:56.486Z DEBUG [AGQ][ProcessFinder] Testing port 59892...
2026-01-14T16:26:56.486Z DEBUG [AGQ][ProcessFinder] HTTP request to https://127.0.0.1:59892/exa.language_server_pb.LanguageServerService/GetUnleashData
2026-01-14T16:26:56.497Z DEBUG [AGQ][ProcessFinder] Response from port 59892: status=200
2026-01-14T16:26:56.498Z INFO  [AGQ][ProcessFinder] Port 59892 is working
2026-01-14T16:26:56.498Z INFO  [AGQ][ProcessFinder] SUCCESS: Valid port found: 59892
2026-01-14T16:26:56.498Z DEBUG [AGQ][PERF] Timer ended: detect_process_info (3213ms)
2026-01-14T16:26:56.499Z INFO  [AGQ][Extension] Process found successfully {
  "extension_port": 59890,
  "connect_port": 59892,
  "csrf_token": "c7538e69..."
}
2026-01-14T16:26:56.499Z DEBUG [AGQ][Extension] Starting polling with interval: 120000ms
2026-01-14T16:26:56.501Z INFO  [AGQ][Extension] Initialization successful
2026-01-14T16:26:56.501Z DEBUG [AGQ][PERF] Timer ended: initialize_extension (3217ms)
2026-01-14T16:26:56.512Z DEBUG [AGQ][Extension] Quota update received: {
  "models_count": 7,
  "prompt_credits": {
    "available": 500,
    "monthly": 50000,
    "used_percentage": 99,
    "remaining_percentage": 1
  },
  "timestamp": "2026-01-14T16:26:56.512Z"
}
2026-01-14T16:28:56.522Z DEBUG [AGQ][Extension] Quota update received: {
  "models_count": 7,
  "prompt_credits": {
    "available": 500,
    "monthly": 50000,
    "used_percentage": 99,
    "remaining_percentage": 1
  },
  "timestamp": "2026-01-14T16:28:56.522Z"
}
2026-01-14T16:30:56.521Z DEBUG [AGQ][Extension] Quota update received: {
  "models_count": 7,
  "prompt_credits": {
    "available": 500,
    "monthly": 50000,
    "used_percentage": 99,
    "remaining_percentage": 1
  },
  "timestamp": "2026-01-14T16:30:56.521Z"
}
2026-01-14T16:32:56.532Z DEBUG [AGQ][Extension] Quota update received: {
  "models_count": 7,
  "prompt_credits": {
    "available": 500,
    "monthly": 50000,
    "used_percentage": 99,
    "remaining_percentage": 1
  },
  "timestamp": "2026-01-14T16:32:56.532Z"
}
2026-01-14T16:34:56.541Z DEBUG [AGQ][Extension] Quota update received: {
  "models_count": 7,
  "prompt_credits": {
    "available": 500,
    "monthly": 50000,
    "used_percentage": 99,
    "remaining_percentage": 1
  },
  "timestamp": "2026-01-14T16:34:56.541Z"
}
2026-01-14T16:36:56.539Z ERROR [AGQ][Extension] Quota error: connect ECONNREFUSED 127.0.0.1:59892
2026-01-14T16:38:56.545Z ERROR [AGQ][Extension] Quota error: connect ECONNREFUSED 127.0.0.1:59892
2026-01-14T16:40:56.554Z ERROR [AGQ][Extension] Quota error: connect ECONNREFUSED 127.0.0.1:59892
2026-01-14T16:42:56.565Z ERROR [AGQ][Extension] Quota error: connect ECONNREFUSED 127.0.0.1:59892
2026-01-14T16:44:56.567Z ERROR [AGQ][Extension] Quota error: connect ECONNREFUSED 127.0.0.1:59892
2026-01-14T16:46:56.581Z ERROR [AGQ][Extension] Quota error: connect ECONNREFUSED 127.0.0.1:59892
2026-01-14T16:48:56.580Z ERROR [AGQ][Extension] Quota error: connect ECONNREFUSED 127.0.0.1:59892
2026-01-14T16:50:56.586Z ERROR [AGQ][Extension] Quota error: connect ECONNREFUSED 127.0.0.1:59892
2026-01-14T16:52:56.593Z ERROR [AGQ][Extension] Quota error: connect ECONNREFUSED 127.0.0.1:59892
2026-01-14T16:54:56.593Z ERROR [AGQ][Extension] Quota error: connect ECONNREFUSED 127.0.0.1:59892
2026-01-14T16:56:56.602Z ERROR [AGQ][Extension] Quota error: connect ECONNREFUSED 127.0.0.1:59892
2026-01-14T16:58:56.607Z ERROR [AGQ][Extension] Quota error: connect ECONNREFUSED 127.0.0.1:59892
2026-01-14T17:00:56.617Z ERROR [AGQ][Extension] Quota error: connect ECONNREFUSED 127.0.0.1:59892
2026-01-14T17:02:56.630Z ERROR [AGQ][Extension] Quota error: connect ECONNREFUSED 127.0.0.1:59892
2026-01-14T17:04:56.634Z ERROR [AGQ][Extension] Quota error: connect ECONNREFUSED 127.0.0.1:59892
2026-01-14T17:06:56.633Z ERROR [AGQ][Extension] Quota error: connect ECONNREFUSED 127.0.0.1:59892
