2026-01-14 22:20:33.875 [info] [main] Log level: Info
2026-01-14 22:20:33.875 [info] [main] Validating found git in: "C:\Program Files\Git\cmd\git.exe"
2026-01-14 22:20:33.875 [info] [main] Using git "2.39.2.windows.1" from "C:\Program Files\Git\cmd\git.exe"
2026-01-14 22:20:33.875 [info] [Model][doInitialScan] Initial repository scan started
2026-01-14 22:20:33.875 [info] > git rev-parse --show-toplevel [805ms]
2026-01-14 22:20:33.877 [info] > git rev-parse --git-dir --git-common-dir --show-superproject-working-tree [359ms]
2026-01-14 22:20:33.889 [info] [Model][openRepository] Opened repository (path): d:\DuAnRieng\MemMart
2026-01-14 22:20:33.889 [info] [Model][openRepository] Opened repository (real path): d:\DuAnRieng\MemMart
2026-01-14 22:20:33.889 [info] [Model][openRepository] Opened repository (kind): repository
2026-01-14 22:20:33.987 [info] > git config --get commit.template [80ms]
2026-01-14 22:20:33.988 [info] > git rev-parse --show-toplevel [77ms]
2026-01-14 22:20:34.074 [info] > git rev-parse --show-toplevel [80ms]
2026-01-14 22:20:34.092 [info] > git for-each-ref --format=%(refname)%00%(upstream:short)%00%(objectname)%00%(upstream:track)%00%(upstream:remotename)%00%(upstream:remoteref) --ignore-case refs/heads/master refs/remotes/master [106ms]
2026-01-14 22:20:34.165 [info] > git rev-parse --show-toplevel [74ms]
2026-01-14 22:20:34.194 [info] > git for-each-ref --sort -committerdate --format %(refname)%00%(objectname)%00%(*objectname) [75ms]
2026-01-14 22:20:34.210 [info] > git status -z -uall [99ms]
2026-01-14 22:20:34.251 [info] > git rev-parse --show-toplevel [81ms]
2026-01-14 22:20:34.348 [info] > git config --get commit.template [98ms]
2026-01-14 22:20:34.355 [info] > git rev-parse --show-toplevel [99ms]
2026-01-14 22:20:34.355 [info] > git for-each-ref --format=%(refname)%00%(upstream:short)%00%(objectname)%00%(upstream:track)%00%(upstream:remotename)%00%(upstream:remoteref) --ignore-case refs/heads/master refs/remotes/master [112ms]
2026-01-14 22:20:34.363 [info] > git for-each-ref --format=%(refname)%00%(upstream:short)%00%(objectname)%00%(upstream:track)%00%(upstream:remotename)%00%(upstream:remoteref) --ignore-case refs/heads/master refs/remotes/master [102ms]
2026-01-14 22:20:34.488 [info] > git config --get --local branch.master.vscode-merge-base [125ms]
2026-01-14 22:20:34.497 [info] > git rev-parse --show-toplevel [128ms]
2026-01-14 22:20:34.503 [info] > git for-each-ref --sort -committerdate --format %(refname)%00%(objectname)%00%(*objectname) [121ms]
2026-01-14 22:20:34.504 [info] > git status -z -uall [129ms]
2026-01-14 22:20:34.660 [info] > git rev-parse --git-dir --git-common-dir --show-superproject-working-tree [157ms]
2026-01-14 22:20:34.669 [info] [Model][openRepository] Opened repository (path): d:\DuAnRieng\MemMart\client
2026-01-14 22:20:34.669 [info] [Model][openRepository] Opened repository (real path): d:\DuAnRieng\MemMart\client
2026-01-14 22:20:34.669 [info] [Model][openRepository] Opened repository (kind): repository
2026-01-14 22:20:34.670 [info] > git for-each-ref --format=%(refname)%00%(upstream:short)%00%(objectname)%00%(upstream:track)%00%(upstream:remotename)%00%(upstream:remoteref) --ignore-case refs/heads/origin/master refs/remotes/origin/master [175ms]
2026-01-14 22:20:34.726 [info] > git check-ignore -v -z --stdin [240ms]
2026-01-14 22:20:34.778 [info] > git merge-base refs/heads/master refs/remotes/origin/master [100ms]
2026-01-14 22:20:34.793 [info] > git merge-base refs/heads/master refs/remotes/origin/master [109ms]
2026-01-14 22:20:34.857 [info] > git rev-parse --show-toplevel [117ms]
2026-01-14 22:20:34.858 [info] [Model][doInitialScan] Initial repository scan completed - repositories (2), closed repositories (0), parent repositories (0), unsafe repositories (0)
2026-01-14 22:20:34.892 [info] > git config --get commit.template [156ms]
2026-01-14 22:20:34.892 [info] > git for-each-ref --format=%(refname)%00%(upstream:short)%00%(objectname)%00%(upstream:track)%00%(upstream:remotename)%00%(upstream:remoteref) --ignore-case refs/heads/master refs/remotes/master [138ms]
2026-01-14 22:20:34.918 [info] > git diff --name-status -z --diff-filter=ADMR 832ab7e39739b6921c516f47403b1aac4397de80...refs/remotes/origin/master [133ms]
2026-01-14 22:20:34.938 [info] > git diff --name-status -z --diff-filter=ADMR 832ab7e39739b6921c516f47403b1aac4397de80...refs/remotes/origin/master [140ms]
2026-01-14 22:20:34.997 [info] > git ls-tree -l HEAD -- server/src/middlewares/googleAuth.js [118ms]
2026-01-14 22:20:34.999 [info] > git show --textconv HEAD:server/src/middlewares/googleAuth.js [133ms]
2026-01-14 22:20:35.005 [info] > git show --textconv :server/src/middlewares/googleAuth.js [132ms]
2026-01-14 22:20:35.360 [info] > git status -z -uall [450ms]
2026-01-14 22:20:35.367 [info] > git ls-tree -l HEAD -- server/src/middlewares/googleAuth.js [350ms]
2026-01-14 22:20:35.368 [info] > git for-each-ref --sort -committerdate --format %(refname)%00%(objectname)%00%(*objectname) [451ms]
2026-01-14 22:20:35.369 [info] > git ls-files --stage -- server/src/middlewares/googleAuth.js [481ms]
2026-01-14 22:20:35.807 [info] > git for-each-ref --format=%(refname)%00%(upstream:short)%00%(objectname)%00%(upstream:track)%00%(upstream:remotename)%00%(upstream:remoteref) --ignore-case refs/heads/master refs/remotes/master [401ms]
2026-01-14 22:20:35.867 [info] > git check-ignore -v -z --stdin [443ms]
2026-01-14 22:20:36.067 [info] > git check-ignore -v -z --stdin [637ms]
2026-01-14 22:20:36.095 [info] > git cat-file -s 5bfb47cd38b13bb557f5501995c39c4da5299381 [709ms]
2026-01-14 22:20:36.709 [info] > git for-each-ref --format=%(refname)%00%(upstream:short)%00%(objectname)%00%(upstream:track)%00%(upstream:remotename)%00%(upstream:remoteref) --ignore-case refs/heads/master refs/remotes/master [979ms]
2026-01-14 22:20:36.709 [info] > git config --get --local branch.master.vscode-merge-base [896ms]
2026-01-14 22:20:36.709 [warning] [Git][config] git config failed: Failed to execute git
2026-01-14 22:20:36.757 [info] > git config --get commit.template [1049ms]
2026-01-14 22:20:36.965 [info] > git ls-files --stage -- server/src/middlewares/googleAuth.js [515ms]
2026-01-14 22:20:37.010 [info] > git reflog master --grep-reflog=branch: Created from *. [294ms]
2026-01-14 22:20:37.375 [info] > git status -z -uall [613ms]
2026-01-14 22:20:37.429 [info] > git for-each-ref --sort -committerdate --format %(refname)%00%(objectname)%00%(*objectname) [661ms]
2026-01-14 22:20:37.556 [info] > git cat-file -s 5bfb47cd38b13bb557f5501995c39c4da5299381 [586ms]
2026-01-14 22:20:37.561 [info] > git symbolic-ref --short refs/remotes/origin/HEAD [526ms]
2026-01-14 22:20:37.561 [info] fatal: ref refs/remotes/origin/HEAD is not a symbolic ref
2026-01-14 22:20:37.561 [warning] [Repository][getDefaultBranch] Failed to get default branch details: Failed to execute git.
2026-01-14 22:20:38.104 [info] > git merge-base refs/heads/master refs/remotes/origin/master [520ms]
2026-01-14 22:20:38.114 [info] > git merge-base refs/heads/master refs/remotes/origin/master [544ms]
2026-01-14 22:20:38.459 [info] > git diff --name-status -z --diff-filter=ADMR 03c6cd4aec3ffc474b39b665e16bb3b7a19c5e16...refs/remotes/origin/master [339ms]
2026-01-14 22:20:38.473 [info] > git diff --name-status -z --diff-filter=ADMR 03c6cd4aec3ffc474b39b665e16bb3b7a19c5e16...refs/remotes/origin/master [359ms]
2026-01-14 22:20:39.221 [info] > git blame --root --incremental 832ab7e39739b6921c516f47403b1aac4397de80 -- server/src/middlewares/googleAuth.js [564ms]
2026-01-14 22:21:35.635 [info] > git ls-files --stage -- server/src/middlewares/googleAuth.js [70ms]
2026-01-14 22:21:35.640 [info] > git ls-tree -l HEAD -- server/src/middlewares/googleAuth.js [81ms]
2026-01-14 22:21:35.687 [info] > git cat-file -s 5bfb47cd38b13bb557f5501995c39c4da5299381 [48ms]
2026-01-14 22:21:38.070 [info] > git show --textconv :app/login/page.tsx [94ms]
2026-01-14 22:21:38.073 [info] > git ls-files --stage -- app/login/page.tsx [92ms]
2026-01-14 22:21:38.268 [info] > git cat-file -s 2f42e6d8068c3ef0fbfe04746db69fef5d501b59 [189ms]
2026-01-14 22:21:38.411 [info] > git check-ignore -v -z --stdin [152ms]
2026-01-14 22:21:38.416 [info] > git check-ignore -v -z --stdin [150ms]
2026-01-14 22:21:39.757 [info] > git check-ignore -v -z --stdin [46ms]
2026-01-14 22:21:40.157 [info] > git show --textconv HEAD:server/src/middlewares/googleAuth.js [76ms]
2026-01-14 22:21:40.162 [info] > git show --textconv :server/src/middlewares/googleAuth.js [76ms]
2026-01-14 22:21:40.163 [info] > git ls-tree -l HEAD -- server/src/middlewares/googleAuth.js [72ms]
2026-01-14 22:21:40.165 [info] > git ls-files --stage -- server/src/middlewares/googleAuth.js [70ms]
2026-01-14 22:21:40.221 [info] > git cat-file -s 5bfb47cd38b13bb557f5501995c39c4da5299381 [52ms]
2026-01-14 22:21:52.139 [info] > git branch [46ms]
2026-01-14 22:21:52.198 [info] > git reset -q HEAD -- server/src/middlewares/googleAuth.js [55ms]
2026-01-14 22:21:52.256 [info] > git config --get commit.template [51ms]
2026-01-14 22:21:52.264 [info] > git for-each-ref --format=%(refname)%00%(upstream:short)%00%(objectname)%00%(upstream:track)%00%(upstream:remotename)%00%(upstream:remoteref) --ignore-case refs/heads/master refs/remotes/master [54ms]
2026-01-14 22:21:52.345 [info] > git status -z -uall [77ms]
2026-01-14 22:21:52.347 [info] > git for-each-ref --sort -committerdate --format %(refname)%00%(objectname)%00%(*objectname) [74ms]
2026-01-14 22:21:53.444 [info] > git ls-tree -l HEAD -- server/src/middlewares/googleAuth.js [49ms]
2026-01-14 22:21:53.449 [info] > git ls-files --stage -- server/src/middlewares/googleAuth.js [50ms]
2026-01-14 22:21:53.502 [info] > git show --textconv HEAD:server/src/middlewares/googleAuth.js [53ms]
2026-01-14 22:21:53.505 [info] > git cat-file -s c5427f63c77b6ce99a9be025595ff99d98eb8858 [51ms]
2026-01-14 22:21:53.559 [info] > git show --textconv :server/src/middlewares/googleAuth.js [50ms]
2026-01-14 22:21:54.447 [info] > git config --get commit.template [48ms]
2026-01-14 22:21:54.453 [info] > git for-each-ref --format=%(refname)%00%(upstream:short)%00%(objectname)%00%(upstream:track)%00%(upstream:remotename)%00%(upstream:remoteref) --ignore-case refs/heads/master refs/remotes/master [50ms]
2026-01-14 22:21:54.515 [info] > git status -z -uall [57ms]
2026-01-14 22:21:54.516 [info] > git for-each-ref --sort -committerdate --format %(refname)%00%(objectname)%00%(*objectname) [53ms]
2026-01-14 22:21:57.584 [info] > git checkout -q -- server/src/middlewares/googleAuth.js [55ms]
2026-01-14 22:21:57.643 [info] > git config --get commit.template [54ms]
2026-01-14 22:21:57.649 [info] > git for-each-ref --format=%(refname)%00%(upstream:short)%00%(objectname)%00%(upstream:track)%00%(upstream:remotename)%00%(upstream:remoteref) --ignore-case refs/heads/master refs/remotes/master [56ms]
2026-01-14 22:21:57.730 [info] > git for-each-ref --sort -committerdate --format %(refname)%00%(objectname)%00%(*objectname) [72ms]
2026-01-14 22:21:57.734 [info] > git status -z -uall [80ms]
2026-01-14 22:21:58.831 [info] > git ls-tree -l HEAD -- server/src/middlewares/googleAuth.js [58ms]
2026-01-14 22:21:58.838 [info] > git ls-files --stage -- server/src/middlewares/googleAuth.js [60ms]
2026-01-14 22:21:58.901 [info] > git show --textconv HEAD:server/src/middlewares/googleAuth.js [64ms]
2026-01-14 22:21:58.904 [info] > git cat-file -s c5427f63c77b6ce99a9be025595ff99d98eb8858 [63ms]
2026-01-14 22:21:58.959 [info] > git show --textconv :server/src/middlewares/googleAuth.js [50ms]
2026-01-14 22:21:59.836 [info] > git config --get commit.template [51ms]
2026-01-14 22:21:59.841 [info] > git for-each-ref --format=%(refname)%00%(upstream:short)%00%(objectname)%00%(upstream:track)%00%(upstream:remotename)%00%(upstream:remoteref) --ignore-case refs/heads/master refs/remotes/master [52ms]
2026-01-14 22:21:59.903 [info] > git for-each-ref --sort -committerdate --format %(refname)%00%(objectname)%00%(*objectname) [54ms]
2026-01-14 22:21:59.907 [info] > git status -z -uall [62ms]
2026-01-14 22:22:08.254 [info] > git check-ignore -v -z --stdin [44ms]
