2026-01-15 21:24:02.629 [info] [main] Log level: Info
2026-01-15 21:24:02.629 [info] [main] Validating found git in: "C:\Program Files\Git\cmd\git.exe"
2026-01-15 21:24:02.629 [info] [main] Using git "2.39.2.windows.1" from "C:\Program Files\Git\cmd\git.exe"
2026-01-15 21:24:02.629 [info] [Model][doInitialScan] Initial repository scan started
2026-01-15 21:24:02.629 [info] > git rev-parse --show-toplevel [95ms]
2026-01-15 21:24:02.629 [info] > git rev-parse --git-dir --git-common-dir --show-superproject-working-tree [129ms]
2026-01-15 21:24:02.629 [info] [Model][openRepository] Opened repository (path): d:\DuAnRieng\MemMart
2026-01-15 21:24:02.630 [info] [Model][openRepository] Opened repository (real path): d:\DuAnRieng\MemMart
2026-01-15 21:24:02.630 [info] [Model][openRepository] Opened repository (kind): repository
2026-01-15 21:24:02.732 [info] > git for-each-ref --format=%(refname)%00%(upstream:short)%00%(objectname)%00%(upstream:track)%00%(upstream:remotename)%00%(upstream:remoteref) --ignore-case refs/heads/master refs/remotes/master [133ms]
2026-01-15 21:24:02.733 [info] > git rev-parse --show-toplevel [142ms]
2026-01-15 21:24:02.734 [info] > git config --get commit.template [147ms]
2026-01-15 21:24:02.832 [info] > git rev-parse --show-toplevel [92ms]
2026-01-15 21:24:02.849 [info] > git status -z -uall [93ms]
2026-01-15 21:24:02.850 [info] > git for-each-ref --sort -committerdate --format %(refname)%00%(objectname)%00%(*objectname) [87ms]
2026-01-15 21:24:02.921 [info] > git rev-parse --show-toplevel [79ms]
2026-01-15 21:24:03.000 [info] > git config --get commit.template [101ms]
2026-01-15 21:24:03.002 [info] > git for-each-ref --format=%(refname)%00%(upstream:short)%00%(objectname)%00%(upstream:track)%00%(upstream:remotename)%00%(upstream:remoteref) --ignore-case refs/heads/master refs/remotes/master [99ms]
2026-01-15 21:24:03.015 [info] > git for-each-ref --format=%(refname)%00%(upstream:short)%00%(objectname)%00%(upstream:track)%00%(upstream:remotename)%00%(upstream:remoteref) --ignore-case refs/heads/master refs/remotes/master [127ms]
2026-01-15 21:24:03.026 [info] > git rev-parse --show-toplevel [100ms]
2026-01-15 21:24:03.125 [info] > git status -z -uall [115ms]
2026-01-15 21:24:03.129 [info] > git rev-parse --show-toplevel [98ms]
2026-01-15 21:24:03.138 [info] > git for-each-ref --sort -committerdate --format %(refname)%00%(objectname)%00%(*objectname) [124ms]
2026-01-15 21:24:03.142 [info] > git config --get --local branch.master.vscode-merge-base [117ms]
2026-01-15 21:24:03.222 [info] > git rev-parse --show-toplevel [84ms]
2026-01-15 21:24:03.234 [info] > git for-each-ref --format=%(refname)%00%(upstream:short)%00%(objectname)%00%(upstream:track)%00%(upstream:remotename)%00%(upstream:remoteref) --ignore-case refs/heads/origin/master refs/remotes/origin/master [84ms]
2026-01-15 21:24:03.343 [info] > git merge-base refs/heads/master refs/remotes/origin/master [101ms]
2026-01-15 21:24:03.357 [info] > git merge-base refs/heads/master refs/remotes/origin/master [109ms]
2026-01-15 21:24:03.390 [info] > git rev-parse --git-dir --git-common-dir --show-superproject-working-tree [163ms]
2026-01-15 21:24:03.398 [info] [Model][openRepository] Opened repository (path): d:\DuAnRieng\MemMart\client
2026-01-15 21:24:03.398 [info] [Model][openRepository] Opened repository (real path): d:\DuAnRieng\MemMart\client
2026-01-15 21:24:03.398 [info] [Model][openRepository] Opened repository (kind): repository
2026-01-15 21:24:03.487 [info] > git diff --name-status -z --diff-filter=ADMR 1d5d7b6b41cc4d3d65521725c738364ec58e6d33...refs/remotes/origin/master [133ms]
2026-01-15 21:24:03.490 [info] > git diff --name-status -z --diff-filter=ADMR 1d5d7b6b41cc4d3d65521725c738364ec58e6d33...refs/remotes/origin/master [128ms]
2026-01-15 21:24:03.527 [info] > git rev-parse --show-toplevel [118ms]
2026-01-15 21:24:03.535 [info] [Model][doInitialScan] Initial repository scan completed - repositories (2), closed repositories (0), parent repositories (0), unsafe repositories (0)
2026-01-15 21:24:03.536 [info] > git config --get commit.template [132ms]
2026-01-15 21:24:04.490 [info] > git for-each-ref --format=%(refname)%00%(upstream:short)%00%(objectname)%00%(upstream:track)%00%(upstream:remotename)%00%(upstream:remoteref) --ignore-case refs/heads/master refs/remotes/master [1073ms]
2026-01-15 21:24:05.156 [info] > git check-ignore -v -z --stdin [125ms]
2026-01-15 21:24:05.160 [info] > git check-ignore -v -z --stdin [125ms]
2026-01-15 21:24:05.169 [info] > git status -z -uall [154ms]
2026-01-15 21:24:05.191 [info] > git for-each-ref --sort -committerdate --format %(refname)%00%(objectname)%00%(*objectname) [170ms]
2026-01-15 21:24:05.335 [info] > git config --get commit.template [126ms]
2026-01-15 21:24:05.363 [info] > git for-each-ref --format=%(refname)%00%(upstream:short)%00%(objectname)%00%(upstream:track)%00%(upstream:remotename)%00%(upstream:remoteref) --ignore-case refs/heads/master refs/remotes/master [147ms]
2026-01-15 21:24:05.377 [info] > git for-each-ref --format=%(refname)%00%(upstream:short)%00%(objectname)%00%(upstream:track)%00%(upstream:remotename)%00%(upstream:remoteref) --ignore-case refs/heads/master refs/remotes/master [174ms]
2026-01-15 21:24:05.488 [info] > git config --get --local branch.master.vscode-merge-base [105ms]
2026-01-15 21:24:05.488 [warning] [Git][config] git config failed: Failed to execute git
2026-01-15 21:24:05.496 [info] > git status -z -uall [125ms]
2026-01-15 21:24:05.502 [info] > git for-each-ref --sort -committerdate --format %(refname)%00%(objectname)%00%(*objectname) [125ms]
2026-01-15 21:24:05.611 [info] > git reflog master --grep-reflog=branch: Created from *. [116ms]
2026-01-15 21:24:05.701 [info] > git symbolic-ref --short refs/remotes/origin/HEAD [82ms]
2026-01-15 21:24:05.701 [info] fatal: ref refs/remotes/origin/HEAD is not a symbolic ref
2026-01-15 21:24:05.701 [warning] [Repository][getDefaultBranch] Failed to get default branch details: Failed to execute git.
2026-01-15 21:24:05.803 [info] > git merge-base refs/heads/master refs/remotes/origin/master [91ms]
2026-01-15 21:24:05.814 [info] > git merge-base refs/heads/master refs/remotes/origin/master [107ms]
2026-01-15 21:24:05.933 [info] > git diff --name-status -z --diff-filter=ADMR cdd9ef30b2c4fe0e8853e46720e46579dd82fd00...refs/remotes/origin/master [112ms]
2026-01-15 21:24:05.940 [info] > git diff --name-status -z --diff-filter=ADMR cdd9ef30b2c4fe0e8853e46720e46579dd82fd00...refs/remotes/origin/master [127ms]
2026-01-15 21:24:23.824 [info] > git check-ignore -v -z --stdin [94ms]
2026-01-15 21:24:25.184 [info] > git show --textconv :server/.env [216ms]
2026-01-15 21:24:25.204 [info] > git ls-files --stage -- server/.env [226ms]
2026-01-15 21:24:25.261 [info] > git hash-object -t tree /dev/null [71ms]
2026-01-15 21:24:25.261 [warning] [GitFileSystemProvider][readFile] File not found - git:/d%3A/DuAnRieng/MemMart/server/.env.git?%7B%22path%22%3A%22d%3A%5C%5CDuAnRieng%5C%5CMemMart%5C%5Cserver%5C%5C.env%22%2C%22ref%22%3A%22%22%7D
2026-01-15 21:24:25.280 [info] > git hash-object -t tree /dev/null [69ms]
2026-01-15 21:24:25.280 [warning] [GitFileSystemProvider][stat] File not found - git:/d%3A/DuAnRieng/MemMart/server/.env.git?%7B%22path%22%3A%22d%3A%5C%5CDuAnRieng%5C%5CMemMart%5C%5Cserver%5C%5C.env%22%2C%22ref%22%3A%22%22%7D
2026-01-15 21:24:25.371 [info] > git blame --root --incremental 1d5d7b6b41cc4d3d65521725c738364ec58e6d33 -- server/.env [60ms]
2026-01-15 21:24:25.371 [info] fatal: no such path server/.env in 1d5d7b6b41cc4d3d65521725c738364ec58e6d33
2026-01-15 21:35:48.640 [info] > git show --textconv :server/.env [78ms]
2026-01-15 21:35:48.640 [warning] [GitFileSystemProvider][readFile] File not found - git:/d%3A/DuAnRieng/MemMart/server/.env.git?%7B%22path%22%3A%22d%3A%5C%5CDuAnRieng%5C%5CMemMart%5C%5Cserver%5C%5C.env%22%2C%22ref%22%3A%22%22%7D
2026-01-15 21:35:48.641 [info] > git ls-files --stage -- server/.env [73ms]
2026-01-15 21:35:48.641 [warning] [GitFileSystemProvider][stat] File not found - git:/d%3A/DuAnRieng/MemMart/server/.env.git?%7B%22path%22%3A%22d%3A%5C%5CDuAnRieng%5C%5CMemMart%5C%5Cserver%5C%5C.env%22%2C%22ref%22%3A%22%22%7D
2026-01-15 21:37:04.469 [info] > git check-ignore -v -z --stdin [175ms]
2026-01-15 21:37:04.508 [info] > git check-ignore -v -z --stdin [206ms]
2026-01-15 21:38:08.092 [info] > git check-ignore -v -z --stdin [80ms]
2026-01-15 21:39:18.257 [info] > git for-each-ref --format=%(refname)%00%(upstream:short)%00%(objectname)%00%(upstream:track)%00%(upstream:remotename)%00%(upstream:remoteref) --ignore-case refs/heads/master refs/remotes/master [166ms]
2026-01-15 21:39:18.269 [info] > git for-each-ref --format=%(refname)%00%(upstream:short)%00%(objectname)%00%(upstream:track)%00%(upstream:remotename)%00%(upstream:remoteref) --ignore-case refs/heads/master refs/remotes/master [170ms]
2026-01-15 21:39:18.271 [info] > git config --get commit.template [185ms]
2026-01-15 21:39:18.292 [info] > git config --get commit.template [212ms]
2026-01-15 21:39:18.547 [info] > git status -z -uall [266ms]
2026-01-15 21:39:18.559 [info] > git for-each-ref --sort -committerdate --format %(refname)%00%(objectname)%00%(*objectname) [269ms]
2026-01-15 21:39:18.564 [info] > git for-each-ref --sort -committerdate --format %(refname)%00%(objectname)%00%(*objectname) [248ms]
2026-01-15 21:39:18.568 [info] > git status -z -uall [267ms]
2026-01-15 21:39:24.721 [info] > git config --get commit.template [550ms]
2026-01-15 21:39:24.815 [info] > git for-each-ref --format=%(refname)%00%(upstream:short)%00%(objectname)%00%(upstream:track)%00%(upstream:remotename)%00%(upstream:remoteref) --ignore-case refs/heads/master refs/remotes/master [594ms]
2026-01-15 21:39:24.817 [info] > git config --get commit.template [605ms]
2026-01-15 21:39:24.883 [info] > git for-each-ref --format=%(refname)%00%(upstream:short)%00%(objectname)%00%(upstream:track)%00%(upstream:remotename)%00%(upstream:remoteref) --ignore-case refs/heads/master refs/remotes/master [651ms]
2026-01-15 21:39:25.430 [info] > git status -z -uall [566ms]
2026-01-15 21:39:25.449 [info] > git for-each-ref --sort -committerdate --format %(refname)%00%(objectname)%00%(*objectname) [568ms]
2026-01-15 21:39:25.520 [info] > git status -z -uall [602ms]
2026-01-15 21:39:25.671 [info] > git for-each-ref --sort -committerdate --format %(refname)%00%(objectname)%00%(*objectname) [747ms]
2026-01-15 21:39:30.618 [info] > git config --get commit.template [87ms]
2026-01-15 21:39:30.632 [info] > git for-each-ref --format=%(refname)%00%(upstream:short)%00%(objectname)%00%(upstream:track)%00%(upstream:remotename)%00%(upstream:remoteref) --ignore-case refs/heads/master refs/remotes/master [97ms]
2026-01-15 21:39:30.778 [info] > git status -z -uall [134ms]
2026-01-15 21:39:30.799 [info] > git for-each-ref --sort -committerdate --format %(refname)%00%(objectname)%00%(*objectname) [148ms]
2026-01-15 21:39:30.901 [info] > git config --get commit.template [131ms]
2026-01-15 21:39:30.912 [info] > git for-each-ref --format=%(refname)%00%(upstream:short)%00%(objectname)%00%(upstream:track)%00%(upstream:remotename)%00%(upstream:remoteref) --ignore-case refs/heads/master refs/remotes/master [134ms]
2026-01-15 21:39:31.023 [info] > git for-each-ref --sort -committerdate --format %(refname)%00%(objectname)%00%(*objectname) [97ms]
2026-01-15 21:39:31.024 [info] > git status -z -uall [104ms]
2026-01-15 21:39:38.726 [info] > git for-each-ref --format=%(refname)%00%(upstream:short)%00%(objectname)%00%(upstream:track)%00%(upstream:remotename)%00%(upstream:remoteref) --ignore-case refs/heads/master refs/remotes/master [2865ms]
2026-01-15 21:39:39.092 [info] > git for-each-ref --format=%(refname)%00%(upstream:short)%00%(objectname)%00%(upstream:track)%00%(upstream:remotename)%00%(upstream:remoteref) --ignore-case refs/heads/master refs/remotes/master [3024ms]
2026-01-15 21:39:39.416 [info] > git config --get commit.template [3576ms]
2026-01-15 21:39:39.436 [info] > git config --get commit.template [3386ms]
2026-01-15 21:39:40.897 [info] > git status -z -uall [1450ms]
2026-01-15 21:39:41.021 [info] > git for-each-ref --sort -committerdate --format %(refname)%00%(objectname)%00%(*objectname) [1518ms]
2026-01-15 21:39:41.079 [info] > git for-each-ref --sort -committerdate --format %(refname)%00%(objectname)%00%(*objectname) [1644ms]
2026-01-15 21:39:41.113 [info] > git status -z -uall [1688ms]
2026-01-15 21:39:52.040 [info] > git config --get commit.template [123ms]
2026-01-15 21:39:52.055 [info] > git config --get commit.template [145ms]
2026-01-15 21:39:52.056 [info] > git for-each-ref --format=%(refname)%00%(upstream:short)%00%(objectname)%00%(upstream:track)%00%(upstream:remotename)%00%(upstream:remoteref) --ignore-case refs/heads/master refs/remotes/master [134ms]
2026-01-15 21:39:52.071 [info] > git for-each-ref --format=%(refname)%00%(upstream:short)%00%(objectname)%00%(upstream:track)%00%(upstream:remotename)%00%(upstream:remoteref) --ignore-case refs/heads/master refs/remotes/master [143ms]
2026-01-15 21:39:52.192 [info] > git status -z -uall [112ms]
2026-01-15 21:39:52.203 [info] > git status -z -uall [141ms]
2026-01-15 21:39:52.203 [info] > git for-each-ref --sort -committerdate --format %(refname)%00%(objectname)%00%(*objectname) [135ms]
2026-01-15 21:39:52.209 [info] > git for-each-ref --sort -committerdate --format %(refname)%00%(objectname)%00%(*objectname) [123ms]
2026-01-15 21:39:58.141 [info] > git for-each-ref --format=%(refname)%00%(upstream:short)%00%(objectname)%00%(upstream:track)%00%(upstream:remotename)%00%(upstream:remoteref) --ignore-case refs/heads/master refs/remotes/master [901ms]
2026-01-15 21:39:58.158 [info] > git config --get commit.template [929ms]
2026-01-15 21:39:58.180 [info] > git for-each-ref --format=%(refname)%00%(upstream:short)%00%(objectname)%00%(upstream:track)%00%(upstream:remotename)%00%(upstream:remoteref) --ignore-case refs/heads/master refs/remotes/master [946ms]
2026-01-15 21:39:58.455 [info] > git config --get commit.template [1232ms]
2026-01-15 21:39:58.957 [info] > git for-each-ref --sort -committerdate --format %(refname)%00%(objectname)%00%(*objectname) [787ms]
2026-01-15 21:39:59.001 [info] > git status -z -uall [836ms]
2026-01-15 21:39:59.022 [info] > git status -z -uall [555ms]
2026-01-15 21:39:59.051 [info] > git for-each-ref --sort -committerdate --format %(refname)%00%(objectname)%00%(*objectname) [572ms]
2026-01-15 21:40:04.077 [info] > git config --get commit.template [62ms]
2026-01-15 21:40:04.080 [info] > git for-each-ref --format=%(refname)%00%(upstream:short)%00%(objectname)%00%(upstream:track)%00%(upstream:remotename)%00%(upstream:remoteref) --ignore-case refs/heads/master refs/remotes/master [60ms]
2026-01-15 21:40:04.129 [info] > git config --get commit.template [65ms]
2026-01-15 21:40:04.140 [info] > git for-each-ref --format=%(refname)%00%(upstream:short)%00%(objectname)%00%(upstream:track)%00%(upstream:remotename)%00%(upstream:remoteref) --ignore-case refs/heads/master refs/remotes/master [71ms]
2026-01-15 21:40:04.160 [info] > git for-each-ref --sort -committerdate --format %(refname)%00%(objectname)%00%(*objectname) [70ms]
2026-01-15 21:40:04.162 [info] > git status -z -uall [77ms]
2026-01-15 21:40:04.212 [info] > git status -z -uall [67ms]
2026-01-15 21:40:04.212 [info] > git for-each-ref --sort -committerdate --format %(refname)%00%(objectname)%00%(*objectname) [63ms]
2026-01-15 21:47:25.750 [info] > git config --get commit.template [620ms]
2026-01-15 21:47:25.917 [info] > git for-each-ref --format=%(refname)%00%(upstream:short)%00%(objectname)%00%(upstream:track)%00%(upstream:remotename)%00%(upstream:remoteref) --ignore-case refs/heads/master refs/remotes/master [687ms]
2026-01-15 21:47:26.452 [info] > git for-each-ref --sort -committerdate --format %(refname)%00%(objectname)%00%(*objectname) [521ms]
2026-01-15 21:47:26.526 [info] > git status -z -uall [601ms]
2026-01-15 21:47:33.401 [info] > git config --get commit.template [74ms]
2026-01-15 21:47:33.418 [info] > git for-each-ref --format=%(refname)%00%(upstream:short)%00%(objectname)%00%(upstream:track)%00%(upstream:remotename)%00%(upstream:remoteref) --ignore-case refs/heads/master refs/remotes/master [84ms]
2026-01-15 21:47:33.498 [info] > git status -z -uall [76ms]
2026-01-15 21:47:33.499 [info] > git for-each-ref --sort -committerdate --format %(refname)%00%(objectname)%00%(*objectname) [71ms]
2026-01-15 21:47:37.778 [info] > git config --get commit.template [56ms]
2026-01-15 21:47:37.789 [info] > git for-each-ref --format=%(refname)%00%(upstream:short)%00%(objectname)%00%(upstream:track)%00%(upstream:remotename)%00%(upstream:remoteref) --ignore-case refs/heads/master refs/remotes/master [63ms]
2026-01-15 21:47:37.861 [info] > git status -z -uall [67ms]
2026-01-15 21:47:37.868 [info] > git for-each-ref --sort -committerdate --format %(refname)%00%(objectname)%00%(*objectname) [70ms]
2026-01-15 21:47:38.567 [info] > git config --get commit.template [58ms]
2026-01-15 21:47:38.577 [info] > git for-each-ref --format=%(refname)%00%(upstream:short)%00%(objectname)%00%(upstream:track)%00%(upstream:remotename)%00%(upstream:remoteref) --ignore-case refs/heads/master refs/remotes/master [64ms]
2026-01-15 21:47:38.645 [info] > git for-each-ref --sort -committerdate --format %(refname)%00%(objectname)%00%(*objectname) [59ms]
2026-01-15 21:47:38.647 [info] > git status -z -uall [66ms]
2026-01-15 21:47:46.777 [info] > git check-ignore -v -z --stdin [67ms]
2026-01-15 21:47:47.405 [info] > git config --get commit.template [148ms]
2026-01-15 21:47:47.410 [info] > git for-each-ref --format=%(refname)%00%(upstream:short)%00%(objectname)%00%(upstream:track)%00%(upstream:remotename)%00%(upstream:remoteref) --ignore-case refs/heads/master refs/remotes/master [141ms]
2026-01-15 21:47:47.539 [info] > git status -z -uall [122ms]
2026-01-15 21:47:47.548 [info] > git for-each-ref --sort -committerdate --format %(refname)%00%(objectname)%00%(*objectname) [121ms]
2026-01-15 21:47:48.441 [info] > git check-ignore -v -z --stdin [134ms]
2026-01-15 21:47:50.385 [info] > git check-ignore -v -z --stdin [76ms]
2026-01-15 21:47:52.634 [info] > git config --get commit.template [73ms]
2026-01-15 21:47:52.638 [info] > git for-each-ref --format=%(refname)%00%(upstream:short)%00%(objectname)%00%(upstream:track)%00%(upstream:remotename)%00%(upstream:remoteref) --ignore-case refs/heads/master refs/remotes/master [71ms]
2026-01-15 21:47:52.730 [info] > git for-each-ref --sort -committerdate --format %(refname)%00%(objectname)%00%(*objectname) [81ms]
2026-01-15 21:47:52.732 [info] > git status -z -uall [89ms]
2026-01-15 21:48:00.187 [info] > git config --get commit.template [62ms]
2026-01-15 21:48:00.195 [info] > git for-each-ref --format=%(refname)%00%(upstream:short)%00%(objectname)%00%(upstream:track)%00%(upstream:remotename)%00%(upstream:remoteref) --ignore-case refs/heads/master refs/remotes/master [66ms]
2026-01-15 21:48:00.266 [info] > git for-each-ref --sort -committerdate --format %(refname)%00%(objectname)%00%(*objectname) [61ms]
2026-01-15 21:48:00.270 [info] > git status -z -uall [70ms]
2026-01-15 21:48:12.218 [info] > git check-ignore -v -z --stdin [242ms]
2026-01-15 21:48:13.118 [info] > git for-each-ref --format=%(refname)%00%(upstream:short)%00%(objectname)%00%(upstream:track)%00%(upstream:remotename)%00%(upstream:remoteref) --ignore-case refs/heads/master refs/remotes/master [308ms]
2026-01-15 21:48:13.167 [info] > git for-each-ref --format=%(refname)%00%(upstream:short)%00%(objectname)%00%(upstream:track)%00%(upstream:remotename)%00%(upstream:remoteref) --ignore-case refs/heads/master refs/remotes/master [366ms]
2026-01-15 21:48:13.211 [info] > git config --get commit.template [421ms]
2026-01-15 21:48:13.231 [info] > git config --get commit.template [451ms]
2026-01-15 21:48:13.652 [info] > git for-each-ref --sort -committerdate --format %(refname)%00%(objectname)%00%(*objectname) [401ms]
2026-01-15 21:48:13.658 [info] > git status -z -uall [418ms]
2026-01-15 21:48:13.753 [info] > git for-each-ref --sort -committerdate --format %(refname)%00%(objectname)%00%(*objectname) [523ms]
2026-01-15 21:48:13.771 [info] > git status -z -uall [552ms]
2026-01-15 21:48:14.168 [info] > git check-ignore -v -z --stdin [106ms]
2026-01-15 21:48:14.821 [info] > git check-ignore -v -z --stdin [90ms]
2026-01-15 21:48:18.838 [info] > git for-each-ref --format=%(refname)%00%(upstream:short)%00%(objectname)%00%(upstream:track)%00%(upstream:remotename)%00%(upstream:remoteref) --ignore-case refs/heads/master refs/remotes/master [148ms]
2026-01-15 21:48:18.845 [info] > git config --get commit.template [161ms]
2026-01-15 21:48:18.971 [info] > git for-each-ref --format=%(refname)%00%(upstream:short)%00%(objectname)%00%(upstream:track)%00%(upstream:remotename)%00%(upstream:remoteref) --ignore-case refs/heads/master refs/remotes/master [170ms]
2026-01-15 21:48:18.980 [info] > git config --get commit.template [186ms]
2026-01-15 21:48:19.039 [info] > git for-each-ref --sort -committerdate --format %(refname)%00%(objectname)%00%(*objectname) [180ms]
2026-01-15 21:48:19.047 [info] > git status -z -uall [196ms]
2026-01-15 21:48:19.138 [info] > git for-each-ref --sort -committerdate --format %(refname)%00%(objectname)%00%(*objectname) [137ms]
2026-01-15 21:48:19.141 [info] > git status -z -uall [149ms]
2026-01-15 21:48:24.338 [info] > git config --get commit.template [269ms]
2026-01-15 21:48:24.338 [info] > git for-each-ref --format=%(refname)%00%(upstream:short)%00%(objectname)%00%(upstream:track)%00%(upstream:remotename)%00%(upstream:remoteref) --ignore-case refs/heads/master refs/remotes/master [258ms]
2026-01-15 21:48:24.387 [info] > git for-each-ref --format=%(refname)%00%(upstream:short)%00%(objectname)%00%(upstream:track)%00%(upstream:remotename)%00%(upstream:remoteref) --ignore-case refs/heads/master refs/remotes/master [221ms]
2026-01-15 21:48:24.388 [info] > git config --get commit.template [229ms]
2026-01-15 21:48:24.527 [info] > git status -z -uall [179ms]
2026-01-15 21:48:24.529 [info] > git for-each-ref --sort -committerdate --format %(refname)%00%(objectname)%00%(*objectname) [171ms]
2026-01-15 21:48:24.582 [info] > git for-each-ref --sort -committerdate --format %(refname)%00%(objectname)%00%(*objectname) [178ms]
2026-01-15 21:48:24.586 [info] > git status -z -uall [189ms]
2026-01-15 21:48:30.012 [info] > git config --get commit.template [241ms]
2026-01-15 21:48:30.017 [info] > git for-each-ref --format=%(refname)%00%(upstream:short)%00%(objectname)%00%(upstream:track)%00%(upstream:remotename)%00%(upstream:remoteref) --ignore-case refs/heads/master refs/remotes/master [227ms]
2026-01-15 21:48:30.019 [info] > git config --get commit.template [272ms]
2026-01-15 21:48:30.141 [info] > git for-each-ref --format=%(refname)%00%(upstream:short)%00%(objectname)%00%(upstream:track)%00%(upstream:remotename)%00%(upstream:remoteref) --ignore-case refs/heads/master refs/remotes/master [340ms]
2026-01-15 21:48:30.518 [info] > git for-each-ref --sort -committerdate --format %(refname)%00%(objectname)%00%(*objectname) [473ms]
2026-01-15 21:48:30.662 [info] > git status -z -uall [503ms]
2026-01-15 21:48:30.662 [info] > git for-each-ref --sort -committerdate --format %(refname)%00%(objectname)%00%(*objectname) [495ms]
2026-01-15 21:48:30.682 [info] > git status -z -uall [644ms]
2026-01-15 21:49:23.342 [info] > git config --get commit.template [371ms]
2026-01-15 21:49:23.359 [info] > git for-each-ref --format=%(refname)%00%(upstream:short)%00%(objectname)%00%(upstream:track)%00%(upstream:remotename)%00%(upstream:remoteref) --ignore-case refs/heads/master refs/remotes/master [362ms]
2026-01-15 21:49:23.370 [info] > git for-each-ref --format=%(refname)%00%(upstream:short)%00%(objectname)%00%(upstream:track)%00%(upstream:remotename)%00%(upstream:remoteref) --ignore-case refs/heads/master refs/remotes/master [359ms]
2026-01-15 21:49:23.408 [info] > git config --get commit.template [452ms]
2026-01-15 21:49:23.531 [info] > git for-each-ref --sort -committerdate --format %(refname)%00%(objectname)%00%(*objectname) [142ms]
2026-01-15 21:49:23.542 [info] > git status -z -uall [163ms]
2026-01-15 21:49:23.591 [info] > git status -z -uall [177ms]
2026-01-15 21:49:23.592 [info] > git for-each-ref --sort -committerdate --format %(refname)%00%(objectname)%00%(*objectname) [172ms]
2026-01-15 21:49:28.629 [info] > git config --get commit.template [70ms]
2026-01-15 21:49:28.632 [info] > git for-each-ref --format=%(refname)%00%(upstream:short)%00%(objectname)%00%(upstream:track)%00%(upstream:remotename)%00%(upstream:remoteref) --ignore-case refs/heads/master refs/remotes/master [69ms]
2026-01-15 21:49:28.698 [info] > git config --get commit.template [92ms]
2026-01-15 21:49:28.711 [info] > git for-each-ref --format=%(refname)%00%(upstream:short)%00%(objectname)%00%(upstream:track)%00%(upstream:remotename)%00%(upstream:remoteref) --ignore-case refs/heads/master refs/remotes/master [99ms]
2026-01-15 21:49:28.745 [info] > git for-each-ref --sort -committerdate --format %(refname)%00%(objectname)%00%(*objectname) [101ms]
2026-01-15 21:49:28.753 [info] > git status -z -uall [115ms]
2026-01-15 21:49:28.805 [info] > git for-each-ref --sort -committerdate --format %(refname)%00%(objectname)%00%(*objectname) [82ms]
2026-01-15 21:49:28.807 [info] > git status -z -uall [90ms]
2026-01-15 21:49:30.015 [info] > git check-ignore -v -z --stdin [42ms]
2026-01-15 21:49:30.772 [info] > git ls-files --stage -- server/.env [53ms]
2026-01-15 21:49:30.773 [warning] [GitFileSystemProvider][stat] File not found - git:/d%3A/DuAnRieng/MemMart/server/.env.git?%7B%22path%22%3A%22d%3A%5C%5CDuAnRieng%5C%5CMemMart%5C%5Cserver%5C%5C.env%22%2C%22ref%22%3A%22%22%7D
2026-01-15 21:49:30.775 [info] > git show --textconv :server/.env [61ms]
2026-01-15 21:49:30.776 [warning] [GitFileSystemProvider][readFile] File not found - git:/d%3A/DuAnRieng/MemMart/server/.env.git?%7B%22path%22%3A%22d%3A%5C%5CDuAnRieng%5C%5CMemMart%5C%5Cserver%5C%5C.env%22%2C%22ref%22%3A%22%22%7D
2026-01-15 21:50:04.055 [info] > git config --get commit.template [47ms]
2026-01-15 21:50:04.063 [info] > git for-each-ref --format=%(refname)%00%(upstream:short)%00%(objectname)%00%(upstream:track)%00%(upstream:remotename)%00%(upstream:remoteref) --ignore-case refs/heads/master refs/remotes/master [52ms]
2026-01-15 21:50:04.147 [info] > git for-each-ref --sort -committerdate --format %(refname)%00%(objectname)%00%(*objectname) [75ms]
2026-01-15 21:50:04.147 [info] > git status -z -uall [80ms]
2026-01-15 21:50:57.862 [info] > git config --get commit.template [87ms]
2026-01-15 21:50:57.878 [info] > git for-each-ref --format=%(refname)%00%(upstream:short)%00%(objectname)%00%(upstream:track)%00%(upstream:remotename)%00%(upstream:remoteref) --ignore-case refs/heads/master refs/remotes/master [99ms]
2026-01-15 21:50:57.941 [info] > git status -z -uall [58ms]
2026-01-15 21:50:57.941 [info] > git for-each-ref --sort -committerdate --format %(refname)%00%(objectname)%00%(*objectname) [54ms]
2026-01-15 21:50:59.198 [info] > git config --get commit.template [53ms]
2026-01-15 21:50:59.205 [info] > git for-each-ref --format=%(refname)%00%(upstream:short)%00%(objectname)%00%(upstream:track)%00%(upstream:remotename)%00%(upstream:remoteref) --ignore-case refs/heads/master refs/remotes/master [55ms]
2026-01-15 21:50:59.269 [info] > git status -z -uall [60ms]
2026-01-15 21:50:59.272 [info] > git for-each-ref --sort -committerdate --format %(refname)%00%(objectname)%00%(*objectname) [58ms]
2026-01-15 21:51:03.013 [info] > git config --get commit.template [55ms]
2026-01-15 21:51:03.021 [info] > git for-each-ref --format=%(refname)%00%(upstream:short)%00%(objectname)%00%(upstream:track)%00%(upstream:remotename)%00%(upstream:remoteref) --ignore-case refs/heads/master refs/remotes/master [59ms]
2026-01-15 21:51:03.094 [info] > git for-each-ref --sort -committerdate --format %(refname)%00%(objectname)%00%(*objectname) [64ms]
2026-01-15 21:51:03.096 [info] > git status -z -uall [70ms]
2026-01-15 21:51:51.429 [info] > git for-each-ref --format=%(refname)%00%(upstream:short)%00%(objectname)%00%(upstream:track)%00%(upstream:remotename)%00%(upstream:remoteref) --ignore-case refs/heads/master refs/remotes/master [219ms]
2026-01-15 21:51:51.430 [info] > git for-each-ref --format=%(refname)%00%(upstream:short)%00%(objectname)%00%(upstream:track)%00%(upstream:remotename)%00%(upstream:remoteref) --ignore-case refs/heads/master refs/remotes/master [234ms]
2026-01-15 21:51:51.439 [info] > git config --get commit.template [255ms]
2026-01-15 21:51:51.458 [info] > git config --get commit.template [289ms]
2026-01-15 21:51:51.769 [info] > git for-each-ref --sort -committerdate --format %(refname)%00%(objectname)%00%(*objectname) [312ms]
2026-01-15 21:51:51.792 [info] > git status -z -uall [344ms]
2026-01-15 21:51:51.819 [info] > git status -z -uall [353ms]
2026-01-15 21:51:51.820 [info] > git for-each-ref --sort -committerdate --format %(refname)%00%(objectname)%00%(*objectname) [344ms]
2026-01-15 21:52:35.549 [info] > git config --get commit.template [687ms]
2026-01-15 21:52:35.632 [info] > git for-each-ref --format=%(refname)%00%(upstream:short)%00%(objectname)%00%(upstream:track)%00%(upstream:remotename)%00%(upstream:remoteref) --ignore-case refs/heads/master refs/remotes/master [674ms]
2026-01-15 21:52:35.672 [info] > git config --get commit.template [790ms]
2026-01-15 21:52:35.696 [info] > git for-each-ref --format=%(refname)%00%(upstream:short)%00%(objectname)%00%(upstream:track)%00%(upstream:remotename)%00%(upstream:remoteref) --ignore-case refs/heads/master refs/remotes/master [764ms]
2026-01-15 21:52:36.132 [info] > git status -z -uall [425ms]
2026-01-15 21:52:36.170 [info] > git for-each-ref --sort -committerdate --format %(refname)%00%(objectname)%00%(*objectname) [478ms]
2026-01-15 21:52:36.218 [info] > git for-each-ref --sort -committerdate --format %(refname)%00%(objectname)%00%(*objectname) [495ms]
2026-01-15 21:52:36.308 [info] > git status -z -uall [627ms]
2026-01-15 21:52:41.707 [info] > git for-each-ref --format=%(refname)%00%(upstream:short)%00%(objectname)%00%(upstream:track)%00%(upstream:remotename)%00%(upstream:remoteref) --ignore-case refs/heads/master refs/remotes/master [439ms]
2026-01-15 21:52:41.756 [info] > git config --get commit.template [500ms]
2026-01-15 21:52:41.774 [info] > git config --get commit.template [432ms]
2026-01-15 21:52:41.875 [info] > git for-each-ref --format=%(refname)%00%(upstream:short)%00%(objectname)%00%(upstream:track)%00%(upstream:remotename)%00%(upstream:remoteref) --ignore-case refs/heads/master refs/remotes/master [517ms]
2026-01-15 21:52:42.540 [info] > git for-each-ref --sort -committerdate --format %(refname)%00%(objectname)%00%(*objectname) [767ms]
2026-01-15 21:52:42.602 [info] > git status -z -uall [838ms]
2026-01-15 21:52:42.666 [info] > git for-each-ref --sort -committerdate --format %(refname)%00%(objectname)%00%(*objectname) [766ms]
2026-01-15 21:52:42.668 [info] > git status -z -uall [781ms]
2026-01-15 21:52:47.811 [info] > git config --get commit.template [162ms]
2026-01-15 21:52:47.846 [info] > git config --get commit.template [152ms]
2026-01-15 21:52:47.852 [info] > git for-each-ref --format=%(refname)%00%(upstream:short)%00%(objectname)%00%(upstream:track)%00%(upstream:remotename)%00%(upstream:remoteref) --ignore-case refs/heads/master refs/remotes/master [196ms]
2026-01-15 21:52:47.880 [info] > git for-each-ref --format=%(refname)%00%(upstream:short)%00%(objectname)%00%(upstream:track)%00%(upstream:remotename)%00%(upstream:remoteref) --ignore-case refs/heads/master refs/remotes/master [178ms]
2026-01-15 21:52:48.050 [info] > git for-each-ref --sort -committerdate --format %(refname)%00%(objectname)%00%(*objectname) [176ms]
2026-01-15 21:52:48.053 [info] > git status -z -uall [191ms]
2026-01-15 21:52:48.059 [info] > git status -z -uall [170ms]
2026-01-15 21:52:48.069 [info] > git for-each-ref --sort -committerdate --format %(refname)%00%(objectname)%00%(*objectname) [174ms]
2026-01-15 21:52:53.364 [info] > git config --get commit.template [294ms]
2026-01-15 21:52:53.364 [info] > git for-each-ref --format=%(refname)%00%(upstream:short)%00%(objectname)%00%(upstream:track)%00%(upstream:remotename)%00%(upstream:remoteref) --ignore-case refs/heads/master refs/remotes/master [269ms]
2026-01-15 21:52:53.366 [info] > git config --get commit.template [279ms]
2026-01-15 21:52:53.387 [info] > git for-each-ref --format=%(refname)%00%(upstream:short)%00%(objectname)%00%(upstream:track)%00%(upstream:remotename)%00%(upstream:remoteref) --ignore-case refs/heads/master refs/remotes/master [309ms]
2026-01-15 21:52:53.520 [info] > git status -z -uall [145ms]
2026-01-15 21:52:53.533 [info] > git for-each-ref --sort -committerdate --format %(refname)%00%(objectname)%00%(*objectname) [147ms]
2026-01-15 21:52:53.547 [info] > git status -z -uall [149ms]
2026-01-15 21:52:53.561 [info] > git for-each-ref --sort -committerdate --format %(refname)%00%(objectname)%00%(*objectname) [154ms]
2026-01-15 21:52:58.667 [info] > git config --get commit.template [111ms]
2026-01-15 21:52:58.692 [info] > git for-each-ref --format=%(refname)%00%(upstream:short)%00%(objectname)%00%(upstream:track)%00%(upstream:remotename)%00%(upstream:remoteref) --ignore-case refs/heads/master refs/remotes/master [127ms]
2026-01-15 21:52:58.707 [info] > git for-each-ref --format=%(refname)%00%(upstream:short)%00%(objectname)%00%(upstream:track)%00%(upstream:remotename)%00%(upstream:remoteref) --ignore-case refs/heads/master refs/remotes/master [123ms]
2026-01-15 21:52:58.708 [info] > git config --get commit.template [131ms]
2026-01-15 21:52:58.821 [info] > git status -z -uall [121ms]
2026-01-15 21:52:58.826 [info] > git for-each-ref --sort -committerdate --format %(refname)%00%(objectname)%00%(*objectname) [120ms]
2026-01-15 21:52:58.845 [info] > git status -z -uall [130ms]
2026-01-15 21:52:58.869 [info] > git for-each-ref --sort -committerdate --format %(refname)%00%(objectname)%00%(*objectname) [148ms]
2026-01-15 21:53:04.161 [info] > git config --get commit.template [261ms]
2026-01-15 21:53:04.177 [info] > git config --get commit.template [311ms]
2026-01-15 21:53:04.181 [info] > git for-each-ref --format=%(refname)%00%(upstream:short)%00%(objectname)%00%(upstream:track)%00%(upstream:remotename)%00%(upstream:remoteref) --ignore-case refs/heads/master refs/remotes/master [300ms]
2026-01-15 21:53:04.219 [info] > git for-each-ref --format=%(refname)%00%(upstream:short)%00%(objectname)%00%(upstream:track)%00%(upstream:remotename)%00%(upstream:remoteref) --ignore-case refs/heads/master refs/remotes/master [308ms]
2026-01-15 21:53:04.632 [info] > git status -z -uall [440ms]
2026-01-15 21:53:04.796 [info] > git status -z -uall [566ms]
2026-01-15 21:53:04.797 [info] > git for-each-ref --sort -committerdate --format %(refname)%00%(objectname)%00%(*objectname) [596ms]
2026-01-15 21:53:04.900 [info] > git for-each-ref --sort -committerdate --format %(refname)%00%(objectname)%00%(*objectname) [659ms]
2026-01-15 21:55:19.979 [info] > git for-each-ref --format=%(refname)%00%(upstream:short)%00%(objectname)%00%(upstream:track)%00%(upstream:remotename)%00%(upstream:remoteref) --ignore-case refs/heads/master refs/remotes/master [155ms]
2026-01-15 21:55:19.979 [info] > git config --get commit.template [164ms]
2026-01-15 21:55:19.980 [info] > git config --get commit.template [169ms]
2026-01-15 21:55:20.045 [info] > git for-each-ref --format=%(refname)%00%(upstream:short)%00%(objectname)%00%(upstream:track)%00%(upstream:remotename)%00%(upstream:remoteref) --ignore-case refs/heads/master refs/remotes/master [215ms]
2026-01-15 21:55:20.358 [info] > git for-each-ref --sort -committerdate --format %(refname)%00%(objectname)%00%(*objectname) [346ms]
2026-01-15 21:55:20.397 [info] > git status -z -uall [394ms]
2026-01-15 21:55:20.400 [info] > git status -z -uall [349ms]
2026-01-15 21:55:20.405 [info] > git for-each-ref --sort -committerdate --format %(refname)%00%(objectname)%00%(*objectname) [346ms]
2026-01-15 21:55:25.501 [info] > git config --get commit.template [91ms]
2026-01-15 21:55:25.517 [info] > git config --get commit.template [99ms]
2026-01-15 21:55:25.530 [info] > git for-each-ref --format=%(refname)%00%(upstream:short)%00%(objectname)%00%(upstream:track)%00%(upstream:remotename)%00%(upstream:remoteref) --ignore-case refs/heads/master refs/remotes/master [101ms]
2026-01-15 21:55:25.545 [info] > git for-each-ref --format=%(refname)%00%(upstream:short)%00%(objectname)%00%(upstream:track)%00%(upstream:remotename)%00%(upstream:remoteref) --ignore-case refs/heads/master refs/remotes/master [122ms]
2026-01-15 21:55:25.640 [info] > git status -z -uall [102ms]
2026-01-15 21:55:25.656 [info] > git for-each-ref --sort -committerdate --format %(refname)%00%(objectname)%00%(*objectname) [112ms]
2026-01-15 21:55:25.667 [info] > git for-each-ref --sort -committerdate --format %(refname)%00%(objectname)%00%(*objectname) [108ms]
2026-01-15 21:55:25.669 [info] > git status -z -uall [117ms]
2026-01-15 21:55:40.893 [info] > git for-each-ref --format=%(refname)%00%(upstream:short)%00%(objectname)%00%(upstream:track)%00%(upstream:remotename)%00%(upstream:remoteref) --ignore-case refs/heads/master refs/remotes/master [1827ms]
2026-01-15 21:55:40.932 [info] > git config --get commit.template [1880ms]
2026-01-15 21:55:40.979 [info] > git config --get commit.template [1920ms]
2026-01-15 21:55:41.038 [info] > git for-each-ref --format=%(refname)%00%(upstream:short)%00%(objectname)%00%(upstream:track)%00%(upstream:remotename)%00%(upstream:remoteref) --ignore-case refs/heads/master refs/remotes/master [1965ms]
2026-01-15 21:55:41.227 [info] > git for-each-ref --sort -committerdate --format %(refname)%00%(objectname)%00%(*objectname) [275ms]
2026-01-15 21:55:41.239 [info] > git for-each-ref --sort -committerdate --format %(refname)%00%(objectname)%00%(*objectname) [181ms]
2026-01-15 21:55:41.239 [info] > git status -z -uall [189ms]
2026-01-15 21:55:41.251 [info] > git status -z -uall [312ms]
2026-01-15 21:55:46.416 [info] > git config --get commit.template [149ms]
2026-01-15 21:55:46.420 [info] > git for-each-ref --format=%(refname)%00%(upstream:short)%00%(objectname)%00%(upstream:track)%00%(upstream:remotename)%00%(upstream:remoteref) --ignore-case refs/heads/master refs/remotes/master [147ms]
2026-01-15 21:55:46.429 [info] > git config --get commit.template [169ms]
2026-01-15 21:55:46.441 [info] > git for-each-ref --format=%(refname)%00%(upstream:short)%00%(objectname)%00%(upstream:track)%00%(upstream:remotename)%00%(upstream:remoteref) --ignore-case refs/heads/master refs/remotes/master [162ms]
2026-01-15 21:55:46.570 [info] > git status -z -uall [136ms]
2026-01-15 21:55:46.599 [info] > git status -z -uall [149ms]
2026-01-15 21:55:46.599 [info] > git for-each-ref --sort -committerdate --format %(refname)%00%(objectname)%00%(*objectname) [159ms]
2026-01-15 21:55:46.604 [info] > git for-each-ref --sort -committerdate --format %(refname)%00%(objectname)%00%(*objectname) [142ms]
2026-01-15 21:55:51.697 [info] > git config --get commit.template [73ms]
2026-01-15 21:55:51.698 [info] > git config --get commit.template [79ms]
2026-01-15 21:55:51.707 [info] > git for-each-ref --format=%(refname)%00%(upstream:short)%00%(objectname)%00%(upstream:track)%00%(upstream:remotename)%00%(upstream:remoteref) --ignore-case refs/heads/master refs/remotes/master [78ms]
2026-01-15 21:55:51.718 [info] > git for-each-ref --format=%(refname)%00%(upstream:short)%00%(objectname)%00%(upstream:track)%00%(upstream:remotename)%00%(upstream:remoteref) --ignore-case refs/heads/master refs/remotes/master [84ms]
2026-01-15 21:55:51.800 [info] > git status -z -uall [88ms]
2026-01-15 21:55:51.810 [info] > git for-each-ref --sort -committerdate --format %(refname)%00%(objectname)%00%(*objectname) [93ms]
2026-01-15 21:55:51.827 [info] > git status -z -uall [103ms]
2026-01-15 21:55:51.828 [info] > git for-each-ref --sort -committerdate --format %(refname)%00%(objectname)%00%(*objectname) [99ms]
2026-01-15 22:00:38.530 [info] > git check-ignore -v -z --stdin [121ms]
2026-01-15 22:00:39.376 [info] > git config --get commit.template [91ms]
2026-01-15 22:00:39.381 [info] > git config --get commit.template [92ms]
2026-01-15 22:00:39.385 [info] > git for-each-ref --format=%(refname)%00%(upstream:short)%00%(objectname)%00%(upstream:track)%00%(upstream:remotename)%00%(upstream:remoteref) --ignore-case refs/heads/master refs/remotes/master [87ms]
2026-01-15 22:00:39.398 [info] > git for-each-ref --format=%(refname)%00%(upstream:short)%00%(objectname)%00%(upstream:track)%00%(upstream:remotename)%00%(upstream:remoteref) --ignore-case refs/heads/master refs/remotes/master [93ms]
2026-01-15 22:00:39.497 [info] > git for-each-ref --sort -committerdate --format %(refname)%00%(objectname)%00%(*objectname) [101ms]
2026-01-15 22:00:39.498 [info] > git status -z -uall [107ms]
2026-01-15 22:00:39.511 [info] > git for-each-ref --sort -committerdate --format %(refname)%00%(objectname)%00%(*objectname) [99ms]
2026-01-15 22:00:39.518 [info] > git status -z -uall [114ms]
2026-01-15 22:00:41.516 [info] > git check-ignore -v -z --stdin [158ms]
2026-01-15 22:00:44.797 [info] > git config --get commit.template [270ms]
2026-01-15 22:00:44.858 [info] > git config --get commit.template [322ms]
2026-01-15 22:00:44.858 [info] > git for-each-ref --format=%(refname)%00%(upstream:short)%00%(objectname)%00%(upstream:track)%00%(upstream:remotename)%00%(upstream:remoteref) --ignore-case refs/heads/master refs/remotes/master [316ms]
2026-01-15 22:00:44.880 [info] > git for-each-ref --format=%(refname)%00%(upstream:short)%00%(objectname)%00%(upstream:track)%00%(upstream:remotename)%00%(upstream:remoteref) --ignore-case refs/heads/master refs/remotes/master [331ms]
2026-01-15 22:00:45.102 [info] > git for-each-ref --sort -committerdate --format %(refname)%00%(objectname)%00%(*objectname) [173ms]
2026-01-15 22:00:45.104 [info] > git status -z -uall [235ms]
2026-01-15 22:00:45.121 [info] > git for-each-ref --sort -committerdate --format %(refname)%00%(objectname)%00%(*objectname) [242ms]
2026-01-15 22:00:45.129 [info] > git status -z -uall [210ms]
2026-01-15 22:00:50.240 [info] > git config --get commit.template [99ms]
2026-01-15 22:00:50.255 [info] > git config --get commit.template [109ms]
2026-01-15 22:00:50.258 [info] > git for-each-ref --format=%(refname)%00%(upstream:short)%00%(objectname)%00%(upstream:track)%00%(upstream:remotename)%00%(upstream:remoteref) --ignore-case refs/heads/master refs/remotes/master [103ms]
2026-01-15 22:00:50.271 [info] > git for-each-ref --format=%(refname)%00%(upstream:short)%00%(objectname)%00%(upstream:track)%00%(upstream:remotename)%00%(upstream:remoteref) --ignore-case refs/heads/master refs/remotes/master [110ms]
2026-01-15 22:00:50.417 [info] > git for-each-ref --sort -committerdate --format %(refname)%00%(objectname)%00%(*objectname) [147ms]
2026-01-15 22:00:50.420 [info] > git status -z -uall [138ms]
2026-01-15 22:00:50.424 [info] > git for-each-ref --sort -committerdate --format %(refname)%00%(objectname)%00%(*objectname) [134ms]
2026-01-15 22:00:50.431 [info] > git status -z -uall [167ms]
2026-01-15 22:00:59.344 [info] > git config --get commit.template [74ms]
2026-01-15 22:00:59.349 [info] > git config --get commit.template [73ms]
2026-01-15 22:00:59.367 [info] > git for-each-ref --format=%(refname)%00%(upstream:short)%00%(objectname)%00%(upstream:track)%00%(upstream:remotename)%00%(upstream:remoteref) --ignore-case refs/heads/master refs/remotes/master [83ms]
2026-01-15 22:00:59.382 [info] > git for-each-ref --format=%(refname)%00%(upstream:short)%00%(objectname)%00%(upstream:track)%00%(upstream:remotename)%00%(upstream:remoteref) --ignore-case refs/heads/master refs/remotes/master [102ms]
2026-01-15 22:00:59.467 [info] > git status -z -uall [92ms]
2026-01-15 22:00:59.477 [info] > git for-each-ref --sort -committerdate --format %(refname)%00%(objectname)%00%(*objectname) [95ms]
2026-01-15 22:00:59.484 [info] > git status -z -uall [94ms]
2026-01-15 22:00:59.485 [info] > git for-each-ref --sort -committerdate --format %(refname)%00%(objectname)%00%(*objectname) [88ms]
2026-01-15 22:01:04.554 [info] > git config --get commit.template [68ms]
2026-01-15 22:01:04.561 [info] > git for-each-ref --format=%(refname)%00%(upstream:short)%00%(objectname)%00%(upstream:track)%00%(upstream:remotename)%00%(upstream:remoteref) --ignore-case refs/heads/master refs/remotes/master [71ms]
2026-01-15 22:01:04.573 [info] > git config --get commit.template [78ms]
2026-01-15 22:01:04.576 [info] > git for-each-ref --format=%(refname)%00%(upstream:short)%00%(objectname)%00%(upstream:track)%00%(upstream:remotename)%00%(upstream:remoteref) --ignore-case refs/heads/master refs/remotes/master [76ms]
2026-01-15 22:01:04.647 [info] > git status -z -uall [80ms]
2026-01-15 22:01:04.650 [info] > git for-each-ref --sort -committerdate --format %(refname)%00%(objectname)%00%(*objectname) [79ms]
2026-01-15 22:01:04.667 [info] > git status -z -uall [85ms]
2026-01-15 22:01:04.668 [info] > git for-each-ref --sort -committerdate --format %(refname)%00%(objectname)%00%(*objectname) [81ms]
2026-01-15 22:01:38.271 [info] > git config --get commit.template [241ms]
2026-01-15 22:01:38.272 [info] > git config --get commit.template [249ms]
2026-01-15 22:01:38.309 [info] > git for-each-ref --format=%(refname)%00%(upstream:short)%00%(objectname)%00%(upstream:track)%00%(upstream:remotename)%00%(upstream:remoteref) --ignore-case refs/heads/master refs/remotes/master [252ms]
2026-01-15 22:01:38.337 [info] > git for-each-ref --format=%(refname)%00%(upstream:short)%00%(objectname)%00%(upstream:track)%00%(upstream:remotename)%00%(upstream:remoteref) --ignore-case refs/heads/master refs/remotes/master [300ms]
2026-01-15 22:01:38.607 [info] > git for-each-ref --sort -committerdate --format %(refname)%00%(objectname)%00%(*objectname) [282ms]
2026-01-15 22:01:38.608 [info] > git status -z -uall [289ms]
2026-01-15 22:01:38.648 [info] > git status -z -uall [297ms]
2026-01-15 22:01:38.648 [info] > git for-each-ref --sort -committerdate --format %(refname)%00%(objectname)%00%(*objectname) [291ms]
2026-01-15 22:01:43.765 [info] > git config --get commit.template [134ms]
2026-01-15 22:01:43.768 [info] > git for-each-ref --format=%(refname)%00%(upstream:short)%00%(objectname)%00%(upstream:track)%00%(upstream:remotename)%00%(upstream:remoteref) --ignore-case refs/heads/master refs/remotes/master [130ms]
2026-01-15 22:01:43.783 [info] > git for-each-ref --format=%(refname)%00%(upstream:short)%00%(objectname)%00%(upstream:track)%00%(upstream:remotename)%00%(upstream:remoteref) --ignore-case refs/heads/master refs/remotes/master [103ms]
2026-01-15 22:01:43.788 [info] > git config --get commit.template [114ms]
2026-01-15 22:01:43.889 [info] > git status -z -uall [113ms]
2026-01-15 22:01:43.911 [info] > git for-each-ref --sort -committerdate --format %(refname)%00%(objectname)%00%(*objectname) [130ms]
2026-01-15 22:01:43.928 [info] > git status -z -uall [132ms]
2026-01-15 22:01:43.928 [info] > git for-each-ref --sort -committerdate --format %(refname)%00%(objectname)%00%(*objectname) [127ms]
2026-01-15 22:01:49.198 [info] > git config --get commit.template [252ms]
2026-01-15 22:01:49.198 [info] > git for-each-ref --format=%(refname)%00%(upstream:short)%00%(objectname)%00%(upstream:track)%00%(upstream:remotename)%00%(upstream:remoteref) --ignore-case refs/heads/master refs/remotes/master [238ms]
2026-01-15 22:01:49.228 [info] > git for-each-ref --format=%(refname)%00%(upstream:short)%00%(objectname)%00%(upstream:track)%00%(upstream:remotename)%00%(upstream:remoteref) --ignore-case refs/heads/master refs/remotes/master [276ms]
2026-01-15 22:01:49.231 [info] > git config --get commit.template [293ms]
2026-01-15 22:01:49.419 [info] > git status -z -uall [181ms]
2026-01-15 22:01:49.435 [info] > git for-each-ref --sort -committerdate --format %(refname)%00%(objectname)%00%(*objectname) [190ms]
2026-01-15 22:01:49.445 [info] > git status -z -uall [235ms]
2026-01-15 22:01:49.499 [info] > git for-each-ref --sort -committerdate --format %(refname)%00%(objectname)%00%(*objectname) [280ms]
2026-01-15 22:01:54.526 [info] > git for-each-ref --format=%(refname)%00%(upstream:short)%00%(objectname)%00%(upstream:track)%00%(upstream:remotename)%00%(upstream:remoteref) --ignore-case refs/heads/master refs/remotes/master [76ms]
2026-01-15 22:01:54.526 [info] > git config --get commit.template [81ms]
2026-01-15 22:01:54.606 [info] > git config --get commit.template [98ms]
2026-01-15 22:01:54.611 [info] > git for-each-ref --format=%(refname)%00%(upstream:short)%00%(objectname)%00%(upstream:track)%00%(upstream:remotename)%00%(upstream:remoteref) --ignore-case refs/heads/master refs/remotes/master [98ms]
2026-01-15 22:01:54.645 [info] > git for-each-ref --sort -committerdate --format %(refname)%00%(objectname)%00%(*objectname) [107ms]
2026-01-15 22:01:54.650 [info] > git status -z -uall [118ms]
2026-01-15 22:01:54.728 [info] > git status -z -uall [108ms]
2026-01-15 22:01:54.732 [info] > git for-each-ref --sort -committerdate --format %(refname)%00%(objectname)%00%(*objectname) [105ms]
2026-01-15 22:01:59.775 [info] > git for-each-ref --format=%(refname)%00%(upstream:short)%00%(objectname)%00%(upstream:track)%00%(upstream:remotename)%00%(upstream:remoteref) --ignore-case refs/heads/master refs/remotes/master [100ms]
2026-01-15 22:01:59.787 [info] > git config --get commit.template [119ms]
2026-01-15 22:01:59.894 [info] > git config --get commit.template [148ms]
2026-01-15 22:01:59.908 [info] > git for-each-ref --format=%(refname)%00%(upstream:short)%00%(objectname)%00%(upstream:track)%00%(upstream:remotename)%00%(upstream:remoteref) --ignore-case refs/heads/master refs/remotes/master [154ms]
2026-01-15 22:01:59.926 [info] > git for-each-ref --sort -committerdate --format %(refname)%00%(objectname)%00%(*objectname) [122ms]
2026-01-15 22:01:59.947 [info] > git status -z -uall [151ms]
2026-01-15 22:02:00.026 [info] > git for-each-ref --sort -committerdate --format %(refname)%00%(objectname)%00%(*objectname) [103ms]
2026-01-15 22:02:00.028 [info] > git status -z -uall [112ms]
2026-01-15 22:02:05.068 [info] > git config --get commit.template [101ms]
2026-01-15 22:02:05.080 [info] > git for-each-ref --format=%(refname)%00%(upstream:short)%00%(objectname)%00%(upstream:track)%00%(upstream:remotename)%00%(upstream:remoteref) --ignore-case refs/heads/master refs/remotes/master [108ms]
2026-01-15 22:02:05.170 [info] > git config --get commit.template [122ms]
2026-01-15 22:02:05.215 [info] > git for-each-ref --format=%(refname)%00%(upstream:short)%00%(objectname)%00%(upstream:track)%00%(upstream:remotename)%00%(upstream:remoteref) --ignore-case refs/heads/master refs/remotes/master [157ms]
2026-01-15 22:02:05.231 [info] > git status -z -uall [139ms]
2026-01-15 22:02:05.241 [info] > git for-each-ref --sort -committerdate --format %(refname)%00%(objectname)%00%(*objectname) [141ms]
2026-01-15 22:02:05.329 [info] > git for-each-ref --sort -committerdate --format %(refname)%00%(objectname)%00%(*objectname) [99ms]
2026-01-15 22:02:05.335 [info] > git status -z -uall [111ms]
2026-01-15 22:02:10.357 [info] > git config --get commit.template [96ms]
2026-01-15 22:02:10.380 [info] > git for-each-ref --format=%(refname)%00%(upstream:short)%00%(objectname)%00%(upstream:track)%00%(upstream:remotename)%00%(upstream:remoteref) --ignore-case refs/heads/master refs/remotes/master [113ms]
2026-01-15 22:02:10.479 [info] > git config --get commit.template [124ms]
2026-01-15 22:02:10.490 [info] > git for-each-ref --format=%(refname)%00%(upstream:short)%00%(objectname)%00%(upstream:track)%00%(upstream:remotename)%00%(upstream:remoteref) --ignore-case refs/heads/master refs/remotes/master [122ms]
2026-01-15 22:02:10.508 [info] > git status -z -uall [119ms]
2026-01-15 22:02:10.536 [info] > git for-each-ref --sort -committerdate --format %(refname)%00%(objectname)%00%(*objectname) [139ms]
2026-01-15 22:02:10.599 [info] > git for-each-ref --sort -committerdate --format %(refname)%00%(objectname)%00%(*objectname) [94ms]
2026-01-15 22:02:10.607 [info] > git status -z -uall [109ms]
2026-01-15 22:02:18.450 [info] > git config --get commit.template [353ms]
2026-01-15 22:02:18.522 [info] > git for-each-ref --format=%(refname)%00%(upstream:short)%00%(objectname)%00%(upstream:track)%00%(upstream:remotename)%00%(upstream:remoteref) --ignore-case refs/heads/master refs/remotes/master [397ms]
2026-01-15 22:02:18.524 [info] > git config --get commit.template [435ms]
2026-01-15 22:02:18.524 [info] > git for-each-ref --format=%(refname)%00%(upstream:short)%00%(objectname)%00%(upstream:track)%00%(upstream:remotename)%00%(upstream:remoteref) --ignore-case refs/heads/master refs/remotes/master [414ms]
2026-01-15 22:02:18.791 [info] > git status -z -uall [252ms]
2026-01-15 22:02:18.807 [info] > git status -z -uall [246ms]
2026-01-15 22:02:18.821 [info] > git for-each-ref --sort -committerdate --format %(refname)%00%(objectname)%00%(*objectname) [251ms]
2026-01-15 22:02:18.828 [info] > git for-each-ref --sort -committerdate --format %(refname)%00%(objectname)%00%(*objectname) [277ms]
2026-01-15 22:02:24.173 [info] > git config --get commit.template [302ms]
2026-01-15 22:02:24.173 [info] > git config --get commit.template [308ms]
2026-01-15 22:02:24.218 [info] > git for-each-ref --format=%(refname)%00%(upstream:short)%00%(objectname)%00%(upstream:track)%00%(upstream:remotename)%00%(upstream:remoteref) --ignore-case refs/heads/master refs/remotes/master [298ms]
2026-01-15 22:02:24.218 [info] > git for-each-ref --format=%(refname)%00%(upstream:short)%00%(objectname)%00%(upstream:track)%00%(upstream:remotename)%00%(upstream:remoteref) --ignore-case refs/heads/master refs/remotes/master [331ms]
2026-01-15 22:02:24.457 [info] > git for-each-ref --sort -committerdate --format %(refname)%00%(objectname)%00%(*objectname) [218ms]
2026-01-15 22:02:24.506 [info] > git status -z -uall [277ms]
2026-01-15 22:02:24.520 [info] > git for-each-ref --sort -committerdate --format %(refname)%00%(objectname)%00%(*objectname) [250ms]
2026-01-15 22:02:24.538 [info] > git status -z -uall [279ms]
2026-01-15 22:02:29.711 [info] > git config --get commit.template [180ms]
2026-01-15 22:02:29.756 [info] > git for-each-ref --format=%(refname)%00%(upstream:short)%00%(objectname)%00%(upstream:track)%00%(upstream:remotename)%00%(upstream:remoteref) --ignore-case refs/heads/master refs/remotes/master [192ms]
2026-01-15 22:02:29.758 [info] > git for-each-ref --format=%(refname)%00%(upstream:short)%00%(objectname)%00%(upstream:track)%00%(upstream:remotename)%00%(upstream:remoteref) --ignore-case refs/heads/master refs/remotes/master [213ms]
2026-01-15 22:02:29.787 [info] > git config --get commit.template [231ms]
2026-01-15 22:02:29.968 [info] > git for-each-ref --sort -committerdate --format %(refname)%00%(objectname)%00%(*objectname) [180ms]
2026-01-15 22:02:29.971 [info] > git for-each-ref --sort -committerdate --format %(refname)%00%(objectname)%00%(*objectname) [168ms]
2026-01-15 22:02:29.987 [info] > git status -z -uall [216ms]
2026-01-15 22:02:30.007 [info] > git status -z -uall [210ms]
2026-01-15 22:03:41.020 [info] > git for-each-ref --format=%(refname)%00%(upstream:short)%00%(objectname)%00%(upstream:track)%00%(upstream:remotename)%00%(upstream:remoteref) --ignore-case refs/heads/master refs/remotes/master [294ms]
2026-01-15 22:03:41.068 [info] > git config --get commit.template [360ms]
2026-01-15 22:03:41.097 [info] > git config --get commit.template [398ms]
2026-01-15 22:03:41.121 [info] > git for-each-ref --format=%(refname)%00%(upstream:short)%00%(objectname)%00%(upstream:track)%00%(upstream:remotename)%00%(upstream:remoteref) --ignore-case refs/heads/master refs/remotes/master [403ms]
2026-01-15 22:03:41.609 [info] > git for-each-ref --sort -committerdate --format %(refname)%00%(objectname)%00%(*objectname) [469ms]
2026-01-15 22:03:41.636 [info] > git status -z -uall [505ms]
2026-01-15 22:03:41.650 [info] > git for-each-ref --sort -committerdate --format %(refname)%00%(objectname)%00%(*objectname) [553ms]
2026-01-15 22:03:41.661 [info] > git status -z -uall [573ms]
2026-01-15 22:03:47.664 [info] > git config --get commit.template [196ms]
2026-01-15 22:03:47.689 [info] > git config --get commit.template [207ms]
2026-01-15 22:03:47.711 [info] > git for-each-ref --format=%(refname)%00%(upstream:short)%00%(objectname)%00%(upstream:track)%00%(upstream:remotename)%00%(upstream:remoteref) --ignore-case refs/heads/master refs/remotes/master [205ms]
2026-01-15 22:03:47.733 [info] > git for-each-ref --format=%(refname)%00%(upstream:short)%00%(objectname)%00%(upstream:track)%00%(upstream:remotename)%00%(upstream:remoteref) --ignore-case refs/heads/master refs/remotes/master [240ms]
2026-01-15 22:03:48.020 [info] > git for-each-ref --sort -committerdate --format %(refname)%00%(objectname)%00%(*objectname) [287ms]
2026-01-15 22:03:48.022 [info] > git status -z -uall [282ms]
2026-01-15 22:03:48.046 [info] > git status -z -uall [319ms]
2026-01-15 22:03:48.050 [info] > git for-each-ref --sort -committerdate --format %(refname)%00%(objectname)%00%(*objectname) [302ms]
2026-01-15 22:04:49.410 [info] > git config --get commit.template [152ms]
2026-01-15 22:04:49.427 [info] > git config --get commit.template [162ms]
2026-01-15 22:04:49.430 [info] > git for-each-ref --format=%(refname)%00%(upstream:short)%00%(objectname)%00%(upstream:track)%00%(upstream:remotename)%00%(upstream:remoteref) --ignore-case refs/heads/master refs/remotes/master [155ms]
2026-01-15 22:04:49.449 [info] > git for-each-ref --format=%(refname)%00%(upstream:short)%00%(objectname)%00%(upstream:track)%00%(upstream:remotename)%00%(upstream:remoteref) --ignore-case refs/heads/master refs/remotes/master [167ms]
2026-01-15 22:04:49.581 [info] > git status -z -uall [141ms]
2026-01-15 22:04:49.596 [info] > git for-each-ref --sort -committerdate --format %(refname)%00%(objectname)%00%(*objectname) [147ms]
2026-01-15 22:04:49.609 [info] > git for-each-ref --sort -committerdate --format %(refname)%00%(objectname)%00%(*objectname) [142ms]
2026-01-15 22:04:49.622 [info] > git status -z -uall [163ms]
2026-01-15 22:05:31.040 [info] > git config --get commit.template [189ms]
2026-01-15 22:05:31.050 [info] > git config --get commit.template [191ms]
2026-01-15 22:05:31.068 [info] > git for-each-ref --format=%(refname)%00%(upstream:short)%00%(objectname)%00%(upstream:track)%00%(upstream:remotename)%00%(upstream:remoteref) --ignore-case refs/heads/master refs/remotes/master [198ms]
2026-01-15 22:05:31.089 [info] > git for-each-ref --format=%(refname)%00%(upstream:short)%00%(objectname)%00%(upstream:track)%00%(upstream:remotename)%00%(upstream:remoteref) --ignore-case refs/heads/master refs/remotes/master [206ms]
2026-01-15 22:05:31.299 [info] > git for-each-ref --sort -committerdate --format %(refname)%00%(objectname)%00%(*objectname) [211ms]
2026-01-15 22:05:31.304 [info] > git status -z -uall [224ms]
2026-01-15 22:05:31.317 [info] > git status -z -uall [219ms]
2026-01-15 22:05:31.318 [info] > git for-each-ref --sort -committerdate --format %(refname)%00%(objectname)%00%(*objectname) [212ms]
2026-01-15 22:05:36.591 [info] > git config --get commit.template [245ms]
2026-01-15 22:05:36.608 [info] > git for-each-ref --format=%(refname)%00%(upstream:short)%00%(objectname)%00%(upstream:track)%00%(upstream:remotename)%00%(upstream:remoteref) --ignore-case refs/heads/master refs/remotes/master [229ms]
2026-01-15 22:05:36.629 [info] > git config --get commit.template [273ms]
2026-01-15 22:05:36.669 [info] > git for-each-ref --format=%(refname)%00%(upstream:short)%00%(objectname)%00%(upstream:track)%00%(upstream:remotename)%00%(upstream:remoteref) --ignore-case refs/heads/master refs/remotes/master [298ms]
2026-01-15 22:05:36.839 [info] > git for-each-ref --sort -committerdate --format %(refname)%00%(objectname)%00%(*objectname) [211ms]
2026-01-15 22:05:36.898 [info] > git status -z -uall [279ms]
2026-01-15 22:05:36.930 [info] > git status -z -uall [247ms]
2026-01-15 22:05:36.946 [info] > git for-each-ref --sort -committerdate --format %(refname)%00%(objectname)%00%(*objectname) [256ms]
2026-01-15 22:05:42.211 [info] > git for-each-ref --format=%(refname)%00%(upstream:short)%00%(objectname)%00%(upstream:track)%00%(upstream:remotename)%00%(upstream:remoteref) --ignore-case refs/heads/master refs/remotes/master [262ms]
2026-01-15 22:05:42.213 [info] > git config --get commit.template [272ms]
2026-01-15 22:05:42.239 [info] > git for-each-ref --format=%(refname)%00%(upstream:short)%00%(objectname)%00%(upstream:track)%00%(upstream:remotename)%00%(upstream:remoteref) --ignore-case refs/heads/master refs/remotes/master [260ms]
2026-01-15 22:05:42.279 [info] > git config --get commit.template [310ms]
2026-01-15 22:05:42.467 [info] > git for-each-ref --sort -committerdate --format %(refname)%00%(objectname)%00%(*objectname) [229ms]
2026-01-15 22:05:42.486 [info] > git status -z -uall [189ms]
2026-01-15 22:05:42.486 [info] > git status -z -uall [258ms]
2026-01-15 22:05:42.506 [info] > git for-each-ref --sort -committerdate --format %(refname)%00%(objectname)%00%(*objectname) [199ms]
2026-01-15 22:06:08.518 [info] > git config --get commit.template [237ms]
2026-01-15 22:06:08.519 [info] > git for-each-ref --format=%(refname)%00%(upstream:short)%00%(objectname)%00%(upstream:track)%00%(upstream:remotename)%00%(upstream:remoteref) --ignore-case refs/heads/master refs/remotes/master [198ms]
2026-01-15 22:06:08.540 [info] > git config --get commit.template [236ms]
2026-01-15 22:06:08.557 [info] > git for-each-ref --format=%(refname)%00%(upstream:short)%00%(objectname)%00%(upstream:track)%00%(upstream:remotename)%00%(upstream:remoteref) --ignore-case refs/heads/master refs/remotes/master [220ms]
2026-01-15 22:06:08.709 [info] > git status -z -uall [179ms]
2026-01-15 22:06:08.721 [info] > git for-each-ref --sort -committerdate --format %(refname)%00%(objectname)%00%(*objectname) [182ms]
2026-01-15 22:06:08.732 [info] > git status -z -uall [162ms]
2026-01-15 22:06:08.738 [info] > git for-each-ref --sort -committerdate --format %(refname)%00%(objectname)%00%(*objectname) [159ms]
2026-01-15 22:06:12.606 [info] > git ls-files --stage -- app/(dashboard)/dashboard/page.tsx [182ms]
2026-01-15 22:06:12.675 [info] > git show --textconv :app/(dashboard)/dashboard/page.tsx [291ms]
2026-01-15 22:06:12.967 [info] > git cat-file -s 575e4ac687a6b6610cb29629ca348ea596ec6daf [352ms]
2026-01-15 22:06:13.373 [info] > git blame --root --incremental cdd9ef30b2c4fe0e8853e46720e46579dd82fd00 -- app/(dashboard)/dashboard/page.tsx [240ms]
2026-01-15 22:06:13.842 [info] > git config --get commit.template [108ms]
2026-01-15 22:06:13.859 [info] > git for-each-ref --format=%(refname)%00%(upstream:short)%00%(objectname)%00%(upstream:track)%00%(upstream:remotename)%00%(upstream:remoteref) --ignore-case refs/heads/master refs/remotes/master [119ms]
2026-01-15 22:06:13.873 [info] > git config --get commit.template [124ms]
2026-01-15 22:06:13.874 [info] > git for-each-ref --format=%(refname)%00%(upstream:short)%00%(objectname)%00%(upstream:track)%00%(upstream:remotename)%00%(upstream:remoteref) --ignore-case refs/heads/master refs/remotes/master [117ms]
2026-01-15 22:06:13.989 [info] > git for-each-ref --sort -committerdate --format %(refname)%00%(objectname)%00%(*objectname) [117ms]
2026-01-15 22:06:13.997 [info] > git status -z -uall [115ms]
2026-01-15 22:06:13.997 [info] > git status -z -uall [131ms]
2026-01-15 22:06:14.010 [info] > git for-each-ref --sort -committerdate --format %(refname)%00%(objectname)%00%(*objectname) [122ms]
2026-01-15 22:06:18.620 [info] > git ls-files --stage -- server/src/controllers/authController.js [263ms]
2026-01-15 22:06:18.700 [info] > git show --textconv :server/src/controllers/authController.js [354ms]
2026-01-15 22:06:18.782 [info] > git cat-file -s fe25fa29646b43ad16ab109c27da33792e0abd72 [152ms]
2026-01-15 22:06:19.166 [info] > git check-ignore -v -z --stdin [111ms]
2026-01-15 22:06:20.532 [info] > git show --textconv :services/authService.ts [149ms]
2026-01-15 22:06:20.562 [info] > git ls-files --stage -- services/authService.ts [172ms]
2026-01-15 22:06:20.745 [info] > git cat-file -s 72063aba1544ed35d8df50d7d9d1799e74a784a0 [175ms]
2026-01-15 22:06:21.220 [info] > git check-ignore -v -z --stdin [129ms]
2026-01-15 22:06:21.750 [info] > git ls-files --stage -- store/useDocStore.ts [119ms]
2026-01-15 22:06:21.795 [info] > git show --textconv :store/useDocStore.ts [180ms]
2026-01-15 22:06:21.889 [info] > git cat-file -s 984ffe2fd0d0e65721a40a08dfbe7070f661b17f [130ms]
2026-01-15 22:06:22.537 [info] > git check-ignore -v -z --stdin [285ms]
2026-01-15 22:06:23.837 [info] > git check-ignore -v -z --stdin [222ms]
2026-01-15 22:06:24.037 [info] > git show --textconv :app/(dashboard)/editor/[id]/page.tsx [328ms]
2026-01-15 22:06:24.078 [info] > git ls-files --stage -- app/(dashboard)/editor/[id]/page.tsx [345ms]
2026-01-15 22:06:24.286 [info] > git cat-file -s e26d7b96257e6125e24d5948ae8c27f1ce12c039 [197ms]
2026-01-15 22:06:25.070 [info] > git show --textconv :server/src/routes/authRoutes.js [137ms]
2026-01-15 22:06:25.072 [info] > git ls-files --stage -- server/src/routes/authRoutes.js [125ms]
2026-01-15 22:06:25.191 [info] > git cat-file -s 14cd5b73d6e1dc54409cc43c429bb7d3eae2667e [109ms]
2026-01-15 22:06:25.740 [info] > git check-ignore -v -z --stdin [113ms]
2026-01-15 22:06:26.508 [info] > git ls-files --stage -- components/editor/Toolbar.tsx [200ms]
2026-01-15 22:06:26.524 [info] > git show --textconv :components/editor/Toolbar.tsx [227ms]
2026-01-15 22:06:26.931 [info] > git cat-file -s 3735478639dbb78a7b1bbb5a30c1f27ac4abd947 [408ms]
2026-01-15 22:06:26.938 [info] > git check-ignore -v -z --stdin [469ms]
2026-01-15 22:06:27.140 [info] > git check-ignore -v -z --stdin [145ms]
2026-01-15 22:06:29.448 [info] > git ls-files --stage -- server/src/middlewares/auth.js [143ms]
2026-01-15 22:06:29.458 [info] > git show --textconv :server/src/middlewares/auth.js [162ms]
2026-01-15 22:06:29.597 [info] > git cat-file -s 55c254addf70b811b0d22ff9248f917a809231be [140ms]
2026-01-15 22:06:30.390 [info] > git check-ignore -v -z --stdin [323ms]
2026-01-15 22:06:30.841 [info] > git blame --root --incremental 1d5d7b6b41cc4d3d65521725c738364ec58e6d33 -- server/src/middlewares/auth.js [133ms]
2026-01-15 22:06:33.140 [info] > git check-ignore -v -z --stdin [72ms]
2026-01-15 22:06:33.706 [info] > git config --get commit.template [76ms]
2026-01-15 22:06:33.709 [info] > git for-each-ref --format=%(refname)%00%(upstream:short)%00%(objectname)%00%(upstream:track)%00%(upstream:remotename)%00%(upstream:remoteref) --ignore-case refs/heads/master refs/remotes/master [74ms]
2026-01-15 22:06:33.798 [info] > git status -z -uall [82ms]
2026-01-15 22:06:33.800 [info] > git for-each-ref --sort -committerdate --format %(refname)%00%(objectname)%00%(*objectname) [79ms]
