2026-01-12 22:50:16.717 [info] Extension host with pid 11940 started
2026-01-12 22:50:19.220 [info] ExtensionService#_doActivateExtension vscode.emmet, startup: false, activationEvent: 'onLanguage'
2026-01-12 22:50:19.284 [info] ExtensionService#_doActivateExtension vscode.git-base, startup: false, activationEvent: '*', root cause: google.antigravity
2026-01-12 22:50:19.380 [info] ExtensionService#_doActivateExtension vscode.git, startup: false, activationEvent: '*', root cause: google.antigravity
2026-01-12 22:50:19.582 [info] ExtensionService#_doActivateExtension vscode.github, startup: false, activationEvent: '*'
2026-01-12 22:50:19.784 [info] ExtensionService#_doActivateExtension google.antigravity, startup: false, activationEvent: '*'
2026-01-12 22:50:23.628 [info] ExtensionService#_doActivateExtension vscode.terminal-suggest, startup: false, activationEvent: 'onTerminalShellIntegration:*'
2026-01-12 22:50:24.171 [info] Eager extensions activated
2026-01-12 22:50:24.222 [info] ExtensionService#_doActivateExtension google.antigravity-browser-launcher, startup: false, activationEvent: 'onStartupFinished'
2026-01-12 22:50:24.233 [info] ExtensionService#_doActivateExtension Google LLC.antigravity-dev-containers, startup: false, activationEvent: 'onStartupFinished'
2026-01-12 22:50:24.247 [info] ExtensionService#_doActivateExtension vscode.debug-auto-launch, startup: false, activationEvent: 'onStartupFinished'
2026-01-12 22:50:24.255 [info] ExtensionService#_doActivateExtension vscode.merge-conflict, startup: false, activationEvent: 'onStartupFinished'
2026-01-12 22:50:24.321 [info] ExtensionService#_doActivateExtension esbenp.prettier-vscode, startup: false, activationEvent: 'onStartupFinished'
2026-01-12 22:50:24.532 [info] ExtensionService#_doActivateExtension henrikdev.ag-quota, startup: false, activationEvent: 'onStartupFinished'
2026-01-12 22:50:24.564 [info] ExtensionService#_doActivateExtension PKief.material-icon-theme, startup: false, activationEvent: 'onStartupFinished'
2026-01-12 22:50:24.613 [info] ExtensionService#_doActivateExtension zhuangtongfa.material-theme, startup: false, activationEvent: 'onStartupFinished'
2026-01-12 22:50:26.624 [info] ExtensionService#_doActivateExtension vscode.configuration-editing, startup: false, activationEvent: 'onLanguage:jsonc'
2026-01-12 22:50:26.662 [info] ExtensionService#_doActivateExtension vscode.json-language-features, startup: false, activationEvent: 'onLanguage:jsonc'
2026-01-12 22:50:26.846 [info] ExtensionService#_doActivateExtension vscode.typescript-language-features, startup: false, activationEvent: 'onLanguage:jsonc'
2026-01-12 22:50:36.658 [info] Extension host terminating: renderer closed the MessagePort
2026-01-12 22:50:36.714 [info] Extension host with pid 11940 exiting with code 0
