2026-01-15 21:24:05.480 [info] Reading sessions from keychain...
2026-01-15 21:24:05.507 [info] Getting sessions for all scopes...
2026-01-15 21:24:05.637 [info] Got 0 sessions for ...
2026-01-15 21:24:05.637 [info] Getting sessions for all scopes...
2026-01-15 21:24:05.637 [info] Got 0 sessions for ...
2026-01-15 21:24:05.637 [info] Getting sessions for all scopes...
2026-01-15 21:24:05.637 [info] Got 0 sessions for ...
2026-01-15 21:24:05.637 [info] Getting sessions for read:user,repo,user:email,workflow...
2026-01-15 21:24:05.637 [info] Got 0 sessions for read:user,repo,user:email,workflow...
2026-01-15 21:24:05.849 [info] Getting sessions for read:user,repo,user:email,workflow...
2026-01-15 21:24:05.849 [info] Got 0 sessions for read:user,repo,user:email,workflow...
2026-01-15 21:24:19.511 [info] Getting sessions for all scopes...
2026-01-15 21:24:19.512 [info] Got 0 sessions for ...
2026-01-15 21:24:20.055 [info] Getting sessions for all scopes...
2026-01-15 21:24:20.056 [info] Got 0 sessions for ...
2026-01-15 21:24:20.210 [info] Getting sessions for all scopes...
2026-01-15 21:24:20.210 [info] Got 0 sessions for ...
2026-01-15 21:24:20.211 [info] Getting sessions for all scopes...
2026-01-15 21:24:20.211 [info] Got 0 sessions for ...
2026-01-15 21:24:20.211 [info] Getting sessions for all scopes...
2026-01-15 21:24:20.211 [info] Got 0 sessions for ...
2026-01-15 21:24:20.213 [info] Getting sessions for all scopes...
2026-01-15 21:24:20.213 [info] Got 0 sessions for ...
2026-01-15 21:50:49.328 [info] Getting sessions for all scopes...
2026-01-15 21:50:49.328 [info] Got 0 sessions for ...
2026-01-15 22:06:41.007 [info] Getting sessions for all scopes...
2026-01-15 22:06:41.007 [info] Got 0 sessions for ...
