2026-01-12 21:59:38.504 [info] Reading sessions from keychain...
2026-01-12 21:59:38.504 [info] Getting sessions for all scopes...
2026-01-12 21:59:38.505 [info] Got 0 sessions for ...
2026-01-12 21:59:38.505 [info] Getting sessions for all scopes...
2026-01-12 21:59:38.505 [info] Got 0 sessions for ...
2026-01-12 21:59:38.505 [info] Getting sessions for all scopes...
2026-01-12 21:59:38.505 [info] Got 0 sessions for ...
2026-01-12 21:59:38.505 [info] Getting sessions for all scopes...
2026-01-12 21:59:38.505 [info] Got 0 sessions for ...
2026-01-12 21:59:38.505 [info] Getting sessions for all scopes...
2026-01-12 21:59:38.505 [info] Got 0 sessions for ...
2026-01-12 21:59:38.505 [info] Getting sessions for read:user,repo,user:email,workflow...
2026-01-12 21:59:38.505 [info] Got 0 sessions for read:user,repo,user:email,workflow...
2026-01-12 21:59:41.686 [info] Getting sessions for all scopes...
2026-01-12 21:59:41.686 [info] Got 0 sessions for ...
2026-01-12 21:59:51.434 [info] Reading sessions from keychain...
2026-01-12 21:59:51.434 [info] Getting sessions for all scopes...
2026-01-12 21:59:51.434 [info] Got 0 sessions for ...
2026-01-12 21:59:51.434 [info] Getting sessions for all scopes...
2026-01-12 21:59:51.434 [info] Got 0 sessions for ...
2026-01-12 21:59:51.434 [info] Getting sessions for all scopes...
2026-01-12 21:59:51.434 [info] Got 0 sessions for ...
2026-01-12 21:59:51.434 [info] Getting sessions for all scopes...
2026-01-12 21:59:51.434 [info] Got 0 sessions for ...
2026-01-12 21:59:51.434 [info] Getting sessions for all scopes...
2026-01-12 21:59:51.434 [info] Got 0 sessions for ...
2026-01-12 21:59:51.435 [info] Getting sessions for read:user,repo,user:email,workflow...
2026-01-12 21:59:51.435 [info] Got 0 sessions for read:user,repo,user:email,workflow...
2026-01-12 21:59:52.608 [info] Getting sessions for read:user,repo,user:email,workflow...
2026-01-12 21:59:52.609 [info] Got 0 sessions for read:user,repo,user:email,workflow...
2026-01-12 21:59:53.503 [info] Getting sessions for all scopes...
2026-01-12 21:59:53.503 [info] Got 0 sessions for ...
2026-01-12 21:59:55.577 [info] Getting sessions for all scopes...
2026-01-12 21:59:55.577 [info] Got 0 sessions for ...
2026-01-12 22:00:37.376 [info] Getting sessions for all scopes...
2026-01-12 22:00:37.376 [info] Got 0 sessions for ...
2026-01-12 22:00:51.716 [info] Reading sessions from keychain...
2026-01-12 22:00:51.716 [info] Getting sessions for all scopes...
2026-01-12 22:00:51.716 [info] Got 0 sessions for ...
2026-01-12 22:00:51.717 [info] Getting sessions for all scopes...
2026-01-12 22:00:51.717 [info] Got 0 sessions for ...
2026-01-12 22:00:51.717 [info] Getting sessions for all scopes...
2026-01-12 22:00:51.717 [info] Got 0 sessions for ...
2026-01-12 22:00:51.717 [info] Getting sessions for all scopes...
2026-01-12 22:00:51.717 [info] Got 0 sessions for ...
2026-01-12 22:00:51.717 [info] Getting sessions for all scopes...
2026-01-12 22:00:51.717 [info] Got 0 sessions for ...
2026-01-12 22:00:51.717 [info] Getting sessions for all scopes...
2026-01-12 22:00:51.717 [info] Got 0 sessions for ...
2026-01-12 22:00:52.451 [info] Getting sessions for read:user,repo,user:email,workflow...
2026-01-12 22:00:52.452 [info] Got 0 sessions for read:user,repo,user:email,workflow...
2026-01-12 22:00:53.275 [info] Getting sessions for read:user,repo,user:email,workflow...
2026-01-12 22:00:53.275 [info] Got 0 sessions for read:user,repo,user:email,workflow...
2026-01-12 22:00:54.001 [info] Getting sessions for all scopes...
2026-01-12 22:00:54.002 [info] Got 0 sessions for ...
2026-01-12 22:01:04.293 [info] Getting sessions for all scopes...
2026-01-12 22:01:04.293 [info] Got 0 sessions for ...
2026-01-12 22:01:05.369 [info] Getting sessions for all scopes...
2026-01-12 22:01:05.369 [info] Got 0 sessions for ...
2026-01-12 22:12:41.399 [info] Getting sessions for read:user,repo,user:email,workflow...
2026-01-12 22:12:41.400 [info] Got 0 sessions for read:user,repo,user:email,workflow...
